#
# A fatal error has been detected by the Java Runtime Environment:
#
#  SIGSEGV (0xb) at pc=0x00007fffc129505d, pid=9397, tid=0x0000000000000307
#
# JRE version: Java(TM) SE Runtime Environment (8.0_141-b15) (build 1.8.0_141-b15)
# Java VM: Java HotSpot(TM) 64-Bit Server VM (25.141-b15 mixed mode bsd-amd64 compressed oops)
# Problematic frame:
# C  [libobjc.A.dylib+0x705d]  objc_msgSend+0x1d
#
# Failed to write core dump. Core dumps have been disabled. To enable core dumping, try "ulimit -c unlimited" before starting Java again
#
# If you would like to submit a bug report, please visit:
#   http://bugreport.java.com/bugreport/crash.jsp
# The crash happened outside the Java Virtual Machine in native code.
# See problematic frame for where to report the bug.
#

---------------  T H R E A D  ---------------

Current thread (0x00007fda161f7000):  JavaThread "AppKit Thread" daemon [_thread_in_native, id=775, stack(0x00007fff596d2000,0x00007fff59ed2000)]

siginfo: si_signo: 11 (SIGSEGV), si_code: 1 (SEGV_MAPERR), si_addr: 0x000052ac00010028

Registers:
RAX=0x00007fda15fcd430, RBX=0x00007fda15f5a930, RCX=0x00007fda15ca60d0, RDX=0x00007fda15fcd430
RSP=0x00007fff59ecd0b8, RBP=0x00007fff59ecd0c0, RSI=0x00007fffaab81843, RDI=0x00007fda15ca60d0
R8 =0x000000000000003f, R9 =0x00007fda15fdb330, R10=0x000052ac00010010, R11=0x00007fffaab81843
R12=0x0000000000000000, R13=0x00007fda15fdb330, R14=0x00007fda15fcd430, R15=0x0000000000000000
RIP=0x00007fffc129505d, EFLAGS=0x0000000000010202, ERR=0x0000000000000004
  TRAPNO=0x000000000000000e

Top of Stack: (sp=0x00007fff59ecd0b8)
0x00007fff59ecd0b8:   00007fffac41745c 00007fff59ecd130
0x00007fff59ecd0c8:   00007fffac41735b 0000000000000000
0x00007fff59ecd0d8:   00007fffcaa85060 00000000c2000000
0x00007fff59ecd0e8:   00007fffac4173b0 00007fffc72fa680
0x00007fff59ecd0f8:   00007fda15fdb330 00007fda15fcd430
0x00007fff59ecd108:   00007fff59ecd8f8 00007fffc1295040
0x00007fff59ecd118:   00007fff59ecd200 00007fda15fdb330
0x00007fff59ecd128:   00007fffaab1905a 00007fff59ecd170
0x00007fff59ecd138:   00007fffac4170c2 00007fff59ecd740
0x00007fff59ecd148:   0000000000000001 00007fffc1295040
0x00007fff59ecd158:   00007fff59ecd200 00007fff59ecd8f8
0x00007fff59ecd168:   00007fffaab1905a 00007fff59ecd890
0x00007fff59ecd178:   00007fffac3d4523 00007fda15f00000
0x00007fff59ecd188:   0000000000000000 0000000105d4da00
0x00007fff59ecd198:   0000000000000004 00007fda15c20c20
0x00007fff59ecd1a8:   00007fffc72fbcb0 0000000000000000
0x00007fff59ecd1b8:   00007fda161f30d0 00007fda15c20c01
0x00007fff59ecd1c8:   00007fda15e38ae0 00007fffc742e0e0
0x00007fff59ecd1d8:   0000000000000000 0000000000000000
0x00007fff59ecd1e8:   0000000000000000 00007fda15e396f0
0x00007fff59ecd1f8:   00007fffc733a900 00007fff59ecd740
0x00007fff59ecd208:   0000000000000002 0000000000000100
0x00007fff59ecd218:   00007fffca9f2400 00007fff59ecd640
0x00007fff59ecd228:   0000000000000000 0000000000000100
0x00007fff59ecd238:   00007fda15f2a800 00007fff59ecd270
0x00007fff59ecd248:   00007fffac417d0c ffff8025ea0d57e0
0x00007fff59ecd258:   00007fda15f2a820 00007fffc742b640
0x00007fff59ecd268:   00007fda15f2a820 00007fff59ecd2a0
0x00007fff59ecd278:   00007fffac417d58 ffff8025ea0d57e0
0x00007fff59ecd288:   00007fda15f2a820 00007fffc742b8c0
0x00007fff59ecd298:   00007fda15f2a820 00007fff59ecd2d0
0x00007fff59ecd2a8:   00007fffac417e3b 00000000000008c0 

Instructions: (pc=0x00007fffc129505d)
0x00007fffc129503d:   0f 1f 00 48 85 ff 2e 74 62 40 f6 c7 01 2e 75 66
0x00007fffc129504d:   49 ba f8 ff ff ff ff 7f 00 00 4c 23 17 49 89 f3
0x00007fffc129505d:   45 23 5a 18 49 c1 e3 04 4d 03 5a 10 49 3b 33 75
0x00007fffc129506d:   04 41 ff 63 08 49 83 3b 01 76 0d 49 83 c3 10 49 

Register to memory mapping:

RAX=0x00007fda15fcd430 is an unknown value
RBX=0x00007fda15f5a930 is an unknown value
RCX=0x00007fda15ca60d0 is an unknown value
RDX=0x00007fda15fcd430 is an unknown value
RSP=0x00007fff59ecd0b8 is pointing into the stack for thread: 0x00007fda161f7000
RBP=0x00007fff59ecd0c0 is pointing into the stack for thread: 0x00007fda161f7000
RSI=0x00007fffaab81843: __NSStyleNameIndexTable+0xe048b in /System/Library/Frameworks/AppKit.framework/Versions/C/AppKit at 0x00007fffa9eb4000
RDI=0x00007fda15ca60d0 is an unknown value
R8 =0x000000000000003f is an unknown value
R9 =0x00007fda15fdb330 is an unknown value
R10=0x000052ac00010010 is an unknown value
R11=0x00007fffaab81843: __NSStyleNameIndexTable+0xe048b in /System/Library/Frameworks/AppKit.framework/Versions/C/AppKit at 0x00007fffa9eb4000
R12=0x0000000000000000 is an unknown value
R13=0x00007fda15fdb330 is an unknown value
R14=0x00007fda15fcd430 is an unknown value
R15=0x0000000000000000 is an unknown value


Stack: [0x00007fff596d2000,0x00007fff59ed2000],  sp=0x00007fff59ecd0b8,  free space=8172k
Native frames: (J=compiled Java code, j=interpreted, Vv=VM code, C=native code)
C  [libobjc.A.dylib+0x705d]  objc_msgSend+0x1d
C  [CoreFoundation+0x9d35b]  _CFXRegistrationPost+0x1ab
C  [CoreFoundation+0x9d0c2]  ___CFXNotificationPost_block_invoke+0x32
C  [CoreFoundation+0x5a523]  -[_CFXNotificationRegistrar find:object:observer:enumerator:]+0x723
C  [CoreFoundation+0x5955c]  _CFXNotificationPost+0x25c
C  [Foundation+0x6677]  -[NSNotificationCenter postNotificationName:object:userInfo:]+0x42
C  [AppKit+0x24ee3b]  -[NSSurface _disposeSurface]+0x98
C  [AppKit+0x24e9ea]  -[NSSurface setWindow:]+0x35
C  [AppKit+0x28960]  -[NSView _setWindow:]+0xa0f
C  [AppKit+0x2b587]  -[NSView removeFromSuperview]+0x1d1
C  [AppKit+0x14cd60]  -[NSView removeFromSuperviewWithoutNeedingDisplay]+0x26
C  [liblwjgl.dylib+0xa205]  +[MacOSXKeyableWindow destroyWindow]+0xb5
C  [Foundation+0x7152a]  __NSThreadPerformPerform+0x146
C  [CoreFoundation+0xa7321]  __CFRUNLOOP_IS_CALLING_OUT_TO_A_SOURCE0_PERFORM_FUNCTION__+0x11
C  [CoreFoundation+0x8821d]  __CFRunLoopDoSources0+0x22d
C  [CoreFoundation+0x87716]  __CFRunLoopRun+0x3a6
C  [CoreFoundation+0x87114]  CFRunLoopRunSpecific+0x1a4
C  [HIToolbox+0x30ebc]  RunCurrentEventLoopInMode+0xf0
C  [HIToolbox+0x30cf1]  ReceiveNextEventCommon+0x1b0
C  [HIToolbox+0x30b26]  _BlockUntilNextEventMatchingListInModeWithFilter+0x47
C  [AppKit+0x46a54]  _DPSNextEvent+0x460
C  [AppKit+0x7c27ee]  -[NSApplication(NSEvent) _nextEventMatchingEventMask:untilDate:inMode:dequeue:]+0xaec
C  [libosxapp.dylib+0x23aa]  -[NSApplicationAWT nextEventMatchingMask:untilDate:inMode:dequeue:]+0x7c
C  [AppKit+0x3b3db]  -[NSApplication run]+0x39e
C  [libosxapp.dylib+0x214d]  +[NSApplicationAWT runAWTLoopWithApp:]+0x9c
C  [libawt_lwawt.dylib+0x45edf]  -[AWTStarter starter:]+0x389
C  [Foundation+0x7152a]  __NSThreadPerformPerform+0x146
C  [CoreFoundation+0xa7321]  __CFRUNLOOP_IS_CALLING_OUT_TO_A_SOURCE0_PERFORM_FUNCTION__+0x11
C  [CoreFoundation+0x8821d]  __CFRunLoopDoSources0+0x22d
C  [CoreFoundation+0x87716]  __CFRunLoopRun+0x3a6
C  [CoreFoundation+0x87114]  CFRunLoopRunSpecific+0x1a4
C  [java+0x6465]  CreateExecutionEnvironment+0x367
C  [java+0x218c]  JLI_Launch+0x7a0
C  [java+0x84c2]  main+0x65
C  [java+0x19e4]  start+0x34
C  0x0000000000000006


---------------  P R O C E S S  ---------------

Java Threads: ( => current thread )
  0x00007fda179d6000 JavaThread "AWT-Shutdown" [_thread_blocked, id=29727, stack(0x0000700001749000,0x0000700001849000)]
=>0x00007fda161f7000 JavaThread "AppKit Thread" daemon [_thread_in_native, id=775, stack(0x00007fff596d2000,0x00007fff59ed2000)]
  0x00007fda17803000 JavaThread "Service Thread" daemon [_thread_blocked, id=18691, stack(0x00007000014c0000,0x00007000015c0000)]
  0x00007fda17038800 JavaThread "C1 CompilerThread2" daemon [_thread_blocked, id=18179, stack(0x00007000013bd000,0x00007000014bd000)]
  0x00007fda17004000 JavaThread "C2 CompilerThread1" daemon [_thread_blocked, id=17667, stack(0x00007000012ba000,0x00007000013ba000)]
  0x00007fda17802000 JavaThread "C2 CompilerThread0" daemon [_thread_blocked, id=17155, stack(0x00007000011b7000,0x00007000012b7000)]
  0x00007fda17800800 JavaThread "Signal Dispatcher" daemon [_thread_blocked, id=16643, stack(0x00007000010b4000,0x00007000011b4000)]
  0x00007fda1603c800 JavaThread "Finalizer" daemon [_thread_blocked, id=12547, stack(0x0000700000fb1000,0x00007000010b1000)]
  0x00007fda17035000 JavaThread "Reference Handler" daemon [_thread_blocked, id=12035, stack(0x0000700000eae000,0x0000700000fae000)]
  0x00007fda17006800 JavaThread "main" [_thread_in_native, id=7171, stack(0x000070000089c000,0x000070000099c000)]

Other Threads:
  0x00007fda16036000 VMThread [stack: 0x0000700000dab000,0x0000700000eab000] [id=11523]
  0x00007fda17049800 WatcherThread [stack: 0x00007000015c3000,0x00007000016c3000] [id=19203]

VM state:not at safepoint (normal execution)

VM Mutex/Monitor currently owned by a thread: None

Heap:
 PSYoungGen      total 38400K, used 14860K [0x0000000795580000, 0x0000000798000000, 0x00000007c0000000)
  eden space 33280K, 44% used [0x0000000795580000,0x0000000796403268,0x0000000797600000)
  from space 5120K, 0% used [0x0000000797b00000,0x0000000797b00000,0x0000000798000000)
  to   space 5120K, 0% used [0x0000000797600000,0x0000000797600000,0x0000000797b00000)
 ParOldGen       total 87552K, used 0K [0x0000000740000000, 0x0000000745580000, 0x0000000795580000)
  object space 87552K, 0% used [0x0000000740000000,0x0000000740000000,0x0000000745580000)
 Metaspace       used 7417K, capacity 7615K, committed 7808K, reserved 1056768K
  class space    used 749K, capacity 826K, committed 896K, reserved 1048576K

Card table byte_map: [0x0000000107970000,0x0000000107d71000] byte_map_base: 0x0000000103f70000

Marking Bits: (ParMarkBitMap*) 0x0000000106ef35d0
 Begin Bits: [0x000000010801c000, 0x000000010a01c000)
 End Bits:   [0x000000010a01c000, 0x000000010c01c000)

Polling page: 0x0000000105dee000

CodeCache: size=245760Kb used=3250Kb max_used=3261Kb free=242509Kb
 bounds [0x000000010ff93000, 0x00000001102d3000, 0x000000011ef93000]
 total_blobs=1189 nmethods=794 adapters=309
 compilation: enabled

Compilation events (10 events):
Event: 3.703 Thread 0x00007fda17038800  790       3       java.util.HashMap::isEmpty (13 bytes)
Event: 3.703 Thread 0x00007fda17038800 nmethod 790 0x00000001102c41d0 code [0x00000001102c4340, 0x00000001102c44f0]
Event: 3.703 Thread 0x00007fda17038800  791       3       java.util.IdentityHashMap::isEmpty (13 bytes)
Event: 3.703 Thread 0x00007fda17038800 nmethod 791 0x00000001102c3e50 code [0x00000001102c3fc0, 0x00000001102c4170]
Event: 3.739 Thread 0x00007fda17004000  792       4       org.lwjgl.opengl.GLContext::getCapabilitiesImpl (23 bytes)
Event: 3.740 Thread 0x00007fda17004000 nmethod 792 0x00000001102bef50 code [0x00000001102bf0a0, 0x00000001102bf138]
Event: 4.026 Thread 0x00007fda17038800  793       3       sun.awt.AWTAutoShutdown::isReadyToShutdown (37 bytes)
Event: 4.026 Thread 0x00007fda17038800 nmethod 793 0x00000001102c3810 code [0x00000001102c39a0, 0x00000001102c3d58]
Event: 4.037 Thread 0x00007fda17802000  794       4       java.nio.DirectByteBuffer::put (18 bytes)
Event: 4.038 Thread 0x00007fda17802000 nmethod 794 0x00000001102c0890 code [0x00000001102c09e0, 0x00000001102c0a98]

GC Heap History (0 events):
No events

Deoptimization events (1 events):
Event: 0.712 Thread 0x00007fda17006800 Uncommon trap: reason=unstable_if action=reinterpret pc=0x0000000110143d00 method=java.lang.String.replace(CC)Ljava/lang/String; @ 26

Internal exceptions (10 events):
Event: 0.099 Thread 0x00007fda17006800 Exception <a 'java/security/PrivilegedActionException'> (0x00000007956dfd00) thrown at [/Users/java_re/workspace/8-2-build-macosx-x86_64/jdk8u141/9370/hotspot/src/share/vm/prims/jvm.cpp, line 1390]
Event: 0.099 Thread 0x00007fda17006800 Exception <a 'java/security/PrivilegedActionException'> (0x00000007956dff10) thrown at [/Users/java_re/workspace/8-2-build-macosx-x86_64/jdk8u141/9370/hotspot/src/share/vm/prims/jvm.cpp, line 1390]
Event: 0.145 Thread 0x00007fda17006800 Exception <a 'java/security/PrivilegedActionException'> (0x0000000795823050) thrown at [/Users/java_re/workspace/8-2-build-macosx-x86_64/jdk8u141/9370/hotspot/src/share/vm/prims/jvm.cpp, line 1390]
Event: 0.145 Thread 0x00007fda17006800 Exception <a 'java/security/PrivilegedActionException'> (0x0000000795823260) thrown at [/Users/java_re/workspace/8-2-build-macosx-x86_64/jdk8u141/9370/hotspot/src/share/vm/prims/jvm.cpp, line 1390]
Event: 0.145 Thread 0x00007fda17006800 Exception <a 'java/security/PrivilegedActionException'> (0x0000000795826778) thrown at [/Users/java_re/workspace/8-2-build-macosx-x86_64/jdk8u141/9370/hotspot/src/share/vm/prims/jvm.cpp, line 1390]
Event: 0.145 Thread 0x00007fda17006800 Exception <a 'java/security/PrivilegedActionException'> (0x0000000795826988) thrown at [/Users/java_re/workspace/8-2-build-macosx-x86_64/jdk8u141/9370/hotspot/src/share/vm/prims/jvm.cpp, line 1390]
Event: 0.183 Thread 0x00007fda17006800 Exception <a 'java/lang/NoSuchFieldError': method resolution failed> (0x00000007958f9900) thrown at [/Users/java_re/workspace/8-2-build-macosx-x86_64/jdk8u141/9370/hotspot/src/share/vm/prims/methodHandles.cpp, line 1146]
Event: 0.185 Thread 0x00007fda17006800 Exception <a 'java/lang/NoSuchFieldError': method resolution failed> (0x0000000795907050) thrown at [/Users/java_re/workspace/8-2-build-macosx-x86_64/jdk8u141/9370/hotspot/src/share/vm/prims/methodHandles.cpp, line 1146]
Event: 0.429 Thread 0x00007fda17006800 Exception <a 'java/io/FileNotFoundException'> (0x00000007959819c8) thrown at [/Users/java_re/workspace/8-2-build-macosx-x86_64/jdk8u141/9370/hotspot/src/share/vm/prims/jni.cpp, line 709]
Event: 0.429 Thread 0x00007fda17006800 Exception <a 'java/io/FileNotFoundException'> (0x0000000795982518) thrown at [/Users/java_re/workspace/8-2-build-macosx-x86_64/jdk8u141/9370/hotspot/src/share/vm/prims/jni.cpp, line 709]

Events (10 events):
Event: 2.156 loading class java/util/ArrayList$1
Event: 2.157 loading class java/util/ArrayList$1 done
Event: 2.866 Thread 0x00007fda17006800 DEOPT PACKING pc=0x000000011024b34b sp=0x000070000099b4a0
Event: 2.866 Thread 0x00007fda17006800 DEOPT UNPACKING pc=0x000000010ffda633 sp=0x000070000099b2b8 mode 0
Event: 2.871 Thread 0x00007fda17006800 DEOPT PACKING pc=0x0000000110246013 sp=0x000070000099b4f0
Event: 2.871 Thread 0x00007fda17006800 DEOPT UNPACKING pc=0x000000010ffda633 sp=0x000070000099b2a8 mode 0
Event: 2.921 Thread 0x00007fda17006800 DEOPT PACKING pc=0x000000011024de58 sp=0x000070000099b350
Event: 2.921 Thread 0x00007fda17006800 DEOPT UNPACKING pc=0x000000010ffda633 sp=0x000070000099b108 mode 0
Event: 4.036 loading class org/lwjgl/opengl/CallbackUtil
Event: 4.036 loading class org/lwjgl/opengl/CallbackUtil done


Dynamic libraries:
0x0000000037003000 	/System/Library/Frameworks/Cocoa.framework/Versions/A/Cocoa
0x0000000037003000 	/System/Library/Frameworks/Security.framework/Versions/A/Security
0x0000000037003000 	/System/Library/Frameworks/ApplicationServices.framework/Versions/A/ApplicationServices
0x0000000037003000 	/usr/lib/libz.1.dylib
0x0000000037003000 	/usr/lib/libSystem.B.dylib
0x0000000037003000 	/usr/lib/libobjc.A.dylib
0x0000000037003000 	/System/Library/Frameworks/CoreFoundation.framework/Versions/A/CoreFoundation
0x0000000037003000 	/System/Library/Frameworks/Foundation.framework/Versions/C/Foundation
0x0000000037003000 	/System/Library/Frameworks/AppKit.framework/Versions/C/AppKit
0x0000000037003000 	/System/Library/Frameworks/CoreData.framework/Versions/A/CoreData
0x0000000037003000 	/System/Library/PrivateFrameworks/RemoteViewServices.framework/Versions/A/RemoteViewServices
0x0000000037003000 	/System/Library/PrivateFrameworks/UIFoundation.framework/Versions/A/UIFoundation
0x0000000037003000 	/System/Library/PrivateFrameworks/DFRFoundation.framework/Versions/A/DFRFoundation
0x0000000037003000 	/usr/lib/libenergytrace.dylib
0x0000000037003000 	/System/Library/PrivateFrameworks/SkyLight.framework/Versions/A/SkyLight
0x0000000037003000 	/System/Library/Frameworks/CoreGraphics.framework/Versions/A/CoreGraphics
0x0000000037003000 	/usr/lib/libScreenReader.dylib
0x0000000037003000 	/System/Library/Frameworks/Accelerate.framework/Versions/A/Accelerate
0x0000000037003000 	/System/Library/Frameworks/IOSurface.framework/Versions/A/IOSurface
0x0000000037003000 	/System/Library/Frameworks/AudioToolbox.framework/Versions/A/AudioToolbox
0x0000000037003000 	/System/Library/Frameworks/AudioUnit.framework/Versions/A/AudioUnit
0x0000000037003000 	/System/Library/PrivateFrameworks/DataDetectorsCore.framework/Versions/A/DataDetectorsCore
0x0000000037003000 	/System/Library/PrivateFrameworks/DesktopServicesPriv.framework/Versions/A/DesktopServicesPriv
0x0000000037003000 	/System/Library/Frameworks/Carbon.framework/Versions/A/Frameworks/HIToolbox.framework/Versions/A/HIToolbox
0x0000000037003000 	/usr/lib/libicucore.A.dylib
0x0000000037003000 	/System/Library/Frameworks/QuartzCore.framework/Versions/A/QuartzCore
0x0000000037003000 	/System/Library/Frameworks/Carbon.framework/Versions/A/Frameworks/SpeechRecognition.framework/Versions/A/SpeechRecognition
0x0000000037003000 	/usr/lib/libauto.dylib
0x0000000037003000 	/usr/lib/libxml2.2.dylib
0x0000000037003000 	/System/Library/PrivateFrameworks/CoreUI.framework/Versions/A/CoreUI
0x0000000037003000 	/System/Library/Frameworks/CoreAudio.framework/Versions/A/CoreAudio
0x0000000037003000 	/System/Library/Frameworks/DiskArbitration.framework/Versions/A/DiskArbitration
0x0000000037003000 	/usr/lib/liblangid.dylib
0x0000000037003000 	/System/Library/PrivateFrameworks/MultitouchSupport.framework/Versions/A/MultitouchSupport
0x0000000037003000 	/System/Library/Frameworks/IOKit.framework/Versions/A/IOKit
0x0000000037003000 	/usr/lib/libDiagnosticMessagesClient.dylib
0x0000000037003000 	/System/Library/Frameworks/CoreServices.framework/Versions/A/CoreServices
0x0000000037003000 	/System/Library/PrivateFrameworks/PerformanceAnalysis.framework/Versions/A/PerformanceAnalysis
0x0000000037003000 	/System/Library/PrivateFrameworks/GenerationalStorage.framework/Versions/A/GenerationalStorage
0x0000000037003000 	/System/Library/Frameworks/OpenGL.framework/Versions/A/OpenGL
0x0000000037003000 	/System/Library/Frameworks/CoreImage.framework/Versions/A/CoreImage
0x0000000037003000 	/System/Library/Frameworks/CoreText.framework/Versions/A/CoreText
0x0000000037003000 	/System/Library/Frameworks/ImageIO.framework/Versions/A/ImageIO
0x0000000037003000 	/System/Library/PrivateFrameworks/Backup.framework/Versions/A/Backup
0x0000000037003000 	/usr/lib/libarchive.2.dylib
0x0000000037003000 	/System/Library/Frameworks/CFNetwork.framework/Versions/A/CFNetwork
0x0000000037003000 	/System/Library/Frameworks/SystemConfiguration.framework/Versions/A/SystemConfiguration
0x0000000037003000 	/usr/lib/libCRFSuite.dylib
0x0000000037003000 	/usr/lib/libc++.1.dylib
0x0000000037003000 	/usr/lib/libc++abi.dylib
0x0000000037003000 	/usr/lib/system/libcache.dylib
0x0000000037003000 	/usr/lib/system/libcommonCrypto.dylib
0x0000000037003000 	/usr/lib/system/libcompiler_rt.dylib
0x0000000037003000 	/usr/lib/system/libcopyfile.dylib
0x0000000037003000 	/usr/lib/system/libcorecrypto.dylib
0x0000000037003000 	/usr/lib/system/libdispatch.dylib
0x0000000037003000 	/usr/lib/system/libdyld.dylib
0x0000000037003000 	/usr/lib/system/libkeymgr.dylib
0x0000000037003000 	/usr/lib/system/liblaunch.dylib
0x0000000037003000 	/usr/lib/system/libmacho.dylib
0x0000000037003000 	/usr/lib/system/libquarantine.dylib
0x0000000037003000 	/usr/lib/system/libremovefile.dylib
0x0000000037003000 	/usr/lib/system/libsystem_asl.dylib
0x0000000037003000 	/usr/lib/system/libsystem_blocks.dylib
0x0000000037003000 	/usr/lib/system/libsystem_c.dylib
0x0000000037003000 	/usr/lib/system/libsystem_configuration.dylib
0x0000000037003000 	/usr/lib/system/libsystem_coreservices.dylib
0x0000000037003000 	/usr/lib/system/libsystem_coretls.dylib
0x0000000037003000 	/usr/lib/system/libsystem_dnssd.dylib
0x0000000037003000 	/usr/lib/system/libsystem_info.dylib
0x0000000037003000 	/usr/lib/system/libsystem_kernel.dylib
0x0000000037003000 	/usr/lib/system/libsystem_m.dylib
0x0000000037003000 	/usr/lib/system/libsystem_malloc.dylib
0x0000000037003000 	/usr/lib/system/libsystem_network.dylib
0x0000000037003000 	/usr/lib/system/libsystem_networkextension.dylib
0x0000000037003000 	/usr/lib/system/libsystem_notify.dylib
0x0000000037003000 	/usr/lib/system/libsystem_platform.dylib
0x0000000037003000 	/usr/lib/system/libsystem_pthread.dylib
0x0000000037003000 	/usr/lib/system/libsystem_sandbox.dylib
0x0000000037003000 	/usr/lib/system/libsystem_secinit.dylib
0x0000000037003000 	/usr/lib/system/libsystem_symptoms.dylib
0x0000000037003000 	/usr/lib/system/libsystem_trace.dylib
0x0000000037003000 	/usr/lib/system/libunwind.dylib
0x0000000037003000 	/usr/lib/system/libxpc.dylib
0x0000000037003000 	/usr/lib/libbsm.0.dylib
0x0000000037003000 	/usr/lib/system/libkxld.dylib
0x0000000037003000 	/usr/lib/libcoretls.dylib
0x0000000037003000 	/usr/lib/libcoretls_cfhelpers.dylib
0x0000000037003000 	/usr/lib/libOpenScriptingUtil.dylib
0x0000000037003000 	/usr/lib/libpam.2.dylib
0x0000000037003000 	/usr/lib/libsqlite3.dylib
0x0000000037003000 	/usr/lib/libxar.1.dylib
0x0000000037003000 	/usr/lib/libbz2.1.0.dylib
0x0000000037003000 	/usr/lib/liblzma.5.dylib
0x0000000037003000 	/usr/lib/libnetwork.dylib
0x0000000037003000 	/usr/lib/libpcap.A.dylib
0x0000000037003000 	/System/Library/Frameworks/CoreServices.framework/Versions/A/Frameworks/FSEvents.framework/Versions/A/FSEvents
0x0000000037003000 	/System/Library/Frameworks/CoreServices.framework/Versions/A/Frameworks/CarbonCore.framework/Versions/A/CarbonCore
0x0000000037003000 	/System/Library/Frameworks/CoreServices.framework/Versions/A/Frameworks/Metadata.framework/Versions/A/Metadata
0x0000000037003000 	/System/Library/Frameworks/CoreServices.framework/Versions/A/Frameworks/OSServices.framework/Versions/A/OSServices
0x0000000037003000 	/System/Library/Frameworks/CoreServices.framework/Versions/A/Frameworks/SearchKit.framework/Versions/A/SearchKit
0x0000000037003000 	/System/Library/Frameworks/CoreServices.framework/Versions/A/Frameworks/AE.framework/Versions/A/AE
0x0000000037003000 	/System/Library/Frameworks/CoreServices.framework/Versions/A/Frameworks/LaunchServices.framework/Versions/A/LaunchServices
0x0000000037003000 	/System/Library/Frameworks/CoreServices.framework/Versions/A/Frameworks/DictionaryServices.framework/Versions/A/DictionaryServices
0x0000000037003000 	/System/Library/Frameworks/CoreServices.framework/Versions/A/Frameworks/SharedFileList.framework/Versions/A/SharedFileList
0x0000000037003000 	/System/Library/Frameworks/NetFS.framework/Versions/A/NetFS
0x0000000037003000 	/System/Library/PrivateFrameworks/NetAuth.framework/Versions/A/NetAuth
0x0000000037003000 	/System/Library/PrivateFrameworks/login.framework/Versions/A/Frameworks/loginsupport.framework/Versions/A/loginsupport
0x0000000037003000 	/System/Library/PrivateFrameworks/TCC.framework/Versions/A/TCC
0x0000000037003000 	/usr/lib/libmecabra.dylib
0x0000000037003000 	/System/Library/Frameworks/ApplicationServices.framework/Versions/A/Frameworks/ATS.framework/Versions/A/ATS
0x0000000037003000 	/System/Library/Frameworks/ApplicationServices.framework/Versions/A/Frameworks/ColorSync.framework/Versions/A/ColorSync
0x0000000037003000 	/System/Library/Frameworks/ApplicationServices.framework/Versions/A/Frameworks/HIServices.framework/Versions/A/HIServices
0x0000000037003000 	/System/Library/Frameworks/ApplicationServices.framework/Versions/A/Frameworks/LangAnalysis.framework/Versions/A/LangAnalysis
0x0000000037003000 	/System/Library/Frameworks/ApplicationServices.framework/Versions/A/Frameworks/PrintCore.framework/Versions/A/PrintCore
0x0000000037003000 	/System/Library/Frameworks/ApplicationServices.framework/Versions/A/Frameworks/QD.framework/Versions/A/QD
0x0000000037003000 	/System/Library/Frameworks/ApplicationServices.framework/Versions/A/Frameworks/SpeechSynthesis.framework/Versions/A/SpeechSynthesis
0x0000000037003000 	/System/Library/Frameworks/Accelerate.framework/Versions/A/Frameworks/vImage.framework/Versions/A/vImage
0x0000000037003000 	/System/Library/Frameworks/Accelerate.framework/Versions/A/Frameworks/vecLib.framework/Versions/A/vecLib
0x0000000037003000 	/System/Library/Frameworks/Accelerate.framework/Versions/A/Frameworks/vecLib.framework/Versions/A/libvDSP.dylib
0x0000000037003000 	/System/Library/Frameworks/Accelerate.framework/Versions/A/Frameworks/vecLib.framework/Versions/A/libBNNS.dylib
0x0000000037003000 	/System/Library/Frameworks/Accelerate.framework/Versions/A/Frameworks/vecLib.framework/Versions/A/libQuadrature.dylib
0x0000000037003000 	/System/Library/Frameworks/Accelerate.framework/Versions/A/Frameworks/vecLib.framework/Versions/A/libvMisc.dylib
0x0000000037003000 	/System/Library/Frameworks/Accelerate.framework/Versions/A/Frameworks/vecLib.framework/Versions/A/libLAPACK.dylib
0x0000000037003000 	/System/Library/Frameworks/Accelerate.framework/Versions/A/Frameworks/vecLib.framework/Versions/A/libBLAS.dylib
0x0000000037003000 	/System/Library/Frameworks/Accelerate.framework/Versions/A/Frameworks/vecLib.framework/Versions/A/libLinearAlgebra.dylib
0x0000000037003000 	/System/Library/Frameworks/Accelerate.framework/Versions/A/Frameworks/vecLib.framework/Versions/A/libSparseBLAS.dylib
0x0000000037003000 	/System/Library/Frameworks/ApplicationServices.framework/Versions/A/Frameworks/ATS.framework/Versions/A/Resources/libFontParser.dylib
0x0000000037003000 	/System/Library/Frameworks/ApplicationServices.framework/Versions/A/Frameworks/ATS.framework/Versions/A/Resources/libFontRegistry.dylib
0x0000000037003000 	/System/Library/Frameworks/ImageIO.framework/Versions/A/Resources/libJPEG.dylib
0x0000000037003000 	/System/Library/Frameworks/ImageIO.framework/Versions/A/Resources/libTIFF.dylib
0x0000000037003000 	/System/Library/Frameworks/ImageIO.framework/Versions/A/Resources/libPng.dylib
0x0000000037003000 	/System/Library/Frameworks/ImageIO.framework/Versions/A/Resources/libGIF.dylib
0x0000000037003000 	/System/Library/Frameworks/ImageIO.framework/Versions/A/Resources/libJP2.dylib
0x0000000037003000 	/System/Library/Frameworks/ImageIO.framework/Versions/A/Resources/libRadiance.dylib
0x0000000037003000 	/usr/lib/libcompression.dylib
0x0000000037003000 	/System/Library/PrivateFrameworks/AppleJPEG.framework/Versions/A/AppleJPEG
0x0000000037003000 	/usr/lib/libcups.2.dylib
0x0000000037003000 	/System/Library/Frameworks/Kerberos.framework/Versions/A/Kerberos
0x0000000037003000 	/System/Library/Frameworks/GSS.framework/Versions/A/GSS
0x0000000037003000 	/usr/lib/libresolv.9.dylib
0x0000000037003000 	/usr/lib/libiconv.2.dylib
0x0000000037003000 	/System/Library/PrivateFrameworks/Heimdal.framework/Versions/A/Heimdal
0x0000000037003000 	/usr/lib/libheimdal-asn1.dylib
0x0000000037003000 	/System/Library/Frameworks/OpenDirectory.framework/Versions/A/OpenDirectory
0x0000000037003000 	/System/Library/PrivateFrameworks/CommonAuth.framework/Versions/A/CommonAuth
0x0000000037003000 	/System/Library/Frameworks/OpenDirectory.framework/Versions/A/Frameworks/CFOpenDirectory.framework/Versions/A/CFOpenDirectory
0x0000000037003000 	/System/Library/Frameworks/SecurityFoundation.framework/Versions/A/SecurityFoundation
0x0000000037003000 	/System/Library/PrivateFrameworks/LanguageModeling.framework/Versions/A/LanguageModeling
0x0000000037003000 	/usr/lib/libmarisa.dylib
0x0000000037003000 	/usr/lib/libChineseTokenizer.dylib
0x0000000037003000 	/usr/lib/libcmph.dylib
0x0000000037003000 	/System/Library/PrivateFrameworks/CoreEmoji.framework/Versions/A/CoreEmoji
0x0000000037003000 	/System/Library/Frameworks/ServiceManagement.framework/Versions/A/ServiceManagement
0x0000000037003000 	/usr/lib/libxslt.1.dylib
0x0000000037003000 	/System/Library/Frameworks/Carbon.framework/Versions/A/Frameworks/Ink.framework/Versions/A/Ink
0x0000000037003000 	/System/Library/PrivateFrameworks/TextureIO.framework/Versions/A/TextureIO
0x0000000037003000 	/System/Library/Frameworks/Metal.framework/Versions/A/Metal
0x0000000037003000 	/usr/lib/libate.dylib
0x0000000037003000 	/System/Library/PrivateFrameworks/GPUCompiler.framework/libmetal_timestamp.dylib
0x0000000037003000 	/System/Library/Frameworks/OpenGL.framework/Versions/A/Libraries/libCoreFSCache.dylib
0x0000000037003000 	/System/Library/PrivateFrameworks/IOAccelerator.framework/Versions/A/IOAccelerator
0x0000000037003000 	/System/Library/Frameworks/CoreVideo.framework/Versions/A/CoreVideo
0x0000000037003000 	/usr/lib/libFosl_dynamic.dylib
0x0000000037003000 	/System/Library/PrivateFrameworks/MetalPerformanceShaders.framework/Versions/A/MetalPerformanceShaders
0x0000000037003000 	/System/Library/PrivateFrameworks/FaceCore.framework/Versions/A/FaceCore
0x0000000037003000 	/System/Library/Frameworks/OpenCL.framework/Versions/A/OpenCL
0x0000000037003000 	/System/Library/Frameworks/OpenGL.framework/Versions/A/Libraries/libGLU.dylib
0x0000000037003000 	/System/Library/Frameworks/OpenGL.framework/Versions/A/Libraries/libGFXShared.dylib
0x0000000037003000 	/System/Library/Frameworks/OpenGL.framework/Versions/A/Libraries/libGL.dylib
0x0000000037003000 	/System/Library/Frameworks/OpenGL.framework/Versions/A/Libraries/libGLImage.dylib
0x0000000037003000 	/System/Library/Frameworks/OpenGL.framework/Versions/A/Libraries/libCVMSPluginSupport.dylib
0x0000000037003000 	/System/Library/Frameworks/OpenGL.framework/Versions/A/Libraries/libCoreVMClient.dylib
0x0000000037003000 	/System/Library/PrivateFrameworks/CrashReporterSupport.framework/Versions/A/CrashReporterSupport
0x0000000037003000 	/System/Library/PrivateFrameworks/Sharing.framework/Versions/A/Sharing
0x0000000037003000 	/System/Library/PrivateFrameworks/IconServices.framework/Versions/A/IconServices
0x0000000037003000 	/System/Library/PrivateFrameworks/ProtocolBuffer.framework/Versions/A/ProtocolBuffer
0x0000000037003000 	/System/Library/PrivateFrameworks/Apple80211.framework/Versions/A/Apple80211
0x0000000037003000 	/System/Library/Frameworks/CoreWLAN.framework/Versions/A/CoreWLAN
0x0000000037003000 	/System/Library/PrivateFrameworks/CoreUtils.framework/Versions/A/CoreUtils
0x0000000037003000 	/System/Library/Frameworks/IOBluetooth.framework/Versions/A/IOBluetooth
0x0000000037003000 	/System/Library/PrivateFrameworks/CoreWiFi.framework/Versions/A/CoreWiFi
0x0000000037003000 	/System/Library/Frameworks/CoreBluetooth.framework/Versions/A/CoreBluetooth
0x0000000037003000 	/System/Library/Frameworks/CoreDisplay.framework/Versions/A/CoreDisplay
0x0000000037003000 	/System/Library/PrivateFrameworks/IOPresentment.framework/Versions/A/IOPresentment
0x0000000037003000 	/System/Library/PrivateFrameworks/DSExternalDisplay.framework/Versions/A/DSExternalDisplay
0x0000000037003000 	/System/Library/PrivateFrameworks/DebugSymbols.framework/Versions/A/DebugSymbols
0x0000000037003000 	/System/Library/PrivateFrameworks/CoreSymbolication.framework/Versions/A/CoreSymbolication
0x0000000037003000 	/System/Library/PrivateFrameworks/Symbolication.framework/Versions/A/Symbolication
0x0000000037003000 	/System/Library/PrivateFrameworks/AppleFSCompression.framework/Versions/A/AppleFSCompression
0x0000000037003000 	/System/Library/PrivateFrameworks/SpeechRecognitionCore.framework/Versions/A/SpeechRecognitionCore
0x0000000037003000 	/System/Library/PrivateFrameworks/ChunkingLibrary.framework/Versions/A/ChunkingLibrary
0x0000000106600000 	/Library/Java/JavaVirtualMachines/jdk1.8.0_141.jdk/Contents/Home/jre/lib/server/libjvm.dylib
0x0000000037003000 	/usr/lib/libstdc++.6.dylib
0x0000000105dab000 	/Library/Java/JavaVirtualMachines/jdk1.8.0_141.jdk/Contents/Home/jre/lib/libverify.dylib
0x0000000105db9000 	/Library/Java/JavaVirtualMachines/jdk1.8.0_141.jdk/Contents/Home/jre/lib/libjava.dylib
0x00000001075a7000 	/Library/Java/JavaVirtualMachines/jdk1.8.0_141.jdk/Contents/Home/jre/lib/libzip.dylib
0x000000010df14000 	/System/Library/Frameworks/JavaVM.framework/Frameworks/JavaRuntimeSupport.framework/JavaRuntimeSupport
0x000000010df2e000 	/System/Library/Frameworks/JavaVM.framework/Versions/A/Frameworks/JavaNativeFoundation.framework/Versions/A/JavaNativeFoundation
0x000000010df43000 	/System/Library/Frameworks/JavaVM.framework/Versions/A/JavaVM
0x0000000037003000 	/System/Library/Frameworks/Carbon.framework/Versions/A/Carbon
0x000000010df50000 	/System/Library/PrivateFrameworks/JavaLaunching.framework/Versions/A/JavaLaunching
0x0000000037003000 	/System/Library/Frameworks/Carbon.framework/Versions/A/Frameworks/CommonPanels.framework/Versions/A/CommonPanels
0x0000000037003000 	/System/Library/Frameworks/Carbon.framework/Versions/A/Frameworks/Help.framework/Versions/A/Help
0x0000000037003000 	/System/Library/Frameworks/Carbon.framework/Versions/A/Frameworks/ImageCapture.framework/Versions/A/ImageCapture
0x0000000037003000 	/System/Library/Frameworks/Carbon.framework/Versions/A/Frameworks/OpenScripting.framework/Versions/A/OpenScripting
0x0000000037003000 	/System/Library/Frameworks/Carbon.framework/Versions/A/Frameworks/Print.framework/Versions/A/Print
0x0000000037003000 	/System/Library/Frameworks/Carbon.framework/Versions/A/Frameworks/SecurityHI.framework/Versions/A/SecurityHI
0x000000010f8b5000 	/Library/Java/JavaVirtualMachines/jdk1.8.0_141.jdk/Contents/Home/jre/lib/libawt.dylib
0x000000010f95d000 	/Library/Java/JavaVirtualMachines/jdk1.8.0_141.jdk/Contents/Home/jre/lib/./libmlib_image.dylib
0x000000010fa29000 	/Library/Java/JavaVirtualMachines/jdk1.8.0_141.jdk/Contents/Home/jre/lib/libawt_lwawt.dylib
0x000000010fae0000 	/Library/Java/JavaVirtualMachines/jdk1.8.0_141.jdk/Contents/Home/jre/lib/./libosxapp.dylib
0x0000000037003000 	/System/Library/Frameworks/ExceptionHandling.framework/Versions/A/ExceptionHandling
0x0000000037003000 	/System/Library/PrivateFrameworks/CoreServicesInternal.framework/Versions/A/CoreServicesInternal
0x0000000037003000 	/System/Library/CoreServices/RawCamera.bundle/Contents/MacOS/RawCamera
0x0000000037003000 	/System/Library/Frameworks/Accelerate.framework/Versions/A/Frameworks/vImage.framework/Versions/A/Libraries/libCGInterfaces.dylib
0x0000000037003000 	/System/Library/Frameworks/ApplicationServices.framework/Versions/A/Frameworks/ATS.framework/Versions/A/Resources/libTrueTypeScaler.dylib
0x0000000120b1a000 	/System/Library/Frameworks/OpenGL.framework/Resources/GLEngine.bundle/GLEngine
0x0000000037003000 	/System/Library/Frameworks/OpenGL.framework/Versions/A/Libraries/libGLProgrammability.dylib
0x0000000120cff000 	/System/Library/Extensions/AppleIntelHD5000GraphicsGLDriver.bundle/Contents/MacOS/AppleIntelHD5000GraphicsGLDriver
0x0000000037003000 	/System/Library/PrivateFrameworks/GPUSupport.framework/Versions/A/Libraries/libGPUSupportMercury.dylib
0x000000012146d000 	/System/Library/Frameworks/OpenGL.framework/Resources//GLRendererFloat.bundle/GLRendererFloat
0x0000000037003000 	/System/Library/Frameworks/OpenCL.framework/Versions/A/Libraries/libcldcpuengine.dylib
0x0000000037003000 	/usr/lib/libcrypto.0.9.8.dylib
0x0000000037003000 	/System/Library/PrivateFrameworks/TrustEvaluationAgent.framework/Versions/A/TrustEvaluationAgent
0x00000001214a1000 	/System/Library/Extensions/AppleIntelHD5000GraphicsMTLDriver.bundle/Contents/MacOS/AppleIntelHD5000GraphicsMTLDriver
0x0000000037003000 	/System/Library/PrivateFrameworks/FamilyControls.framework/Versions/A/FamilyControls
0x0000000037003000 	/System/Library/PrivateFrameworks/CommerceKit.framework/Versions/A/Frameworks/CommerceCore.framework/Versions/A/CommerceCore
0x0000000037003000 	/System/Library/PrivateFrameworks/SystemAdministration.framework/Versions/A/SystemAdministration
0x0000000037003000 	/System/Library/PrivateFrameworks/AppContainer.framework/Versions/A/AppContainer
0x0000000037003000 	/System/Library/PrivateFrameworks/SecCodeWrapper.framework/Versions/A/SecCodeWrapper
0x0000000037003000 	/System/Library/Frameworks/DirectoryService.framework/Versions/A/DirectoryService
0x0000000037003000 	/System/Library/PrivateFrameworks/DiskImages.framework/Versions/A/DiskImages
0x0000000037003000 	/System/Library/PrivateFrameworks/LoginUIKit.framework/Versions/A/Frameworks/LoginUICore.framework/Versions/A/LoginUICore
0x0000000037003000 	/usr/lib/libCoreStorage.dylib
0x0000000037003000 	/usr/lib/libcsfde.dylib
0x0000000037003000 	/usr/lib/libodfde.dylib
0x0000000037003000 	/System/Library/Frameworks/DiscRecording.framework/Versions/A/DiscRecording
0x0000000037003000 	/usr/lib/libcurl.4.dylib
0x0000000037003000 	/System/Library/PrivateFrameworks/MediaKit.framework/Versions/A/MediaKit
0x0000000037003000 	/System/Library/PrivateFrameworks/ProtectedCloudStorage.framework/Versions/A/ProtectedCloudStorage
0x0000000037003000 	/System/Library/PrivateFrameworks/EFILogin.framework/Versions/A/EFILogin
0x0000000037003000 	/usr/lib/libutil.dylib
0x0000000037003000 	/System/Library/Frameworks/LDAP.framework/Versions/A/LDAP
0x0000000037003000 	/usr/lib/libsasl2.2.dylib
0x0000000037003000 	/System/Library/PrivateFrameworks/CoreDaemon.framework/Versions/B/CoreDaemon
0x0000000037003000 	/System/Library/PrivateFrameworks/AppleSRP.framework/Versions/A/AppleSRP
0x0000000037003000 	/System/Library/PrivateFrameworks/APFS.framework/Versions/A/APFS
0x00000001228b2000 	/Library/Java/JavaVirtualMachines/jdk1.8.0_141.jdk/Contents/Home/jre/lib/libfontmanager.dylib
0x0000000122919000 	/Users/Har/Desktop/SWEN-Proj1/lib/liblwjgl.dylib
0x000000010fefb000 	/Library/Java/JavaVirtualMachines/jdk1.8.0_141.jdk/Contents/Home/jre/lib/libjawt.dylib
0x0000000037003000 	/System/Library/PrivateFrameworks/ViewBridge.framework/Versions/A/ViewBridge
0x0000000037003000 	/System/Library/PrivateFrameworks/XPCService.framework/Versions/A/XPCService
0x0000000037003000 	/System/Library/PrivateFrameworks/AppSandbox.framework/Versions/A/AppSandbox
0x0000000037003000 	/usr/lib/libsandbox.1.dylib
0x0000000037003000 	/usr/lib/libMatch.1.dylib
0x000000012166c000 	/Users/Har/Desktop/SWEN-Proj1/lib/libjinput-osx.dylib
0x000000012418a000 	/System/Library/Extensions/IOHIDFamily.kext/Contents/PlugIns/IOHIDLib.plugin/Contents/MacOS/IOHIDLib

VM Arguments:
jvm_args: -Djava.library.path=/Users/Har/Desktop/SWEN-Proj1/lib -Dfile.encoding=UTF-8 
java_command: App
java_class_path (initial): /Users/Har/Desktop/SWEN-Proj1/bin:/Users/Har/Desktop/SWEN-Proj1/lib/jinput.jar:/Users/Har/Desktop/SWEN-Proj1/lib/lwjgl.jar:/Users/Har/Desktop/SWEN-Proj1/lib/slick.jar
Launcher Type: SUN_STANDARD

Environment Variables:
PATH=/usr/bin:/bin:/usr/sbin:/sbin
SHELL=/bin/bash

Signal Handlers:
SIGSEGV: [libjvm.dylib+0x5b26e5], sa_mask[0]=11111111011111110111111111111111, sa_flags=SA_ONSTACK|SA_RESTART|SA_SIGINFO
SIGBUS: [libjvm.dylib+0x5b26e5], sa_mask[0]=11111111011111110111111111111111, sa_flags=SA_RESTART|SA_SIGINFO
SIGFPE: [libjvm.dylib+0x489100], sa_mask[0]=11111111011111110111111111111111, sa_flags=SA_RESTART|SA_SIGINFO
SIGPIPE: [libjvm.dylib+0x489100], sa_mask[0]=11111111011111110111111111111111, sa_flags=SA_RESTART|SA_SIGINFO
SIGXFSZ: [libjvm.dylib+0x489100], sa_mask[0]=11111111011111110111111111111111, sa_flags=SA_RESTART|SA_SIGINFO
SIGILL: [libjvm.dylib+0x489100], sa_mask[0]=11111111011111110111111111111111, sa_flags=SA_RESTART|SA_SIGINFO
SIGUSR1: SIG_DFL, sa_mask[0]=00000000000000000000000000000000, sa_flags=none
SIGUSR2: [libjvm.dylib+0x488c1e], sa_mask[0]=00100000000000000000000000000000, sa_flags=SA_RESTART|SA_SIGINFO
SIGHUP: [libjvm.dylib+0x4871f5], sa_mask[0]=11111111011111110111111111111111, sa_flags=SA_RESTART|SA_SIGINFO
SIGINT: [libjvm.dylib+0x4871f5], sa_mask[0]=11111111011111110111111111111111, sa_flags=SA_RESTART|SA_SIGINFO
SIGTERM: [libjvm.dylib+0x4871f5], sa_mask[0]=11111111011111110111111111111111, sa_flags=SA_RESTART|SA_SIGINFO
SIGQUIT: [libjvm.dylib+0x4871f5], sa_mask[0]=11111111011111110111111111111111, sa_flags=SA_RESTART|SA_SIGINFO


---------------  S Y S T E M  ---------------

OS:Bsduname:Darwin 16.7.0 Darwin Kernel Version 16.7.0: Thu Jun 15 17:36:27 PDT 2017; root:xnu-3789.70.16~2/RELEASE_X86_64 x86_64
rlimit: STACK 8192k, CORE 0k, NPROC 709, NOFILE 10240, AS infinity
load average:1.69 1.68 1.91

CPU:total 4 (initial active 4) (2 cores per cpu, 2 threads per core) family 6 model 69 stepping 1, cmov, cx8, fxsr, mmx, sse, sse2, sse3, ssse3, sse4.1, sse4.2, popcnt, avx, avx2, aes, clmul, erms, lzcnt, ht, tsc, tscinvbit, bmi1, bmi2

Memory: 4k page, physical 8388608k(3335396k free)

/proc/meminfo:


vm_info: Java HotSpot(TM) 64-Bit Server VM (25.141-b15) for bsd-amd64 JRE (1.8.0_141-b15), built on Jul 12 2017 04:35:23 by "java_re" with gcc 4.2.1 (Based on Apple Inc. build 5658) (LLVM build 2336.11.00)

time: Mon Oct  9 17:27:49 2017
elapsed time: 4 seconds (0d 0h 0m 4s)

