#
# A fatal error has been detected by the Java Runtime Environment:
#
#  SIGSEGV (0xb) at pc=0x00007fffc129505d, pid=11883, tid=0x0000000000000307
#
# JRE version: Java(TM) SE Runtime Environment (8.0_141-b15) (build 1.8.0_141-b15)
# Java VM: Java HotSpot(TM) 64-Bit Server VM (25.141-b15 mixed mode bsd-amd64 compressed oops)
# Problematic frame:
# C  [libobjc.A.dylib+0x705d]  objc_msgSend+0x1d
#
# Failed to write core dump. Core dumps have been disabled. To enable core dumping, try "ulimit -c unlimited" before starting Java again
#
# If you would like to submit a bug report, please visit:
#   http://bugreport.java.com/bugreport/crash.jsp
# The crash happened outside the Java Virtual Machine in native code.
# See problematic frame for where to report the bug.
#

---------------  T H R E A D  ---------------

Current thread (0x00007fc7570a2800):  JavaThread "AppKit Thread" daemon [_thread_in_native, id=775, stack(0x00007fff51b92000,0x00007fff52392000)]

siginfo: si_signo: 11 (SIGSEGV), si_code: 1 (SEGV_MAPERR), si_addr: 0x0000000000000018

Registers:
RAX=0x00007fc756d86000, RBX=0x00007fc756d913d0, RCX=0x00007fc756e4f730, RDX=0x00007fc756d86000
RSP=0x00007fff5238d0b8, RBP=0x00007fff5238d0c0, RSI=0x00007fffaab81843, RDI=0x00007fc756e4f730
R8 =0x000000000000003f, R9 =0x00007fc756d916c0, R10=0x0000000000000000, R11=0x00007fffaab81843
R12=0x0000000000000000, R13=0x00007fc756d916c0, R14=0x00007fc756d86000, R15=0x0000000000000000
RIP=0x00007fffc129505d, EFLAGS=0x0000000000010246, ERR=0x0000000000000004
  TRAPNO=0x000000000000000e

Top of Stack: (sp=0x00007fff5238d0b8)
0x00007fff5238d0b8:   00007fffac41745c 00007fff5238d130
0x00007fff5238d0c8:   00007fffac41735b 0000000000000000
0x00007fff5238d0d8:   00007fffcaa85060 00000000c2000000
0x00007fff5238d0e8:   00007fffac4173b0 00007fffc72fa680
0x00007fff5238d0f8:   00007fc756d916c0 00007fc756d86000
0x00007fff5238d108:   00007fff5238d8f8 00007fffc1295040
0x00007fff5238d118:   00007fff5238d200 00007fc756d916c0
0x00007fff5238d128:   00007fffaab1905a 00007fff5238d170
0x00007fff5238d138:   00007fffac4170c2 00007fff5238d740
0x00007fff5238d148:   0000000000000001 00007fffc1295040
0x00007fff5238d158:   00007fff5238d200 00007fff5238d8f8
0x00007fff5238d168:   00007fffaab1905a 00007fff5238d890
0x00007fff5238d178:   00007fffac3d4523 00007fc756f00000
0x00007fff5238d188:   0000000000000002 000000010d88ee00
0x00007fff5238d198:   0000000000000004 00007fc756c1ae60
0x00007fff5238d1a8:   00007fffc72fbcb0 0000000000000000
0x00007fff5238d1b8:   00007fc7578b10d0 00007fc756c1ae01
0x00007fff5238d1c8:   00007fc756fd6950 00007fffc742e0e0
0x00007fff5238d1d8:   0000000000000000 0000000000000000
0x00007fff5238d1e8:   0000000000000000 00007fc756fd74b0
0x00007fff5238d1f8:   00007fffc733a900 00007fff5238d740
0x00007fff5238d208:   0000000000000002 0000000000000100
0x00007fff5238d218:   00007fffca9f2400 00007fff5238d640
0x00007fff5238d228:   0000000000000000 0000000000000100
0x00007fff5238d238:   00007fc756f74d00 00007fff5238d270
0x00007fff5238d248:   00007fffac417d0c ffff8038a908b260
0x00007fff5238d258:   00007fc756f74da0 00007fffc742b640
0x00007fff5238d268:   00007fc756f74da0 00007fff5238d2a0
0x00007fff5238d278:   00007fffac417d58 ffff8038a908b260
0x00007fff5238d288:   00007fc756f74da0 00007fffc742b8c0
0x00007fff5238d298:   00007fc756f74da0 00007fff5238d2d0
0x00007fff5238d2a8:   00007fffac417e3b 0000000000000840 

Instructions: (pc=0x00007fffc129505d)
0x00007fffc129503d:   0f 1f 00 48 85 ff 2e 74 62 40 f6 c7 01 2e 75 66
0x00007fffc129504d:   49 ba f8 ff ff ff ff 7f 00 00 4c 23 17 49 89 f3
0x00007fffc129505d:   45 23 5a 18 49 c1 e3 04 4d 03 5a 10 49 3b 33 75
0x00007fffc129506d:   04 41 ff 63 08 49 83 3b 01 76 0d 49 83 c3 10 49 

Register to memory mapping:

RAX=0x00007fc756d86000 is an unknown value
RBX=0x00007fc756d913d0 is an unknown value
RCX=0x00007fc756e4f730 is an unknown value
RDX=0x00007fc756d86000 is an unknown value
RSP=0x00007fff5238d0b8 is pointing into the stack for thread: 0x00007fc7570a2800
RBP=0x00007fff5238d0c0 is pointing into the stack for thread: 0x00007fc7570a2800
RSI=0x00007fffaab81843: __NSStyleNameIndexTable+0xe048b in /System/Library/Frameworks/AppKit.framework/Versions/C/AppKit at 0x00007fffa9eb4000
RDI=0x00007fc756e4f730 is an unknown value
R8 =0x000000000000003f is an unknown value
R9 =0x00007fc756d916c0 is an unknown value
R10=0x0000000000000000 is an unknown value
R11=0x00007fffaab81843: __NSStyleNameIndexTable+0xe048b in /System/Library/Frameworks/AppKit.framework/Versions/C/AppKit at 0x00007fffa9eb4000
R12=0x0000000000000000 is an unknown value
R13=0x00007fc756d916c0 is an unknown value
R14=0x00007fc756d86000 is an unknown value
R15=0x0000000000000000 is an unknown value


Stack: [0x00007fff51b92000,0x00007fff52392000],  sp=0x00007fff5238d0b8,  free space=8172k
Native frames: (J=compiled Java code, j=interpreted, Vv=VM code, C=native code)
C  [libobjc.A.dylib+0x705d]  objc_msgSend+0x1d
C  [CoreFoundation+0x9d35b]  _CFXRegistrationPost+0x1ab
C  [CoreFoundation+0x9d0c2]  ___CFXNotificationPost_block_invoke+0x32
C  [CoreFoundation+0x5a523]  -[_CFXNotificationRegistrar find:object:observer:enumerator:]+0x723
C  [CoreFoundation+0x5955c]  _CFXNotificationPost+0x25c
C  [Foundation+0x6677]  -[NSNotificationCenter postNotificationName:object:userInfo:]+0x42
C  [AppKit+0x24ee3b]  -[NSSurface _disposeSurface]+0x98
C  [AppKit+0x24e9ea]  -[NSSurface setWindow:]+0x35
C  [AppKit+0x28960]  -[NSView _setWindow:]+0xa0f
C  [AppKit+0x2b587]  -[NSView removeFromSuperview]+0x1d1
C  [AppKit+0x14cd60]  -[NSView removeFromSuperviewWithoutNeedingDisplay]+0x26
C  [liblwjgl.dylib+0xa205]  +[MacOSXKeyableWindow destroyWindow]+0xb5
C  [Foundation+0x7152a]  __NSThreadPerformPerform+0x146
C  [CoreFoundation+0xa7321]  __CFRUNLOOP_IS_CALLING_OUT_TO_A_SOURCE0_PERFORM_FUNCTION__+0x11
C  [CoreFoundation+0x8821d]  __CFRunLoopDoSources0+0x22d
C  [CoreFoundation+0x87716]  __CFRunLoopRun+0x3a6
C  [CoreFoundation+0x87114]  CFRunLoopRunSpecific+0x1a4
C  [HIToolbox+0x30ebc]  RunCurrentEventLoopInMode+0xf0
C  [HIToolbox+0x30cf1]  ReceiveNextEventCommon+0x1b0
C  [HIToolbox+0x30b26]  _BlockUntilNextEventMatchingListInModeWithFilter+0x47
C  [AppKit+0x46a54]  _DPSNextEvent+0x460
C  [AppKit+0x7c27ee]  -[NSApplication(NSEvent) _nextEventMatchingEventMask:untilDate:inMode:dequeue:]+0xaec
C  [libosxapp.dylib+0x23aa]  -[NSApplicationAWT nextEventMatchingMask:untilDate:inMode:dequeue:]+0x7c
C  [AppKit+0x3b3db]  -[NSApplication run]+0x39e
C  [libosxapp.dylib+0x214d]  +[NSApplicationAWT runAWTLoopWithApp:]+0x9c
C  [libawt_lwawt.dylib+0x45edf]  -[AWTStarter starter:]+0x389
C  [Foundation+0x7152a]  __NSThreadPerformPerform+0x146
C  [CoreFoundation+0xa7321]  __CFRUNLOOP_IS_CALLING_OUT_TO_A_SOURCE0_PERFORM_FUNCTION__+0x11
C  [CoreFoundation+0x8821d]  __CFRunLoopDoSources0+0x22d
C  [CoreFoundation+0x87716]  __CFRunLoopRun+0x3a6
C  [CoreFoundation+0x87114]  CFRunLoopRunSpecific+0x1a4
C  [java+0x6465]  CreateExecutionEnvironment+0x367
C  [java+0x218c]  JLI_Launch+0x7a0
C  [java+0x84c2]  main+0x65
C  [java+0x19e4]  start+0x34
C  0x0000000000000006


---------------  P R O C E S S  ---------------

Java Threads: ( => current thread )
  0x00007fc7582c4000 JavaThread "AWT-Shutdown" [_thread_blocked, id=29959, stack(0x0000700001fac000,0x00007000020ac000)]
=>0x00007fc7570a2800 JavaThread "AppKit Thread" daemon [_thread_in_native, id=775, stack(0x00007fff51b92000,0x00007fff52392000)]
  0x00007fc757046800 JavaThread "Service Thread" daemon [_thread_blocked, id=18691, stack(0x0000700001d23000,0x0000700001e23000)]
  0x00007fc75880b000 JavaThread "C1 CompilerThread2" daemon [_thread_blocked, id=18179, stack(0x0000700001c20000,0x0000700001d20000)]
  0x00007fc75880a000 JavaThread "C2 CompilerThread1" daemon [_thread_blocked, id=17667, stack(0x0000700001b1d000,0x0000700001c1d000)]
  0x00007fc75882e800 JavaThread "C2 CompilerThread0" daemon [_thread_blocked, id=17155, stack(0x0000700001a1a000,0x0000700001b1a000)]
  0x00007fc757049800 JavaThread "Signal Dispatcher" daemon [_thread_blocked, id=16643, stack(0x0000700001917000,0x0000700001a17000)]
  0x00007fc757027800 JavaThread "Finalizer" daemon [_thread_blocked, id=12547, stack(0x0000700001814000,0x0000700001914000)]
  0x00007fc757819000 JavaThread "Reference Handler" daemon [_thread_blocked, id=12035, stack(0x0000700001711000,0x0000700001811000)]
  0x00007fc757802000 JavaThread "main" [_thread_in_native, id=7171, stack(0x00007000010ff000,0x00007000011ff000)]

Other Threads:
  0x00007fc757025000 VMThread [stack: 0x000070000160e000,0x000070000170e000] [id=11523]
  0x00007fc75705c800 WatcherThread [stack: 0x0000700001e26000,0x0000700001f26000] [id=19203]

VM state:not at safepoint (normal execution)

VM Mutex/Monitor currently owned by a thread: None

Heap:
 PSYoungGen      total 38400K, used 15551K [0x0000000795580000, 0x0000000798000000, 0x00000007c0000000)
  eden space 33280K, 46% used [0x0000000795580000,0x00000007964aff38,0x0000000797600000)
  from space 5120K, 0% used [0x0000000797b00000,0x0000000797b00000,0x0000000798000000)
  to   space 5120K, 0% used [0x0000000797600000,0x0000000797600000,0x0000000797b00000)
 ParOldGen       total 87552K, used 0K [0x0000000740000000, 0x0000000745580000, 0x0000000795580000)
  object space 87552K, 0% used [0x0000000740000000,0x0000000740000000,0x0000000745580000)
 Metaspace       used 7489K, capacity 7679K, committed 7808K, reserved 1056768K
  class space    used 754K, capacity 826K, committed 896K, reserved 1048576K

Card table byte_map: [0x000000010f567000,0x000000010f968000] byte_map_base: 0x000000010bb67000

Marking Bits: (ParMarkBitMap*) 0x000000010eaf35d0
 Begin Bits: [0x0000000121ea2000, 0x0000000123ea2000)
 End Bits:   [0x0000000123ea2000, 0x0000000125ea2000)

Polling page: 0x000000010d92e000

CodeCache: size=245760Kb used=3431Kb max_used=3437Kb free=242328Kb
 bounds [0x0000000112ea2000, 0x0000000113202000, 0x0000000121ea2000]
 total_blobs=1288 nmethods=893 adapters=309
 compilation: enabled

Compilation events (10 events):
Event: 9.482 Thread 0x00007fc75880b000  887       3       java.nio.Bits::getIntB (30 bytes)
Event: 9.482 Thread 0x00007fc75880b000 nmethod 887 0x00000001131f8e10 code [0x00000001131f8fc0, 0x00000001131f94b8]
Event: 9.489 Thread 0x00007fc75882e800  888 %     4       World::update @ 11 (88 bytes)
Event: 9.526 Thread 0x00007fc75882e800 nmethod 888% 0x00000001131fcb10 code [0x00000001131fcda0, 0x00000001131fd8d0]
Event: 9.709 Thread 0x00007fc75880a000  889       4       java.util.HashMap::keySet (25 bytes)
Event: 9.710 Thread 0x00007fc75880a000 nmethod 889 0x00000001131f3ad0 code [0x00000001131f3c20, 0x00000001131f3d18]
Event: 9.844 Thread 0x00007fc75880b000  891       3       sun.awt.AWTAutoShutdown::getInstance (4 bytes)
Event: 9.844 Thread 0x00007fc75880b000 nmethod 891 0x00000001131f8490 code [0x00000001131f85e0, 0x00000001131f8710]
Event: 9.845 Thread 0x00007fc75880b000  892   !   3       sun.awt.AWTAutoShutdown::setToolkitBusy (124 bytes)
Event: 9.846 Thread 0x00007fc75880b000 nmethod 892 0x00000001131fbcd0 code [0x00000001131fbea0, 0x00000001131fc748]

GC Heap History (0 events):
No events

Deoptimization events (8 events):
Event: 0.704 Thread 0x00007fc757802000 Uncommon trap: reason=unstable_if action=reinterpret pc=0x0000000113053bc0 method=java.lang.String.replace(CC)Ljava/lang/String; @ 26
Event: 6.547 Thread 0x00007fc757802000 Uncommon trap: reason=unstable_if action=reinterpret pc=0x00000001131d2dfc method=World.update(Lorg/newdawn/slick/Input;I)V @ 57
Event: 6.552 Thread 0x00007fc757802000 Uncommon trap: reason=predicate action=maybe_recompile pc=0x00000001131ccea8 method=java.util.ArrayList.batchRemove(Ljava/util/Collection;Z)Z @ 23
Event: 6.552 Thread 0x00007fc757802000 Uncommon trap: reason=unstable_if action=reinterpret pc=0x0000000113148610 method=java.util.ArrayList.indexOf(Ljava/lang/Object;)I @ 41
Event: 6.552 Thread 0x00007fc757802000 Uncommon trap: reason=unstable_if action=reinterpret pc=0x00000001131488d4 method=java.util.ArrayList.indexOf(Ljava/lang/Object;)I @ 41
Event: 6.571 Thread 0x00007fc757802000 Uncommon trap: reason=unstable_if action=reinterpret pc=0x00000001131bd870 method=World.getSpriteOfType(Ljava/lang/String;)LSprite; @ 43
Event: 6.579 Thread 0x00007fc757802000 Uncommon trap: reason=unstable_if action=reinterpret pc=0x00000001131ba580 method=java.util.ArrayList.indexOf(Ljava/lang/Object;)I @ 41
Event: 8.116 Thread 0x00007fc7578b8000 Uncommon trap: reason=unstable_if action=reinterpret pc=0x00000001131d1c98 method=java.util.HashMap$HashIterator.<init>(Ljava/util/HashMap;)V @ 38

Internal exceptions (10 events):
Event: 0.125 Thread 0x00007fc757802000 Exception <a 'java/security/PrivilegedActionException'> (0x00000007956dff10) thrown at [/Users/java_re/workspace/8-2-build-macosx-x86_64/jdk8u141/9370/hotspot/src/share/vm/prims/jvm.cpp, line 1390]
Event: 0.170 Thread 0x00007fc757802000 Exception <a 'java/security/PrivilegedActionException'> (0x0000000795823e68) thrown at [/Users/java_re/workspace/8-2-build-macosx-x86_64/jdk8u141/9370/hotspot/src/share/vm/prims/jvm.cpp, line 1390]
Event: 0.170 Thread 0x00007fc757802000 Exception <a 'java/security/PrivilegedActionException'> (0x0000000795824078) thrown at [/Users/java_re/workspace/8-2-build-macosx-x86_64/jdk8u141/9370/hotspot/src/share/vm/prims/jvm.cpp, line 1390]
Event: 0.170 Thread 0x00007fc757802000 Exception <a 'java/security/PrivilegedActionException'> (0x0000000795827590) thrown at [/Users/java_re/workspace/8-2-build-macosx-x86_64/jdk8u141/9370/hotspot/src/share/vm/prims/jvm.cpp, line 1390]
Event: 0.170 Thread 0x00007fc757802000 Exception <a 'java/security/PrivilegedActionException'> (0x00000007958277a0) thrown at [/Users/java_re/workspace/8-2-build-macosx-x86_64/jdk8u141/9370/hotspot/src/share/vm/prims/jvm.cpp, line 1390]
Event: 0.210 Thread 0x00007fc757802000 Exception <a 'java/lang/NoSuchFieldError': method resolution failed> (0x00000007958fb4b0) thrown at [/Users/java_re/workspace/8-2-build-macosx-x86_64/jdk8u141/9370/hotspot/src/share/vm/prims/methodHandles.cpp, line 1146]
Event: 0.212 Thread 0x00007fc757802000 Exception <a 'java/lang/NoSuchFieldError': method resolution failed> (0x0000000795908c00) thrown at [/Users/java_re/workspace/8-2-build-macosx-x86_64/jdk8u141/9370/hotspot/src/share/vm/prims/methodHandles.cpp, line 1146]
Event: 0.482 Thread 0x00007fc757802000 Exception <a 'java/io/FileNotFoundException'> (0x00000007959835e0) thrown at [/Users/java_re/workspace/8-2-build-macosx-x86_64/jdk8u141/9370/hotspot/src/share/vm/prims/jni.cpp, line 709]
Event: 0.482 Thread 0x00007fc757802000 Exception <a 'java/io/FileNotFoundException'> (0x0000000795984130) thrown at [/Users/java_re/workspace/8-2-build-macosx-x86_64/jdk8u141/9370/hotspot/src/share/vm/prims/jni.cpp, line 709]
Event: 8.116 Thread 0x00007fc7578b8000 Implicit null exception at 0x00000001131d1ac3 to 0x00000001131d1c81

Events (10 events):
Event: 8.116 Thread 0x00007fc7578b8000 Thread exited: 0x00007fc7578b8000
Event: 8.180 Thread 0x00007fc757802000 DEOPT PACKING pc=0x000000011315d918 sp=0x00007000011fe3d0
Event: 8.180 Thread 0x00007fc757802000 DEOPT UNPACKING pc=0x0000000112ee9633 sp=0x00007000011fe168 mode 0
Event: 8.622 Thread 0x00007fc757802000 DEOPT PACKING pc=0x000000011315d918 sp=0x00007000011fe3d0
Event: 8.622 Thread 0x00007fc757802000 DEOPT UNPACKING pc=0x0000000112ee9633 sp=0x00007000011fe168 mode 0
Event: 8.941 Thread 0x00007fc7582c4000 Thread added: 0x00007fc7582c4000
Event: 9.170 Thread 0x00007fc757802000 DEOPT PACKING pc=0x000000011315d918 sp=0x00007000011fe3d0
Event: 9.170 Thread 0x00007fc757802000 DEOPT UNPACKING pc=0x0000000112ee9633 sp=0x00007000011fe168 mode 0
Event: 9.873 loading class org/lwjgl/opengl/CallbackUtil
Event: 9.873 loading class org/lwjgl/opengl/CallbackUtil done


Dynamic libraries:
0x0000000037003000 	/System/Library/Frameworks/Cocoa.framework/Versions/A/Cocoa
0x0000000037003000 	/System/Library/Frameworks/Security.framework/Versions/A/Security
0x0000000037003000 	/System/Library/Frameworks/ApplicationServices.framework/Versions/A/ApplicationServices
0x0000000037003000 	/usr/lib/libz.1.dylib
0x0000000037003000 	/usr/lib/libSystem.B.dylib
0x0000000037003000 	/usr/lib/libobjc.A.dylib
0x0000000037003000 	/System/Library/Frameworks/CoreFoundation.framework/Versions/A/CoreFoundation
0x0000000037003000 	/System/Library/Frameworks/Foundation.framework/Versions/C/Foundation
0x0000000037003000 	/System/Library/Frameworks/AppKit.framework/Versions/C/AppKit
0x0000000037003000 	/System/Library/Frameworks/CoreData.framework/Versions/A/CoreData
0x0000000037003000 	/System/Library/PrivateFrameworks/RemoteViewServices.framework/Versions/A/RemoteViewServices
0x0000000037003000 	/System/Library/PrivateFrameworks/UIFoundation.framework/Versions/A/UIFoundation
0x0000000037003000 	/System/Library/PrivateFrameworks/DFRFoundation.framework/Versions/A/DFRFoundation
0x0000000037003000 	/usr/lib/libenergytrace.dylib
0x0000000037003000 	/System/Library/PrivateFrameworks/SkyLight.framework/Versions/A/SkyLight
0x0000000037003000 	/System/Library/Frameworks/CoreGraphics.framework/Versions/A/CoreGraphics
0x0000000037003000 	/usr/lib/libScreenReader.dylib
0x0000000037003000 	/System/Library/Frameworks/Accelerate.framework/Versions/A/Accelerate
0x0000000037003000 	/System/Library/Frameworks/IOSurface.framework/Versions/A/IOSurface
0x0000000037003000 	/System/Library/Frameworks/AudioToolbox.framework/Versions/A/AudioToolbox
0x0000000037003000 	/System/Library/Frameworks/AudioUnit.framework/Versions/A/AudioUnit
0x0000000037003000 	/System/Library/PrivateFrameworks/DataDetectorsCore.framework/Versions/A/DataDetectorsCore
0x0000000037003000 	/System/Library/PrivateFrameworks/DesktopServicesPriv.framework/Versions/A/DesktopServicesPriv
0x0000000037003000 	/System/Library/Frameworks/Carbon.framework/Versions/A/Frameworks/HIToolbox.framework/Versions/A/HIToolbox
0x0000000037003000 	/usr/lib/libicucore.A.dylib
0x0000000037003000 	/System/Library/Frameworks/QuartzCore.framework/Versions/A/QuartzCore
0x0000000037003000 	/System/Library/Frameworks/Carbon.framework/Versions/A/Frameworks/SpeechRecognition.framework/Versions/A/SpeechRecognition
0x0000000037003000 	/usr/lib/libauto.dylib
0x0000000037003000 	/usr/lib/libxml2.2.dylib
0x0000000037003000 	/System/Library/PrivateFrameworks/CoreUI.framework/Versions/A/CoreUI
0x0000000037003000 	/System/Library/Frameworks/CoreAudio.framework/Versions/A/CoreAudio
0x0000000037003000 	/System/Library/Frameworks/DiskArbitration.framework/Versions/A/DiskArbitration
0x0000000037003000 	/usr/lib/liblangid.dylib
0x0000000037003000 	/System/Library/PrivateFrameworks/MultitouchSupport.framework/Versions/A/MultitouchSupport
0x0000000037003000 	/System/Library/Frameworks/IOKit.framework/Versions/A/IOKit
0x0000000037003000 	/usr/lib/libDiagnosticMessagesClient.dylib
0x0000000037003000 	/System/Library/Frameworks/CoreServices.framework/Versions/A/CoreServices
0x0000000037003000 	/System/Library/PrivateFrameworks/PerformanceAnalysis.framework/Versions/A/PerformanceAnalysis
0x0000000037003000 	/System/Library/PrivateFrameworks/GenerationalStorage.framework/Versions/A/GenerationalStorage
0x0000000037003000 	/System/Library/Frameworks/OpenGL.framework/Versions/A/OpenGL
0x0000000037003000 	/System/Library/Frameworks/CoreImage.framework/Versions/A/CoreImage
0x0000000037003000 	/System/Library/Frameworks/CoreText.framework/Versions/A/CoreText
0x0000000037003000 	/System/Library/Frameworks/ImageIO.framework/Versions/A/ImageIO
0x0000000037003000 	/System/Library/PrivateFrameworks/Backup.framework/Versions/A/Backup
0x0000000037003000 	/usr/lib/libarchive.2.dylib
0x0000000037003000 	/System/Library/Frameworks/CFNetwork.framework/Versions/A/CFNetwork
0x0000000037003000 	/System/Library/Frameworks/SystemConfiguration.framework/Versions/A/SystemConfiguration
0x0000000037003000 	/usr/lib/libCRFSuite.dylib
0x0000000037003000 	/usr/lib/libc++.1.dylib
0x0000000037003000 	/usr/lib/libc++abi.dylib
0x0000000037003000 	/usr/lib/system/libcache.dylib
0x0000000037003000 	/usr/lib/system/libcommonCrypto.dylib
0x0000000037003000 	/usr/lib/system/libcompiler_rt.dylib
0x0000000037003000 	/usr/lib/system/libcopyfile.dylib
0x0000000037003000 	/usr/lib/system/libcorecrypto.dylib
0x0000000037003000 	/usr/lib/system/libdispatch.dylib
0x0000000037003000 	/usr/lib/system/libdyld.dylib
0x0000000037003000 	/usr/lib/system/libkeymgr.dylib
0x0000000037003000 	/usr/lib/system/liblaunch.dylib
0x0000000037003000 	/usr/lib/system/libmacho.dylib
0x0000000037003000 	/usr/lib/system/libquarantine.dylib
0x0000000037003000 	/usr/lib/system/libremovefile.dylib
0x0000000037003000 	/usr/lib/system/libsystem_asl.dylib
0x0000000037003000 	/usr/lib/system/libsystem_blocks.dylib
0x0000000037003000 	/usr/lib/system/libsystem_c.dylib
0x0000000037003000 	/usr/lib/system/libsystem_configuration.dylib
0x0000000037003000 	/usr/lib/system/libsystem_coreservices.dylib
0x0000000037003000 	/usr/lib/system/libsystem_coretls.dylib
0x0000000037003000 	/usr/lib/system/libsystem_dnssd.dylib
0x0000000037003000 	/usr/lib/system/libsystem_info.dylib
0x0000000037003000 	/usr/lib/system/libsystem_kernel.dylib
0x0000000037003000 	/usr/lib/system/libsystem_m.dylib
0x0000000037003000 	/usr/lib/system/libsystem_malloc.dylib
0x0000000037003000 	/usr/lib/system/libsystem_network.dylib
0x0000000037003000 	/usr/lib/system/libsystem_networkextension.dylib
0x0000000037003000 	/usr/lib/system/libsystem_notify.dylib
0x0000000037003000 	/usr/lib/system/libsystem_platform.dylib
0x0000000037003000 	/usr/lib/system/libsystem_pthread.dylib
0x0000000037003000 	/usr/lib/system/libsystem_sandbox.dylib
0x0000000037003000 	/usr/lib/system/libsystem_secinit.dylib
0x0000000037003000 	/usr/lib/system/libsystem_symptoms.dylib
0x0000000037003000 	/usr/lib/system/libsystem_trace.dylib
0x0000000037003000 	/usr/lib/system/libunwind.dylib
0x0000000037003000 	/usr/lib/system/libxpc.dylib
0x0000000037003000 	/usr/lib/libbsm.0.dylib
0x0000000037003000 	/usr/lib/system/libkxld.dylib
0x0000000037003000 	/usr/lib/libcoretls.dylib
0x0000000037003000 	/usr/lib/libcoretls_cfhelpers.dylib
0x0000000037003000 	/usr/lib/libOpenScriptingUtil.dylib
0x0000000037003000 	/usr/lib/libpam.2.dylib
0x0000000037003000 	/usr/lib/libsqlite3.dylib
0x0000000037003000 	/usr/lib/libxar.1.dylib
0x0000000037003000 	/usr/lib/libbz2.1.0.dylib
0x0000000037003000 	/usr/lib/liblzma.5.dylib
0x0000000037003000 	/usr/lib/libnetwork.dylib
0x0000000037003000 	/usr/lib/libpcap.A.dylib
0x0000000037003000 	/System/Library/Frameworks/CoreServices.framework/Versions/A/Frameworks/FSEvents.framework/Versions/A/FSEvents
0x0000000037003000 	/System/Library/Frameworks/CoreServices.framework/Versions/A/Frameworks/CarbonCore.framework/Versions/A/CarbonCore
0x0000000037003000 	/System/Library/Frameworks/CoreServices.framework/Versions/A/Frameworks/Metadata.framework/Versions/A/Metadata
0x0000000037003000 	/System/Library/Frameworks/CoreServices.framework/Versions/A/Frameworks/OSServices.framework/Versions/A/OSServices
0x0000000037003000 	/System/Library/Frameworks/CoreServices.framework/Versions/A/Frameworks/SearchKit.framework/Versions/A/SearchKit
0x0000000037003000 	/System/Library/Frameworks/CoreServices.framework/Versions/A/Frameworks/AE.framework/Versions/A/AE
0x0000000037003000 	/System/Library/Frameworks/CoreServices.framework/Versions/A/Frameworks/LaunchServices.framework/Versions/A/LaunchServices
0x0000000037003000 	/System/Library/Frameworks/CoreServices.framework/Versions/A/Frameworks/DictionaryServices.framework/Versions/A/DictionaryServices
0x0000000037003000 	/System/Library/Frameworks/CoreServices.framework/Versions/A/Frameworks/SharedFileList.framework/Versions/A/SharedFileList
0x0000000037003000 	/System/Library/Frameworks/NetFS.framework/Versions/A/NetFS
0x0000000037003000 	/System/Library/PrivateFrameworks/NetAuth.framework/Versions/A/NetAuth
0x0000000037003000 	/System/Library/PrivateFrameworks/login.framework/Versions/A/Frameworks/loginsupport.framework/Versions/A/loginsupport
0x0000000037003000 	/System/Library/PrivateFrameworks/TCC.framework/Versions/A/TCC
0x0000000037003000 	/usr/lib/libmecabra.dylib
0x0000000037003000 	/System/Library/Frameworks/ApplicationServices.framework/Versions/A/Frameworks/ATS.framework/Versions/A/ATS
0x0000000037003000 	/System/Library/Frameworks/ApplicationServices.framework/Versions/A/Frameworks/ColorSync.framework/Versions/A/ColorSync
0x0000000037003000 	/System/Library/Frameworks/ApplicationServices.framework/Versions/A/Frameworks/HIServices.framework/Versions/A/HIServices
0x0000000037003000 	/System/Library/Frameworks/ApplicationServices.framework/Versions/A/Frameworks/LangAnalysis.framework/Versions/A/LangAnalysis
0x0000000037003000 	/System/Library/Frameworks/ApplicationServices.framework/Versions/A/Frameworks/PrintCore.framework/Versions/A/PrintCore
0x0000000037003000 	/System/Library/Frameworks/ApplicationServices.framework/Versions/A/Frameworks/QD.framework/Versions/A/QD
0x0000000037003000 	/System/Library/Frameworks/ApplicationServices.framework/Versions/A/Frameworks/SpeechSynthesis.framework/Versions/A/SpeechSynthesis
0x0000000037003000 	/System/Library/Frameworks/Accelerate.framework/Versions/A/Frameworks/vImage.framework/Versions/A/vImage
0x0000000037003000 	/System/Library/Frameworks/Accelerate.framework/Versions/A/Frameworks/vecLib.framework/Versions/A/vecLib
0x0000000037003000 	/System/Library/Frameworks/Accelerate.framework/Versions/A/Frameworks/vecLib.framework/Versions/A/libvDSP.dylib
0x0000000037003000 	/System/Library/Frameworks/Accelerate.framework/Versions/A/Frameworks/vecLib.framework/Versions/A/libBNNS.dylib
0x0000000037003000 	/System/Library/Frameworks/Accelerate.framework/Versions/A/Frameworks/vecLib.framework/Versions/A/libQuadrature.dylib
0x0000000037003000 	/System/Library/Frameworks/Accelerate.framework/Versions/A/Frameworks/vecLib.framework/Versions/A/libvMisc.dylib
0x0000000037003000 	/System/Library/Frameworks/Accelerate.framework/Versions/A/Frameworks/vecLib.framework/Versions/A/libLAPACK.dylib
0x0000000037003000 	/System/Library/Frameworks/Accelerate.framework/Versions/A/Frameworks/vecLib.framework/Versions/A/libBLAS.dylib
0x0000000037003000 	/System/Library/Frameworks/Accelerate.framework/Versions/A/Frameworks/vecLib.framework/Versions/A/libLinearAlgebra.dylib
0x0000000037003000 	/System/Library/Frameworks/Accelerate.framework/Versions/A/Frameworks/vecLib.framework/Versions/A/libSparseBLAS.dylib
0x0000000037003000 	/System/Library/Frameworks/ApplicationServices.framework/Versions/A/Frameworks/ATS.framework/Versions/A/Resources/libFontParser.dylib
0x0000000037003000 	/System/Library/Frameworks/ApplicationServices.framework/Versions/A/Frameworks/ATS.framework/Versions/A/Resources/libFontRegistry.dylib
0x0000000037003000 	/System/Library/Frameworks/ImageIO.framework/Versions/A/Resources/libJPEG.dylib
0x0000000037003000 	/System/Library/Frameworks/ImageIO.framework/Versions/A/Resources/libTIFF.dylib
0x0000000037003000 	/System/Library/Frameworks/ImageIO.framework/Versions/A/Resources/libPng.dylib
0x0000000037003000 	/System/Library/Frameworks/ImageIO.framework/Versions/A/Resources/libGIF.dylib
0x0000000037003000 	/System/Library/Frameworks/ImageIO.framework/Versions/A/Resources/libJP2.dylib
0x0000000037003000 	/System/Library/Frameworks/ImageIO.framework/Versions/A/Resources/libRadiance.dylib
0x0000000037003000 	/usr/lib/libcompression.dylib
0x0000000037003000 	/System/Library/PrivateFrameworks/AppleJPEG.framework/Versions/A/AppleJPEG
0x0000000037003000 	/usr/lib/libcups.2.dylib
0x0000000037003000 	/System/Library/Frameworks/Kerberos.framework/Versions/A/Kerberos
0x0000000037003000 	/System/Library/Frameworks/GSS.framework/Versions/A/GSS
0x0000000037003000 	/usr/lib/libresolv.9.dylib
0x0000000037003000 	/usr/lib/libiconv.2.dylib
0x0000000037003000 	/System/Library/PrivateFrameworks/Heimdal.framework/Versions/A/Heimdal
0x0000000037003000 	/usr/lib/libheimdal-asn1.dylib
0x0000000037003000 	/System/Library/Frameworks/OpenDirectory.framework/Versions/A/OpenDirectory
0x0000000037003000 	/System/Library/PrivateFrameworks/CommonAuth.framework/Versions/A/CommonAuth
0x0000000037003000 	/System/Library/Frameworks/OpenDirectory.framework/Versions/A/Frameworks/CFOpenDirectory.framework/Versions/A/CFOpenDirectory
0x0000000037003000 	/System/Library/Frameworks/SecurityFoundation.framework/Versions/A/SecurityFoundation
0x0000000037003000 	/System/Library/PrivateFrameworks/LanguageModeling.framework/Versions/A/LanguageModeling
0x0000000037003000 	/usr/lib/libmarisa.dylib
0x0000000037003000 	/usr/lib/libChineseTokenizer.dylib
0x0000000037003000 	/usr/lib/libcmph.dylib
0x0000000037003000 	/System/Library/PrivateFrameworks/CoreEmoji.framework/Versions/A/CoreEmoji
0x0000000037003000 	/System/Library/Frameworks/ServiceManagement.framework/Versions/A/ServiceManagement
0x0000000037003000 	/usr/lib/libxslt.1.dylib
0x0000000037003000 	/System/Library/Frameworks/Carbon.framework/Versions/A/Frameworks/Ink.framework/Versions/A/Ink
0x0000000037003000 	/System/Library/PrivateFrameworks/TextureIO.framework/Versions/A/TextureIO
0x0000000037003000 	/System/Library/Frameworks/Metal.framework/Versions/A/Metal
0x0000000037003000 	/usr/lib/libate.dylib
0x0000000037003000 	/System/Library/PrivateFrameworks/GPUCompiler.framework/libmetal_timestamp.dylib
0x0000000037003000 	/System/Library/Frameworks/OpenGL.framework/Versions/A/Libraries/libCoreFSCache.dylib
0x0000000037003000 	/System/Library/PrivateFrameworks/IOAccelerator.framework/Versions/A/IOAccelerator
0x0000000037003000 	/System/Library/Frameworks/CoreVideo.framework/Versions/A/CoreVideo
0x0000000037003000 	/usr/lib/libFosl_dynamic.dylib
0x0000000037003000 	/System/Library/PrivateFrameworks/MetalPerformanceShaders.framework/Versions/A/MetalPerformanceShaders
0x0000000037003000 	/System/Library/PrivateFrameworks/FaceCore.framework/Versions/A/FaceCore
0x0000000037003000 	/System/Library/Frameworks/OpenCL.framework/Versions/A/OpenCL
0x0000000037003000 	/System/Library/Frameworks/OpenGL.framework/Versions/A/Libraries/libGLU.dylib
0x0000000037003000 	/System/Library/Frameworks/OpenGL.framework/Versions/A/Libraries/libGFXShared.dylib
0x0000000037003000 	/System/Library/Frameworks/OpenGL.framework/Versions/A/Libraries/libGL.dylib
0x0000000037003000 	/System/Library/Frameworks/OpenGL.framework/Versions/A/Libraries/libGLImage.dylib
0x0000000037003000 	/System/Library/Frameworks/OpenGL.framework/Versions/A/Libraries/libCVMSPluginSupport.dylib
0x0000000037003000 	/System/Library/Frameworks/OpenGL.framework/Versions/A/Libraries/libCoreVMClient.dylib
0x0000000037003000 	/System/Library/PrivateFrameworks/CrashReporterSupport.framework/Versions/A/CrashReporterSupport
0x0000000037003000 	/System/Library/PrivateFrameworks/Sharing.framework/Versions/A/Sharing
0x0000000037003000 	/System/Library/PrivateFrameworks/IconServices.framework/Versions/A/IconServices
0x0000000037003000 	/System/Library/PrivateFrameworks/ProtocolBuffer.framework/Versions/A/ProtocolBuffer
0x0000000037003000 	/System/Library/PrivateFrameworks/Apple80211.framework/Versions/A/Apple80211
0x0000000037003000 	/System/Library/Frameworks/CoreWLAN.framework/Versions/A/CoreWLAN
0x0000000037003000 	/System/Library/PrivateFrameworks/CoreUtils.framework/Versions/A/CoreUtils
0x0000000037003000 	/System/Library/Frameworks/IOBluetooth.framework/Versions/A/IOBluetooth
0x0000000037003000 	/System/Library/PrivateFrameworks/CoreWiFi.framework/Versions/A/CoreWiFi
0x0000000037003000 	/System/Library/Frameworks/CoreBluetooth.framework/Versions/A/CoreBluetooth
0x0000000037003000 	/System/Library/Frameworks/CoreDisplay.framework/Versions/A/CoreDisplay
0x0000000037003000 	/System/Library/PrivateFrameworks/IOPresentment.framework/Versions/A/IOPresentment
0x0000000037003000 	/System/Library/PrivateFrameworks/DSExternalDisplay.framework/Versions/A/DSExternalDisplay
0x0000000037003000 	/System/Library/PrivateFrameworks/DebugSymbols.framework/Versions/A/DebugSymbols
0x0000000037003000 	/System/Library/PrivateFrameworks/CoreSymbolication.framework/Versions/A/CoreSymbolication
0x0000000037003000 	/System/Library/PrivateFrameworks/Symbolication.framework/Versions/A/Symbolication
0x0000000037003000 	/System/Library/PrivateFrameworks/AppleFSCompression.framework/Versions/A/AppleFSCompression
0x0000000037003000 	/System/Library/PrivateFrameworks/SpeechRecognitionCore.framework/Versions/A/SpeechRecognitionCore
0x0000000037003000 	/System/Library/PrivateFrameworks/ChunkingLibrary.framework/Versions/A/ChunkingLibrary
0x000000010e200000 	/Library/Java/JavaVirtualMachines/jdk1.8.0_141.jdk/Contents/Home/jre/lib/server/libjvm.dylib
0x0000000037003000 	/usr/lib/libstdc++.6.dylib
0x000000010d8eb000 	/Library/Java/JavaVirtualMachines/jdk1.8.0_141.jdk/Contents/Home/jre/lib/libverify.dylib
0x000000010d8f9000 	/Library/Java/JavaVirtualMachines/jdk1.8.0_141.jdk/Contents/Home/jre/lib/libjava.dylib
0x000000010d938000 	/Library/Java/JavaVirtualMachines/jdk1.8.0_141.jdk/Contents/Home/jre/lib/libzip.dylib
0x0000000111a60000 	/System/Library/Frameworks/JavaVM.framework/Frameworks/JavaRuntimeSupport.framework/JavaRuntimeSupport
0x0000000111a7a000 	/System/Library/Frameworks/JavaVM.framework/Versions/A/Frameworks/JavaNativeFoundation.framework/Versions/A/JavaNativeFoundation
0x000000010d9ed000 	/System/Library/Frameworks/JavaVM.framework/Versions/A/JavaVM
0x0000000037003000 	/System/Library/Frameworks/Carbon.framework/Versions/A/Carbon
0x0000000111a8f000 	/System/Library/PrivateFrameworks/JavaLaunching.framework/Versions/A/JavaLaunching
0x0000000037003000 	/System/Library/Frameworks/Carbon.framework/Versions/A/Frameworks/CommonPanels.framework/Versions/A/CommonPanels
0x0000000037003000 	/System/Library/Frameworks/Carbon.framework/Versions/A/Frameworks/Help.framework/Versions/A/Help
0x0000000037003000 	/System/Library/Frameworks/Carbon.framework/Versions/A/Frameworks/ImageCapture.framework/Versions/A/ImageCapture
0x0000000037003000 	/System/Library/Frameworks/Carbon.framework/Versions/A/Frameworks/OpenScripting.framework/Versions/A/OpenScripting
0x0000000037003000 	/System/Library/Frameworks/Carbon.framework/Versions/A/Frameworks/Print.framework/Versions/A/Print
0x0000000037003000 	/System/Library/Frameworks/Carbon.framework/Versions/A/Frameworks/SecurityHI.framework/Versions/A/SecurityHI
0x0000000111b3d000 	/Library/Java/JavaVirtualMachines/jdk1.8.0_141.jdk/Contents/Home/jre/lib/libawt.dylib
0x0000000111be5000 	/Library/Java/JavaVirtualMachines/jdk1.8.0_141.jdk/Contents/Home/jre/lib/./libmlib_image.dylib
0x0000000111cb1000 	/Library/Java/JavaVirtualMachines/jdk1.8.0_141.jdk/Contents/Home/jre/lib/libawt_lwawt.dylib
0x0000000111d68000 	/Library/Java/JavaVirtualMachines/jdk1.8.0_141.jdk/Contents/Home/jre/lib/./libosxapp.dylib
0x0000000037003000 	/System/Library/Frameworks/ExceptionHandling.framework/Versions/A/ExceptionHandling
0x0000000037003000 	/System/Library/PrivateFrameworks/CoreServicesInternal.framework/Versions/A/CoreServicesInternal
0x0000000037003000 	/System/Library/CoreServices/RawCamera.bundle/Contents/MacOS/RawCamera
0x0000000037003000 	/System/Library/Frameworks/Accelerate.framework/Versions/A/Frameworks/vImage.framework/Versions/A/Libraries/libCGInterfaces.dylib
0x0000000037003000 	/System/Library/Frameworks/ApplicationServices.framework/Versions/A/Frameworks/ATS.framework/Versions/A/Resources/libTrueTypeScaler.dylib
0x0000000128665000 	/System/Library/Frameworks/OpenGL.framework/Resources/GLEngine.bundle/GLEngine
0x0000000037003000 	/System/Library/Frameworks/OpenGL.framework/Versions/A/Libraries/libGLProgrammability.dylib
0x000000012884a000 	/System/Library/Extensions/AppleIntelHD5000GraphicsGLDriver.bundle/Contents/MacOS/AppleIntelHD5000GraphicsGLDriver
0x0000000037003000 	/System/Library/PrivateFrameworks/GPUSupport.framework/Versions/A/Libraries/libGPUSupportMercury.dylib
0x0000000128fb8000 	/System/Library/Frameworks/OpenGL.framework/Resources//GLRendererFloat.bundle/GLRendererFloat
0x0000000037003000 	/System/Library/Frameworks/OpenCL.framework/Versions/A/Libraries/libcldcpuengine.dylib
0x0000000037003000 	/usr/lib/libcrypto.0.9.8.dylib
0x0000000037003000 	/System/Library/PrivateFrameworks/TrustEvaluationAgent.framework/Versions/A/TrustEvaluationAgent
0x0000000128fec000 	/System/Library/Extensions/AppleIntelHD5000GraphicsMTLDriver.bundle/Contents/MacOS/AppleIntelHD5000GraphicsMTLDriver
0x0000000037003000 	/System/Library/PrivateFrameworks/FamilyControls.framework/Versions/A/FamilyControls
0x0000000037003000 	/System/Library/PrivateFrameworks/CommerceKit.framework/Versions/A/Frameworks/CommerceCore.framework/Versions/A/CommerceCore
0x0000000037003000 	/System/Library/PrivateFrameworks/SystemAdministration.framework/Versions/A/SystemAdministration
0x0000000037003000 	/System/Library/PrivateFrameworks/AppContainer.framework/Versions/A/AppContainer
0x0000000037003000 	/System/Library/PrivateFrameworks/SecCodeWrapper.framework/Versions/A/SecCodeWrapper
0x0000000037003000 	/System/Library/Frameworks/DirectoryService.framework/Versions/A/DirectoryService
0x0000000037003000 	/System/Library/PrivateFrameworks/DiskImages.framework/Versions/A/DiskImages
0x0000000037003000 	/System/Library/PrivateFrameworks/LoginUIKit.framework/Versions/A/Frameworks/LoginUICore.framework/Versions/A/LoginUICore
0x0000000037003000 	/usr/lib/libCoreStorage.dylib
0x0000000037003000 	/usr/lib/libcsfde.dylib
0x0000000037003000 	/usr/lib/libodfde.dylib
0x0000000037003000 	/System/Library/Frameworks/DiscRecording.framework/Versions/A/DiscRecording
0x0000000037003000 	/usr/lib/libcurl.4.dylib
0x0000000037003000 	/System/Library/PrivateFrameworks/MediaKit.framework/Versions/A/MediaKit
0x0000000037003000 	/System/Library/PrivateFrameworks/ProtectedCloudStorage.framework/Versions/A/ProtectedCloudStorage
0x0000000037003000 	/System/Library/PrivateFrameworks/EFILogin.framework/Versions/A/EFILogin
0x0000000037003000 	/usr/lib/libutil.dylib
0x0000000037003000 	/System/Library/Frameworks/LDAP.framework/Versions/A/LDAP
0x0000000037003000 	/usr/lib/libsasl2.2.dylib
0x0000000037003000 	/System/Library/PrivateFrameworks/CoreDaemon.framework/Versions/B/CoreDaemon
0x0000000037003000 	/System/Library/PrivateFrameworks/AppleSRP.framework/Versions/A/AppleSRP
0x0000000037003000 	/System/Library/PrivateFrameworks/APFS.framework/Versions/A/APFS
0x000000012a3fa000 	/Library/Java/JavaVirtualMachines/jdk1.8.0_141.jdk/Contents/Home/jre/lib/libfontmanager.dylib
0x000000012a461000 	/Users/Har/Desktop/SWEN-Proj1/lib/liblwjgl.dylib
0x0000000112315000 	/Library/Java/JavaVirtualMachines/jdk1.8.0_141.jdk/Contents/Home/jre/lib/libjawt.dylib
0x0000000037003000 	/System/Library/PrivateFrameworks/ViewBridge.framework/Versions/A/ViewBridge
0x0000000037003000 	/System/Library/PrivateFrameworks/XPCService.framework/Versions/A/XPCService
0x0000000037003000 	/System/Library/PrivateFrameworks/AppSandbox.framework/Versions/A/AppSandbox
0x0000000037003000 	/usr/lib/libsandbox.1.dylib
0x0000000037003000 	/usr/lib/libMatch.1.dylib
0x00000001291b4000 	/Users/Har/Desktop/SWEN-Proj1/lib/libjinput-osx.dylib
0x000000012bcd2000 	/System/Library/Extensions/IOHIDFamily.kext/Contents/PlugIns/IOHIDLib.plugin/Contents/MacOS/IOHIDLib

VM Arguments:
jvm_args: -Djava.library.path=/Users/Har/Desktop/SWEN-Proj1/lib -Dfile.encoding=UTF-8 
java_command: App
java_class_path (initial): /Users/Har/Desktop/SWEN-Proj1/bin:/Users/Har/Desktop/SWEN-Proj1/lib/jinput.jar:/Users/Har/Desktop/SWEN-Proj1/lib/lwjgl.jar:/Users/Har/Desktop/SWEN-Proj1/lib/slick.jar
Launcher Type: SUN_STANDARD

Environment Variables:
PATH=/usr/bin:/bin:/usr/sbin:/sbin
SHELL=/bin/bash

Signal Handlers:
SIGSEGV: [libjvm.dylib+0x5b26e5], sa_mask[0]=11111111011111110111111111111111, sa_flags=SA_ONSTACK|SA_RESTART|SA_SIGINFO
SIGBUS: [libjvm.dylib+0x5b26e5], sa_mask[0]=11111111011111110111111111111111, sa_flags=SA_RESTART|SA_SIGINFO
SIGFPE: [libjvm.dylib+0x489100], sa_mask[0]=11111111011111110111111111111111, sa_flags=SA_RESTART|SA_SIGINFO
SIGPIPE: [libjvm.dylib+0x489100], sa_mask[0]=11111111011111110111111111111111, sa_flags=SA_RESTART|SA_SIGINFO
SIGXFSZ: [libjvm.dylib+0x489100], sa_mask[0]=11111111011111110111111111111111, sa_flags=SA_RESTART|SA_SIGINFO
SIGILL: [libjvm.dylib+0x489100], sa_mask[0]=11111111011111110111111111111111, sa_flags=SA_RESTART|SA_SIGINFO
SIGUSR1: SIG_DFL, sa_mask[0]=00000000000000000000000000000000, sa_flags=none
SIGUSR2: [libjvm.dylib+0x488c1e], sa_mask[0]=00100000000000000000000000000000, sa_flags=SA_RESTART|SA_SIGINFO
SIGHUP: [libjvm.dylib+0x4871f5], sa_mask[0]=11111111011111110111111111111111, sa_flags=SA_RESTART|SA_SIGINFO
SIGINT: [libjvm.dylib+0x4871f5], sa_mask[0]=11111111011111110111111111111111, sa_flags=SA_RESTART|SA_SIGINFO
SIGTERM: [libjvm.dylib+0x4871f5], sa_mask[0]=11111111011111110111111111111111, sa_flags=SA_RESTART|SA_SIGINFO
SIGQUIT: [libjvm.dylib+0x4871f5], sa_mask[0]=11111111011111110111111111111111, sa_flags=SA_RESTART|SA_SIGINFO


---------------  S Y S T E M  ---------------

OS:Bsduname:Darwin 16.7.0 Darwin Kernel Version 16.7.0: Thu Jun 15 17:36:27 PDT 2017; root:xnu-3789.70.16~2/RELEASE_X86_64 x86_64
rlimit: STACK 8192k, CORE 0k, NPROC 709, NOFILE 10240, AS infinity
load average:1.42 1.48 1.53

CPU:total 4 (initial active 4) (2 cores per cpu, 2 threads per core) family 6 model 69 stepping 1, cmov, cx8, fxsr, mmx, sse, sse2, sse3, ssse3, sse4.1, sse4.2, popcnt, avx, avx2, aes, clmul, erms, lzcnt, ht, tsc, tscinvbit, bmi1, bmi2

Memory: 4k page, physical 8388608k(81136k free)

/proc/meminfo:


vm_info: Java HotSpot(TM) 64-Bit Server VM (25.141-b15) for bsd-amd64 JRE (1.8.0_141-b15), built on Jul 12 2017 04:35:23 by "java_re" with gcc 4.2.1 (Based on Apple Inc. build 5658) (LLVM build 2336.11.00)

time: Thu Oct 12 14:45:51 2017
elapsed time: 9 seconds (0d 0h 0m 9s)

