#
# A fatal error has been detected by the Java Runtime Environment:
#
#  SIGSEGV (0xb) at pc=0x00007fffc1299d08, pid=9933, tid=0x0000000000000307
#
# JRE version: Java(TM) SE Runtime Environment (8.0_141-b15) (build 1.8.0_141-b15)
# Java VM: Java HotSpot(TM) 64-Bit Server VM (25.141-b15 mixed mode bsd-amd64 compressed oops)
# Problematic frame:
# C  [libobjc.A.dylib+0xbd08]  objc_storeWeak+0x16e
#
# Failed to write core dump. Core dumps have been disabled. To enable core dumping, try "ulimit -c unlimited" before starting Java again
#
# If you would like to submit a bug report, please visit:
#   http://bugreport.java.com/bugreport/crash.jsp
# The crash happened outside the Java Virtual Machine in native code.
# See problematic frame for where to report the bug.
#

---------------  T H R E A D  ---------------

Current thread (0x00007f9b69037000):  JavaThread "AppKit Thread" daemon [_thread_in_native, id=775, stack(0x00007fff5adb7000,0x00007fff5b5b7000)]

siginfo: si_signo: 11 (SIGSEGV), si_code: 1 (SEGV_MAPERR), si_addr: 0x0000000000000000

Registers:
RAX=0x00007f9b6900bc00, RBX=0x00007fffca9f2480, RCX=0x0000000000000000, RDX=0x00007ffffffffff8
RSP=0x00007fff5b5b1720, RBP=0x00007fff5b5b17a0, RSI=0x00007f9b6900c000, RDI=0x00007fffca9f2480
R8 =0x000000000000007f, R9 =0x00007f9b68fa57d0, R10=0x0000000000000019, R11=0x00007f9b6a183b90
R12=0x00007fffca9f26c0, R13=0x0000000000000000, R14=0x00007f9b68fcfb40, R15=0x0000000000000000
RIP=0x00007fffc1299d08, EFLAGS=0x0000000000010206, ERR=0x0000000000000004
  TRAPNO=0x000000000000000e

Top of Stack: (sp=0x00007fff5b5b1720)
0x00007fff5b5b1720:   0000000000000000 00007f9b68c4ab28
0x00007fff5b5b1730:   ffff80649705a830 0000000000000240
0x00007fff5b5b1740:   00007fffca93c630 0000000000000000
0x00007fff5b5b1750:   00007fffca9f26c0 00007f9b68fcfb40
0x00007fff5b5b1760:   0000000000000000 00007f9b68c58618
0x00007fff5b5b1770:   0000000000000007 00007f9b68fa57d0
0x00007fff5b5b1780:   0000000000000000 00007f9b68fa57d0
0x00007fff5b5b1790:   00007f9b68c584c0 00007f9b68fcfb40
0x00007fff5b5b17a0:   00007fff5b5b17e0 00007fffade09acf
0x00007fff5b5b17b0:   00007fff5b5b17e0 0000000000000000
0x00007fff5b5b17c0:   00007f9b68fcfb40 00007fffaab3e006
0x00007fff5b5b17d0:   00007f9b68fa57d0 00007fffc1295040
0x00007fff5b5b17e0:   00007fff5b5b1810 00007fffaa1d66fb
0x00007fff5b5b17f0:   00007fffc1295040 00007fff5b5b1898
0x00007fff5b5b1800:   00007fffaab81759 00007fffc1295040
0x00007fff5b5b1810:   00007fff5b5b1850 00007fffaa5a3c73
0x00007fff5b5b1820:   0000000000000000 0000000000000000
0x00007fff5b5b1830:   0000000000000094 00007fffaab6417f
0x00007fff5b5b1840:   00007fff5b5b1898 0000000000000001
0x00007fff5b5b1850:   00007fff5b5b1880 00007fffaa02dd48
0x00007fff5b5b1860:   0000000000000000 00007f9b68fcfb40
0x00007fff5b5b1870:   00007f9b68fa57d0 0000000000000000
0x00007fff5b5b1880:   00007fff5b5b18e0 00007fffaa1d6538
0x00007fff5b5b1890:   0000000000000000 00007fffcaa85060
0x00007fff5b5b18a0:   00000000c2000000 00007fffaa5a3b84
0x00007fff5b5b18b0:   00007fffc6b51cf0 0000000000000000
0x00007fff5b5b18c0:   00007f9b68fcfb40 00007f9b68fa57d0
0x00007fff5b5b18d0:   00007f9b68fa57d0 00007f9b68fcfb40
0x00007fff5b5b18e0:   00007fff5b5b1910 0000000121267586
0x00007fff5b5b18f0:   00007f9b68fa57d0 000000012129bc60
0x00007fff5b5b1900:   00007f9b68f2d1d0 00007f9b68f2d1d0
0x00007fff5b5b1910:   00007fff5b5b1e80 00007fffaa050e7b 

Instructions: (pc=0x00007fffc1299d08)
0x00007fffc1299ce8:   eb 07 48 8b 45 a0 48 8b 30 48 8b 45 c0 48 39 c6
0x00007fffc1299cf8:   74 2a 48 8b 46 20 48 89 c1 48 21 d1 48 8b 49 08
0x00007fffc1299d08:   f6 01 01 75 0a 48 8b 06 48 21 d0 48 8b 40 20 48
0x00007fffc1299d18:   21 d0 f6 40 03 20 0f 84 f8 fe ff ff 49 c1 e5 06 

Register to memory mapping:

RAX=0x00007f9b6900bc00 is an unknown value
RBX=0x00007fffca9f2480: _ZN12_GLOBAL__N_1L12SideTableBufE+0 in /usr/lib/libobjc.A.dylib at 0x00007fffc128e000
RCX=0x0000000000000000 is an unknown value
RDX=0x00007ffffffffff8 is an unknown value
RSP=0x00007fff5b5b1720 is pointing into the stack for thread: 0x00007f9b69037000
RBP=0x00007fff5b5b17a0 is pointing into the stack for thread: 0x00007f9b69037000
RSI=0x00007f9b6900c000 is a thread
RDI=0x00007fffca9f2480: _ZN12_GLOBAL__N_1L12SideTableBufE+0 in /usr/lib/libobjc.A.dylib at 0x00007fffc128e000
R8 =0x000000000000007f is an unknown value
R9 =0x00007f9b68fa57d0 is an unknown value
R10=0x0000000000000019 is an unknown value
R11=0x00007f9b6a183b90 is an unknown value
R12=0x00007fffca9f26c0: _ZN12_GLOBAL__N_1L12SideTableBufE+0x240 in /usr/lib/libobjc.A.dylib at 0x00007fffc128e000
R13=0x0000000000000000 is an unknown value
R14=0x00007f9b68fcfb40 is an unknown value
R15=0x0000000000000000 is an unknown value


Stack: [0x00007fff5adb7000,0x00007fff5b5b7000],  sp=0x00007fff5b5b1720,  free space=8169k
Native frames: (J=compiled Java code, j=interpreted, Vv=VM code, C=native code)
C  [libobjc.A.dylib+0xbd08]  objc_storeWeak+0x16e
C  [Foundation+0x17acf]  -[NSConcreteMapTable setObject:forKey:]+0x6a
C  [AppKit+0x3226fb]  -[NSView(NSOpenGLContextAssociation) _setOpenGLContext:]+0x9b
C  [AppKit+0x6efc73]  __27-[NSOpenGLContext setView:]_block_invoke+0xef
C  [AppKit+0x179d48]  NSPerformVisuallyAtomicChange+0x93
C  [AppKit+0x322538]  -[NSOpenGLContext setView:]+0x69
C  [liblwjgl.dylib+0xa586]  -[MacOSXOpenGLView lockFocus]+0x76
C  [AppKit+0x19ce7b]  -[NSView _recursiveDisplayRectIfNeededIgnoringOpacity:isVisibleRect:rectIsVisibleRectForView:topView:]+0x6ee
C  [AppKit+0x19d6d1]  -[NSView _recursiveDisplayRectIfNeededIgnoringOpacity:isVisibleRect:rectIsVisibleRectForView:topView:]+0xf44
C  [AppKit+0x19c2af]  -[NSThemeFrame _recursiveDisplayRectIfNeededIgnoringOpacity:isVisibleRect:rectIsVisibleRectForView:topView:]+0x14e
C  [AppKit+0x19a6d8]  -[NSView _displayRectIgnoringOpacity:isVisibleRect:rectIsVisibleRectForView:]+0x994
C  [AppKit+0x195fca]  -[NSView displayIfNeeded]+0x6d4
C  [AppKit+0x1958db]  -[NSWindow displayIfNeeded]+0xe6
C  [AppKit+0x8f5cb4]  ___NSWindowGetDisplayCycleObserver_block_invoke.6228+0x115
C  [AppKit+0x1953b9]  __37+[NSDisplayCycle currentDisplayCycle]_block_invoke+0x1c6
C  [QuartzCore+0x11d06]  CA::Transaction::run_commit_handlers(CATransactionPhase)+0x2e
C  [QuartzCore+0x11b8bc]  CA::Context::commit_transaction(CA::Transaction*)+0xa0
C  [QuartzCore+0x107e1]  CA::Transaction::commit()+0x1db
C  [AppKit+0x4788b1]  __37+[NSDisplayCycle currentDisplayCycle]_block_invoke.31+0x143
C  [CoreFoundation+0xa6d37]  __CFRUNLOOP_IS_CALLING_OUT_TO_AN_OBSERVER_CALLBACK_FUNCTION__+0x17
C  [CoreFoundation+0xa6ca7]  __CFRunLoopDoObservers+0x187
C  [CoreFoundation+0x876d9]  __CFRunLoopRun+0x369
C  [CoreFoundation+0x87114]  CFRunLoopRunSpecific+0x1a4
C  [HIToolbox+0x30ebc]  RunCurrentEventLoopInMode+0xf0
C  [HIToolbox+0x30bf9]  ReceiveNextEventCommon+0xb8
C  [HIToolbox+0x30b26]  _BlockUntilNextEventMatchingListInModeWithFilter+0x47
C  [AppKit+0x46a54]  _DPSNextEvent+0x460
C  [AppKit+0x7c27ee]  -[NSApplication(NSEvent) _nextEventMatchingEventMask:untilDate:inMode:dequeue:]+0xaec
C  [libosxapp.dylib+0x23aa]  -[NSApplicationAWT nextEventMatchingMask:untilDate:inMode:dequeue:]+0x7c
C  [AppKit+0x3b3db]  -[NSApplication run]+0x39e
C  [libosxapp.dylib+0x214d]  +[NSApplicationAWT runAWTLoopWithApp:]+0x9c
C  [libawt_lwawt.dylib+0x45edf]  -[AWTStarter starter:]+0x389
C  [Foundation+0x7152a]  __NSThreadPerformPerform+0x146
C  [CoreFoundation+0xa7321]  __CFRUNLOOP_IS_CALLING_OUT_TO_A_SOURCE0_PERFORM_FUNCTION__+0x11
C  [CoreFoundation+0x8821d]  __CFRunLoopDoSources0+0x22d
C  [CoreFoundation+0x87716]  __CFRunLoopRun+0x3a6
C  [CoreFoundation+0x87114]  CFRunLoopRunSpecific+0x1a4
C  [java+0x6465]  CreateExecutionEnvironment+0x367
C  [java+0x218c]  JLI_Launch+0x7a0
C  [java+0x84c2]  main+0x65
C  [java+0x19e4]  start+0x34
C  0x0000000000000006


---------------  P R O C E S S  ---------------

Java Threads: ( => current thread )
  0x00007f9b6995c000 JavaThread "AWT-Shutdown" [_thread_blocked, id=25879, stack(0x000070000d292000,0x000070000d392000)]
=>0x00007f9b69037000 JavaThread "AppKit Thread" daemon [_thread_in_native, id=775, stack(0x00007fff5adb7000,0x00007fff5b5b7000)]
  0x00007f9b6a017000 JavaThread "Service Thread" daemon [_thread_blocked, id=18691, stack(0x000070000e03f000,0x000070000e13f000)]
  0x00007f9b69031800 JavaThread "C1 CompilerThread2" daemon [_thread_blocked, id=18179, stack(0x000070000df3c000,0x000070000e03c000)]
  0x00007f9b69031000 JavaThread "C2 CompilerThread1" daemon [_thread_blocked, id=17667, stack(0x000070000de39000,0x000070000df39000)]
  0x00007f9b69032800 JavaThread "C2 CompilerThread0" daemon [_thread_blocked, id=17155, stack(0x000070000dd36000,0x000070000de36000)]
  0x00007f9b69030000 JavaThread "Signal Dispatcher" daemon [_thread_blocked, id=16643, stack(0x000070000dc33000,0x000070000dd33000)]
  0x00007f9b69844000 JavaThread "Finalizer" daemon [_thread_blocked, id=12547, stack(0x000070000db30000,0x000070000dc30000)]
  0x00007f9b69841000 JavaThread "Reference Handler" daemon [_thread_blocked, id=12035, stack(0x000070000da2d000,0x000070000db2d000)]
  0x00007f9b6900c000 JavaThread "main" [_thread_in_native, id=7171, stack(0x000070000d41b000,0x000070000d51b000)]

Other Threads:
  0x00007f9b6983c800 VMThread [stack: 0x000070000d92a000,0x000070000da2a000] [id=11523]
  0x00007f9b6a804800 WatcherThread [stack: 0x000070000e142000,0x000070000e242000] [id=19203]

VM state:not at safepoint (normal execution)

VM Mutex/Monitor currently owned by a thread: None

Heap:
 PSYoungGen      total 38400K, used 23506K [0x0000000795580000, 0x0000000798000000, 0x00000007c0000000)
  eden space 33280K, 70% used [0x0000000795580000,0x0000000796c74898,0x0000000797600000)
  from space 5120K, 0% used [0x0000000797b00000,0x0000000797b00000,0x0000000798000000)
  to   space 5120K, 0% used [0x0000000797600000,0x0000000797600000,0x0000000797b00000)
 ParOldGen       total 87552K, used 0K [0x0000000740000000, 0x0000000745580000, 0x0000000795580000)
  object space 87552K, 0% used [0x0000000740000000,0x0000000740000000,0x0000000745580000)
 Metaspace       used 7449K, capacity 7615K, committed 7808K, reserved 1056768K
  class space    used 753K, capacity 826K, committed 896K, reserved 1048576K

Card table byte_map: [0x0000000115367000,0x0000000115768000] byte_map_base: 0x0000000111967000

Marking Bits: (ParMarkBitMap*) 0x00000001058f35d0
 Begin Bits: [0x0000000115a13000, 0x0000000117a13000)
 End Bits:   [0x0000000117a13000, 0x0000000119a13000)

Polling page: 0x0000000104709000

CodeCache: size=245760Kb used=3508Kb max_used=3521Kb free=242251Kb
 bounds [0x0000000105fa7000, 0x0000000106327000, 0x0000000114fa7000]
 total_blobs=1247 nmethods=852 adapters=309
 compilation: enabled

Compilation events (10 events):
Event: 21.431 Thread 0x00007f9b69031800  848       3       java.nio.DirectByteBuffer::get (16 bytes)
Event: 21.432 Thread 0x00007f9b69031800 nmethod 848 0x00000001062e54d0 code [0x00000001062e5640, 0x00000001062e58b0]
Event: 21.434 Thread 0x00007f9b69031800  849       3       java.nio.Bits::makeInt (29 bytes)
Event: 21.434 Thread 0x00007f9b69031800 nmethod 849 0x00000001062e5190 code [0x00000001062e52e0, 0x00000001062e5430]
Event: 21.587 Thread 0x00007f9b69031800  850   !   3       org.lwjgl.opengl.Display::processMessages (44 bytes)
Event: 21.587 Thread 0x00007f9b69031800 nmethod 850 0x0000000106313a10 code [0x0000000106313ca0, 0x0000000106314cc8]
Event: 22.794 Thread 0x00007f9b69031000  851   !   4       org.lwjgl.opengl.Display::swapBuffers (55 bytes)
Event: 22.794 Thread 0x00007f9b69032800  852       4       org.lwjgl.opengl.DrawableGL::swapBuffers (4 bytes)
Event: 22.799 Thread 0x00007f9b69032800 nmethod 852 0x0000000106318550 code [0x00000001063186e0, 0x0000000106318b08]
Event: 22.801 Thread 0x00007f9b69031000 nmethod 851 0x0000000106316150 code [0x0000000106316300, 0x0000000106316a48]

GC Heap History (0 events):
No events

Deoptimization events (5 events):
Event: 0.680 Thread 0x00007f9b6900c000 Uncommon trap: reason=unstable_if action=reinterpret pc=0x000000010615b140 method=java.lang.String.replace(CC)Ljava/lang/String; @ 26
Event: 20.070 Thread 0x00007f9b6900c000 Uncommon trap: reason=unstable_if action=reinterpret pc=0x00000001062e9a58 method=org.lwjgl.opengl.MacOSXDisplay.update()V @ 86
Event: 20.318 Thread 0x00007f9b6900c000 Uncommon trap: reason=unstable_if action=reinterpret pc=0x00000001062f6a10 method=org.newdawn.slick.Input.poll(II)V @ 1050
Event: 21.264 Thread 0x00007f9b6900c000 Uncommon trap: reason=unstable_if action=reinterpret pc=0x00000001062e290c method=org.lwjgl.opengl.MacOSXDisplay.update()V @ 86
Event: 23.005 Thread 0x00007f9b6900c000 Uncommon trap: reason=unstable_if action=reinterpret pc=0x00000001062d84e0 method=org.newdawn.slick.AppGameContainer.gameLoop()V @ 60

Internal exceptions (10 events):
Event: 0.112 Thread 0x00007f9b6900c000 Exception <a 'java/security/PrivilegedActionException'> (0x00000007956dfd00) thrown at [/Users/java_re/workspace/8-2-build-macosx-x86_64/jdk8u141/9370/hotspot/src/share/vm/prims/jvm.cpp, line 1390]
Event: 0.112 Thread 0x00007f9b6900c000 Exception <a 'java/security/PrivilegedActionException'> (0x00000007956dff10) thrown at [/Users/java_re/workspace/8-2-build-macosx-x86_64/jdk8u141/9370/hotspot/src/share/vm/prims/jvm.cpp, line 1390]
Event: 0.157 Thread 0x00007f9b6900c000 Exception <a 'java/security/PrivilegedActionException'> (0x00000007958230b0) thrown at [/Users/java_re/workspace/8-2-build-macosx-x86_64/jdk8u141/9370/hotspot/src/share/vm/prims/jvm.cpp, line 1390]
Event: 0.157 Thread 0x00007f9b6900c000 Exception <a 'java/security/PrivilegedActionException'> (0x00000007958232c0) thrown at [/Users/java_re/workspace/8-2-build-macosx-x86_64/jdk8u141/9370/hotspot/src/share/vm/prims/jvm.cpp, line 1390]
Event: 0.157 Thread 0x00007f9b6900c000 Exception <a 'java/security/PrivilegedActionException'> (0x00000007958267d8) thrown at [/Users/java_re/workspace/8-2-build-macosx-x86_64/jdk8u141/9370/hotspot/src/share/vm/prims/jvm.cpp, line 1390]
Event: 0.157 Thread 0x00007f9b6900c000 Exception <a 'java/security/PrivilegedActionException'> (0x00000007958269e8) thrown at [/Users/java_re/workspace/8-2-build-macosx-x86_64/jdk8u141/9370/hotspot/src/share/vm/prims/jvm.cpp, line 1390]
Event: 0.200 Thread 0x00007f9b6900c000 Exception <a 'java/lang/NoSuchFieldError': method resolution failed> (0x00000007958f9968) thrown at [/Users/java_re/workspace/8-2-build-macosx-x86_64/jdk8u141/9370/hotspot/src/share/vm/prims/methodHandles.cpp, line 1146]
Event: 0.202 Thread 0x00007f9b6900c000 Exception <a 'java/lang/NoSuchFieldError': method resolution failed> (0x00000007959070b8) thrown at [/Users/java_re/workspace/8-2-build-macosx-x86_64/jdk8u141/9370/hotspot/src/share/vm/prims/methodHandles.cpp, line 1146]
Event: 0.453 Thread 0x00007f9b6900c000 Exception <a 'java/io/FileNotFoundException'> (0x0000000795981a70) thrown at [/Users/java_re/workspace/8-2-build-macosx-x86_64/jdk8u141/9370/hotspot/src/share/vm/prims/jni.cpp, line 709]
Event: 0.453 Thread 0x00007f9b6900c000 Exception <a 'java/io/FileNotFoundException'> (0x00000007959825c0) thrown at [/Users/java_re/workspace/8-2-build-macosx-x86_64/jdk8u141/9370/hotspot/src/share/vm/prims/jni.cpp, line 709]

Events (10 events):
Event: 20.318 Thread 0x00007f9b6900c000 DEOPT PACKING pc=0x00000001062f6a10 sp=0x000070000d51a740
Event: 20.318 Thread 0x00007f9b6900c000 DEOPT UNPACKING pc=0x0000000105fac229 sp=0x000070000d51a710 mode 2
Event: 21.264 Thread 0x00007f9b6900c000 Uncommon trap: trap_request=0xffffff65 fr.pc=0x00000001062e290c
Event: 21.264 Thread 0x00007f9b6900c000 DEOPT PACKING pc=0x00000001062e290c sp=0x000070000d51a710
Event: 21.264 Thread 0x00007f9b6900c000 DEOPT UNPACKING pc=0x0000000105fac229 sp=0x000070000d51a678 mode 2
Event: 23.005 Thread 0x00007f9b6900c000 Uncommon trap: trap_request=0xffffff65 fr.pc=0x00000001062d84e0
Event: 23.005 Thread 0x00007f9b6900c000 DEOPT PACKING pc=0x00000001062d84e0 sp=0x000070000d51a840
Event: 23.005 Thread 0x00007f9b6900c000 DEOPT UNPACKING pc=0x0000000105fac229 sp=0x000070000d51a808 mode 2
Event: 23.016 loading class org/lwjgl/opengl/CallbackUtil
Event: 23.016 loading class org/lwjgl/opengl/CallbackUtil done


Dynamic libraries:
0x0000000037003000 	/System/Library/Frameworks/Cocoa.framework/Versions/A/Cocoa
0x0000000037003000 	/System/Library/Frameworks/Security.framework/Versions/A/Security
0x0000000037003000 	/System/Library/Frameworks/ApplicationServices.framework/Versions/A/ApplicationServices
0x0000000037003000 	/usr/lib/libz.1.dylib
0x0000000037003000 	/usr/lib/libSystem.B.dylib
0x0000000037003000 	/usr/lib/libobjc.A.dylib
0x0000000037003000 	/System/Library/Frameworks/CoreFoundation.framework/Versions/A/CoreFoundation
0x0000000037003000 	/System/Library/Frameworks/Foundation.framework/Versions/C/Foundation
0x0000000037003000 	/System/Library/Frameworks/AppKit.framework/Versions/C/AppKit
0x0000000037003000 	/System/Library/Frameworks/CoreData.framework/Versions/A/CoreData
0x0000000037003000 	/System/Library/PrivateFrameworks/RemoteViewServices.framework/Versions/A/RemoteViewServices
0x0000000037003000 	/System/Library/PrivateFrameworks/UIFoundation.framework/Versions/A/UIFoundation
0x0000000037003000 	/System/Library/PrivateFrameworks/DFRFoundation.framework/Versions/A/DFRFoundation
0x0000000037003000 	/usr/lib/libenergytrace.dylib
0x0000000037003000 	/System/Library/PrivateFrameworks/SkyLight.framework/Versions/A/SkyLight
0x0000000037003000 	/System/Library/Frameworks/CoreGraphics.framework/Versions/A/CoreGraphics
0x0000000037003000 	/usr/lib/libScreenReader.dylib
0x0000000037003000 	/System/Library/Frameworks/Accelerate.framework/Versions/A/Accelerate
0x0000000037003000 	/System/Library/Frameworks/IOSurface.framework/Versions/A/IOSurface
0x0000000037003000 	/System/Library/Frameworks/AudioToolbox.framework/Versions/A/AudioToolbox
0x0000000037003000 	/System/Library/Frameworks/AudioUnit.framework/Versions/A/AudioUnit
0x0000000037003000 	/System/Library/PrivateFrameworks/DataDetectorsCore.framework/Versions/A/DataDetectorsCore
0x0000000037003000 	/System/Library/PrivateFrameworks/DesktopServicesPriv.framework/Versions/A/DesktopServicesPriv
0x0000000037003000 	/System/Library/Frameworks/Carbon.framework/Versions/A/Frameworks/HIToolbox.framework/Versions/A/HIToolbox
0x0000000037003000 	/usr/lib/libicucore.A.dylib
0x0000000037003000 	/System/Library/Frameworks/QuartzCore.framework/Versions/A/QuartzCore
0x0000000037003000 	/System/Library/Frameworks/Carbon.framework/Versions/A/Frameworks/SpeechRecognition.framework/Versions/A/SpeechRecognition
0x0000000037003000 	/usr/lib/libauto.dylib
0x0000000037003000 	/usr/lib/libxml2.2.dylib
0x0000000037003000 	/System/Library/PrivateFrameworks/CoreUI.framework/Versions/A/CoreUI
0x0000000037003000 	/System/Library/Frameworks/CoreAudio.framework/Versions/A/CoreAudio
0x0000000037003000 	/System/Library/Frameworks/DiskArbitration.framework/Versions/A/DiskArbitration
0x0000000037003000 	/usr/lib/liblangid.dylib
0x0000000037003000 	/System/Library/PrivateFrameworks/MultitouchSupport.framework/Versions/A/MultitouchSupport
0x0000000037003000 	/System/Library/Frameworks/IOKit.framework/Versions/A/IOKit
0x0000000037003000 	/usr/lib/libDiagnosticMessagesClient.dylib
0x0000000037003000 	/System/Library/Frameworks/CoreServices.framework/Versions/A/CoreServices
0x0000000037003000 	/System/Library/PrivateFrameworks/PerformanceAnalysis.framework/Versions/A/PerformanceAnalysis
0x0000000037003000 	/System/Library/PrivateFrameworks/GenerationalStorage.framework/Versions/A/GenerationalStorage
0x0000000037003000 	/System/Library/Frameworks/OpenGL.framework/Versions/A/OpenGL
0x0000000037003000 	/System/Library/Frameworks/CoreImage.framework/Versions/A/CoreImage
0x0000000037003000 	/System/Library/Frameworks/CoreText.framework/Versions/A/CoreText
0x0000000037003000 	/System/Library/Frameworks/ImageIO.framework/Versions/A/ImageIO
0x0000000037003000 	/System/Library/PrivateFrameworks/Backup.framework/Versions/A/Backup
0x0000000037003000 	/usr/lib/libarchive.2.dylib
0x0000000037003000 	/System/Library/Frameworks/CFNetwork.framework/Versions/A/CFNetwork
0x0000000037003000 	/System/Library/Frameworks/SystemConfiguration.framework/Versions/A/SystemConfiguration
0x0000000037003000 	/usr/lib/libCRFSuite.dylib
0x0000000037003000 	/usr/lib/libc++.1.dylib
0x0000000037003000 	/usr/lib/libc++abi.dylib
0x0000000037003000 	/usr/lib/system/libcache.dylib
0x0000000037003000 	/usr/lib/system/libcommonCrypto.dylib
0x0000000037003000 	/usr/lib/system/libcompiler_rt.dylib
0x0000000037003000 	/usr/lib/system/libcopyfile.dylib
0x0000000037003000 	/usr/lib/system/libcorecrypto.dylib
0x0000000037003000 	/usr/lib/system/libdispatch.dylib
0x0000000037003000 	/usr/lib/system/libdyld.dylib
0x0000000037003000 	/usr/lib/system/libkeymgr.dylib
0x0000000037003000 	/usr/lib/system/liblaunch.dylib
0x0000000037003000 	/usr/lib/system/libmacho.dylib
0x0000000037003000 	/usr/lib/system/libquarantine.dylib
0x0000000037003000 	/usr/lib/system/libremovefile.dylib
0x0000000037003000 	/usr/lib/system/libsystem_asl.dylib
0x0000000037003000 	/usr/lib/system/libsystem_blocks.dylib
0x0000000037003000 	/usr/lib/system/libsystem_c.dylib
0x0000000037003000 	/usr/lib/system/libsystem_configuration.dylib
0x0000000037003000 	/usr/lib/system/libsystem_coreservices.dylib
0x0000000037003000 	/usr/lib/system/libsystem_coretls.dylib
0x0000000037003000 	/usr/lib/system/libsystem_dnssd.dylib
0x0000000037003000 	/usr/lib/system/libsystem_info.dylib
0x0000000037003000 	/usr/lib/system/libsystem_kernel.dylib
0x0000000037003000 	/usr/lib/system/libsystem_m.dylib
0x0000000037003000 	/usr/lib/system/libsystem_malloc.dylib
0x0000000037003000 	/usr/lib/system/libsystem_network.dylib
0x0000000037003000 	/usr/lib/system/libsystem_networkextension.dylib
0x0000000037003000 	/usr/lib/system/libsystem_notify.dylib
0x0000000037003000 	/usr/lib/system/libsystem_platform.dylib
0x0000000037003000 	/usr/lib/system/libsystem_pthread.dylib
0x0000000037003000 	/usr/lib/system/libsystem_sandbox.dylib
0x0000000037003000 	/usr/lib/system/libsystem_secinit.dylib
0x0000000037003000 	/usr/lib/system/libsystem_symptoms.dylib
0x0000000037003000 	/usr/lib/system/libsystem_trace.dylib
0x0000000037003000 	/usr/lib/system/libunwind.dylib
0x0000000037003000 	/usr/lib/system/libxpc.dylib
0x0000000037003000 	/usr/lib/libbsm.0.dylib
0x0000000037003000 	/usr/lib/system/libkxld.dylib
0x0000000037003000 	/usr/lib/libcoretls.dylib
0x0000000037003000 	/usr/lib/libcoretls_cfhelpers.dylib
0x0000000037003000 	/usr/lib/libOpenScriptingUtil.dylib
0x0000000037003000 	/usr/lib/libpam.2.dylib
0x0000000037003000 	/usr/lib/libsqlite3.dylib
0x0000000037003000 	/usr/lib/libxar.1.dylib
0x0000000037003000 	/usr/lib/libbz2.1.0.dylib
0x0000000037003000 	/usr/lib/liblzma.5.dylib
0x0000000037003000 	/usr/lib/libnetwork.dylib
0x0000000037003000 	/usr/lib/libpcap.A.dylib
0x0000000037003000 	/System/Library/Frameworks/CoreServices.framework/Versions/A/Frameworks/FSEvents.framework/Versions/A/FSEvents
0x0000000037003000 	/System/Library/Frameworks/CoreServices.framework/Versions/A/Frameworks/CarbonCore.framework/Versions/A/CarbonCore
0x0000000037003000 	/System/Library/Frameworks/CoreServices.framework/Versions/A/Frameworks/Metadata.framework/Versions/A/Metadata
0x0000000037003000 	/System/Library/Frameworks/CoreServices.framework/Versions/A/Frameworks/OSServices.framework/Versions/A/OSServices
0x0000000037003000 	/System/Library/Frameworks/CoreServices.framework/Versions/A/Frameworks/SearchKit.framework/Versions/A/SearchKit
0x0000000037003000 	/System/Library/Frameworks/CoreServices.framework/Versions/A/Frameworks/AE.framework/Versions/A/AE
0x0000000037003000 	/System/Library/Frameworks/CoreServices.framework/Versions/A/Frameworks/LaunchServices.framework/Versions/A/LaunchServices
0x0000000037003000 	/System/Library/Frameworks/CoreServices.framework/Versions/A/Frameworks/DictionaryServices.framework/Versions/A/DictionaryServices
0x0000000037003000 	/System/Library/Frameworks/CoreServices.framework/Versions/A/Frameworks/SharedFileList.framework/Versions/A/SharedFileList
0x0000000037003000 	/System/Library/Frameworks/NetFS.framework/Versions/A/NetFS
0x0000000037003000 	/System/Library/PrivateFrameworks/NetAuth.framework/Versions/A/NetAuth
0x0000000037003000 	/System/Library/PrivateFrameworks/login.framework/Versions/A/Frameworks/loginsupport.framework/Versions/A/loginsupport
0x0000000037003000 	/System/Library/PrivateFrameworks/TCC.framework/Versions/A/TCC
0x0000000037003000 	/usr/lib/libmecabra.dylib
0x0000000037003000 	/System/Library/Frameworks/ApplicationServices.framework/Versions/A/Frameworks/ATS.framework/Versions/A/ATS
0x0000000037003000 	/System/Library/Frameworks/ApplicationServices.framework/Versions/A/Frameworks/ColorSync.framework/Versions/A/ColorSync
0x0000000037003000 	/System/Library/Frameworks/ApplicationServices.framework/Versions/A/Frameworks/HIServices.framework/Versions/A/HIServices
0x0000000037003000 	/System/Library/Frameworks/ApplicationServices.framework/Versions/A/Frameworks/LangAnalysis.framework/Versions/A/LangAnalysis
0x0000000037003000 	/System/Library/Frameworks/ApplicationServices.framework/Versions/A/Frameworks/PrintCore.framework/Versions/A/PrintCore
0x0000000037003000 	/System/Library/Frameworks/ApplicationServices.framework/Versions/A/Frameworks/QD.framework/Versions/A/QD
0x0000000037003000 	/System/Library/Frameworks/ApplicationServices.framework/Versions/A/Frameworks/SpeechSynthesis.framework/Versions/A/SpeechSynthesis
0x0000000037003000 	/System/Library/Frameworks/Accelerate.framework/Versions/A/Frameworks/vImage.framework/Versions/A/vImage
0x0000000037003000 	/System/Library/Frameworks/Accelerate.framework/Versions/A/Frameworks/vecLib.framework/Versions/A/vecLib
0x0000000037003000 	/System/Library/Frameworks/Accelerate.framework/Versions/A/Frameworks/vecLib.framework/Versions/A/libvDSP.dylib
0x0000000037003000 	/System/Library/Frameworks/Accelerate.framework/Versions/A/Frameworks/vecLib.framework/Versions/A/libBNNS.dylib
0x0000000037003000 	/System/Library/Frameworks/Accelerate.framework/Versions/A/Frameworks/vecLib.framework/Versions/A/libQuadrature.dylib
0x0000000037003000 	/System/Library/Frameworks/Accelerate.framework/Versions/A/Frameworks/vecLib.framework/Versions/A/libvMisc.dylib
0x0000000037003000 	/System/Library/Frameworks/Accelerate.framework/Versions/A/Frameworks/vecLib.framework/Versions/A/libLAPACK.dylib
0x0000000037003000 	/System/Library/Frameworks/Accelerate.framework/Versions/A/Frameworks/vecLib.framework/Versions/A/libBLAS.dylib
0x0000000037003000 	/System/Library/Frameworks/Accelerate.framework/Versions/A/Frameworks/vecLib.framework/Versions/A/libLinearAlgebra.dylib
0x0000000037003000 	/System/Library/Frameworks/Accelerate.framework/Versions/A/Frameworks/vecLib.framework/Versions/A/libSparseBLAS.dylib
0x0000000037003000 	/System/Library/Frameworks/ApplicationServices.framework/Versions/A/Frameworks/ATS.framework/Versions/A/Resources/libFontParser.dylib
0x0000000037003000 	/System/Library/Frameworks/ApplicationServices.framework/Versions/A/Frameworks/ATS.framework/Versions/A/Resources/libFontRegistry.dylib
0x0000000037003000 	/System/Library/Frameworks/ImageIO.framework/Versions/A/Resources/libJPEG.dylib
0x0000000037003000 	/System/Library/Frameworks/ImageIO.framework/Versions/A/Resources/libTIFF.dylib
0x0000000037003000 	/System/Library/Frameworks/ImageIO.framework/Versions/A/Resources/libPng.dylib
0x0000000037003000 	/System/Library/Frameworks/ImageIO.framework/Versions/A/Resources/libGIF.dylib
0x0000000037003000 	/System/Library/Frameworks/ImageIO.framework/Versions/A/Resources/libJP2.dylib
0x0000000037003000 	/System/Library/Frameworks/ImageIO.framework/Versions/A/Resources/libRadiance.dylib
0x0000000037003000 	/usr/lib/libcompression.dylib
0x0000000037003000 	/System/Library/PrivateFrameworks/AppleJPEG.framework/Versions/A/AppleJPEG
0x0000000037003000 	/usr/lib/libcups.2.dylib
0x0000000037003000 	/System/Library/Frameworks/Kerberos.framework/Versions/A/Kerberos
0x0000000037003000 	/System/Library/Frameworks/GSS.framework/Versions/A/GSS
0x0000000037003000 	/usr/lib/libresolv.9.dylib
0x0000000037003000 	/usr/lib/libiconv.2.dylib
0x0000000037003000 	/System/Library/PrivateFrameworks/Heimdal.framework/Versions/A/Heimdal
0x0000000037003000 	/usr/lib/libheimdal-asn1.dylib
0x0000000037003000 	/System/Library/Frameworks/OpenDirectory.framework/Versions/A/OpenDirectory
0x0000000037003000 	/System/Library/PrivateFrameworks/CommonAuth.framework/Versions/A/CommonAuth
0x0000000037003000 	/System/Library/Frameworks/OpenDirectory.framework/Versions/A/Frameworks/CFOpenDirectory.framework/Versions/A/CFOpenDirectory
0x0000000037003000 	/System/Library/Frameworks/SecurityFoundation.framework/Versions/A/SecurityFoundation
0x0000000037003000 	/System/Library/PrivateFrameworks/LanguageModeling.framework/Versions/A/LanguageModeling
0x0000000037003000 	/usr/lib/libmarisa.dylib
0x0000000037003000 	/usr/lib/libChineseTokenizer.dylib
0x0000000037003000 	/usr/lib/libcmph.dylib
0x0000000037003000 	/System/Library/PrivateFrameworks/CoreEmoji.framework/Versions/A/CoreEmoji
0x0000000037003000 	/System/Library/Frameworks/ServiceManagement.framework/Versions/A/ServiceManagement
0x0000000037003000 	/usr/lib/libxslt.1.dylib
0x0000000037003000 	/System/Library/Frameworks/Carbon.framework/Versions/A/Frameworks/Ink.framework/Versions/A/Ink
0x0000000037003000 	/System/Library/PrivateFrameworks/TextureIO.framework/Versions/A/TextureIO
0x0000000037003000 	/System/Library/Frameworks/Metal.framework/Versions/A/Metal
0x0000000037003000 	/usr/lib/libate.dylib
0x0000000037003000 	/System/Library/PrivateFrameworks/GPUCompiler.framework/libmetal_timestamp.dylib
0x0000000037003000 	/System/Library/Frameworks/OpenGL.framework/Versions/A/Libraries/libCoreFSCache.dylib
0x0000000037003000 	/System/Library/PrivateFrameworks/IOAccelerator.framework/Versions/A/IOAccelerator
0x0000000037003000 	/System/Library/Frameworks/CoreVideo.framework/Versions/A/CoreVideo
0x0000000037003000 	/usr/lib/libFosl_dynamic.dylib
0x0000000037003000 	/System/Library/PrivateFrameworks/MetalPerformanceShaders.framework/Versions/A/MetalPerformanceShaders
0x0000000037003000 	/System/Library/PrivateFrameworks/FaceCore.framework/Versions/A/FaceCore
0x0000000037003000 	/System/Library/Frameworks/OpenCL.framework/Versions/A/OpenCL
0x0000000037003000 	/System/Library/Frameworks/OpenGL.framework/Versions/A/Libraries/libGLU.dylib
0x0000000037003000 	/System/Library/Frameworks/OpenGL.framework/Versions/A/Libraries/libGFXShared.dylib
0x0000000037003000 	/System/Library/Frameworks/OpenGL.framework/Versions/A/Libraries/libGL.dylib
0x0000000037003000 	/System/Library/Frameworks/OpenGL.framework/Versions/A/Libraries/libGLImage.dylib
0x0000000037003000 	/System/Library/Frameworks/OpenGL.framework/Versions/A/Libraries/libCVMSPluginSupport.dylib
0x0000000037003000 	/System/Library/Frameworks/OpenGL.framework/Versions/A/Libraries/libCoreVMClient.dylib
0x0000000037003000 	/System/Library/PrivateFrameworks/CrashReporterSupport.framework/Versions/A/CrashReporterSupport
0x0000000037003000 	/System/Library/PrivateFrameworks/Sharing.framework/Versions/A/Sharing
0x0000000037003000 	/System/Library/PrivateFrameworks/IconServices.framework/Versions/A/IconServices
0x0000000037003000 	/System/Library/PrivateFrameworks/ProtocolBuffer.framework/Versions/A/ProtocolBuffer
0x0000000037003000 	/System/Library/PrivateFrameworks/Apple80211.framework/Versions/A/Apple80211
0x0000000037003000 	/System/Library/Frameworks/CoreWLAN.framework/Versions/A/CoreWLAN
0x0000000037003000 	/System/Library/PrivateFrameworks/CoreUtils.framework/Versions/A/CoreUtils
0x0000000037003000 	/System/Library/Frameworks/IOBluetooth.framework/Versions/A/IOBluetooth
0x0000000037003000 	/System/Library/PrivateFrameworks/CoreWiFi.framework/Versions/A/CoreWiFi
0x0000000037003000 	/System/Library/Frameworks/CoreBluetooth.framework/Versions/A/CoreBluetooth
0x0000000037003000 	/System/Library/Frameworks/CoreDisplay.framework/Versions/A/CoreDisplay
0x0000000037003000 	/System/Library/PrivateFrameworks/IOPresentment.framework/Versions/A/IOPresentment
0x0000000037003000 	/System/Library/PrivateFrameworks/DSExternalDisplay.framework/Versions/A/DSExternalDisplay
0x0000000037003000 	/System/Library/PrivateFrameworks/DebugSymbols.framework/Versions/A/DebugSymbols
0x0000000037003000 	/System/Library/PrivateFrameworks/CoreSymbolication.framework/Versions/A/CoreSymbolication
0x0000000037003000 	/System/Library/PrivateFrameworks/Symbolication.framework/Versions/A/Symbolication
0x0000000037003000 	/System/Library/PrivateFrameworks/AppleFSCompression.framework/Versions/A/AppleFSCompression
0x0000000037003000 	/System/Library/PrivateFrameworks/SpeechRecognitionCore.framework/Versions/A/SpeechRecognitionCore
0x0000000037003000 	/System/Library/PrivateFrameworks/ChunkingLibrary.framework/Versions/A/ChunkingLibrary
0x0000000105000000 	/Library/Java/JavaVirtualMachines/jdk1.8.0_141.jdk/Contents/Home/jre/lib/server/libjvm.dylib
0x0000000037003000 	/usr/lib/libstdc++.6.dylib
0x00000001046c6000 	/Library/Java/JavaVirtualMachines/jdk1.8.0_141.jdk/Contents/Home/jre/lib/libverify.dylib
0x00000001046d4000 	/Library/Java/JavaVirtualMachines/jdk1.8.0_141.jdk/Contents/Home/jre/lib/libjava.dylib
0x0000000104713000 	/Library/Java/JavaVirtualMachines/jdk1.8.0_141.jdk/Contents/Home/jre/lib/libzip.dylib
0x00000001047e6000 	/System/Library/Frameworks/JavaVM.framework/Frameworks/JavaRuntimeSupport.framework/JavaRuntimeSupport
0x0000000104745000 	/System/Library/Frameworks/JavaVM.framework/Versions/A/Frameworks/JavaNativeFoundation.framework/Versions/A/JavaNativeFoundation
0x000000011b8e3000 	/System/Library/Frameworks/JavaVM.framework/Versions/A/JavaVM
0x0000000037003000 	/System/Library/Frameworks/Carbon.framework/Versions/A/Carbon
0x000000011b8f0000 	/System/Library/PrivateFrameworks/JavaLaunching.framework/Versions/A/JavaLaunching
0x0000000037003000 	/System/Library/Frameworks/Carbon.framework/Versions/A/Frameworks/CommonPanels.framework/Versions/A/CommonPanels
0x0000000037003000 	/System/Library/Frameworks/Carbon.framework/Versions/A/Frameworks/Help.framework/Versions/A/Help
0x0000000037003000 	/System/Library/Frameworks/Carbon.framework/Versions/A/Frameworks/ImageCapture.framework/Versions/A/ImageCapture
0x0000000037003000 	/System/Library/Frameworks/Carbon.framework/Versions/A/Frameworks/OpenScripting.framework/Versions/A/OpenScripting
0x0000000037003000 	/System/Library/Frameworks/Carbon.framework/Versions/A/Frameworks/Print.framework/Versions/A/Print
0x0000000037003000 	/System/Library/Frameworks/Carbon.framework/Versions/A/Frameworks/SecurityHI.framework/Versions/A/SecurityHI
0x000000011d25b000 	/Library/Java/JavaVirtualMachines/jdk1.8.0_141.jdk/Contents/Home/jre/lib/libawt.dylib
0x000000011d303000 	/Library/Java/JavaVirtualMachines/jdk1.8.0_141.jdk/Contents/Home/jre/lib/./libmlib_image.dylib
0x000000011d3cf000 	/Library/Java/JavaVirtualMachines/jdk1.8.0_141.jdk/Contents/Home/jre/lib/libawt_lwawt.dylib
0x000000011d486000 	/Library/Java/JavaVirtualMachines/jdk1.8.0_141.jdk/Contents/Home/jre/lib/./libosxapp.dylib
0x0000000037003000 	/System/Library/Frameworks/ExceptionHandling.framework/Versions/A/ExceptionHandling
0x0000000037003000 	/System/Library/PrivateFrameworks/CoreServicesInternal.framework/Versions/A/CoreServicesInternal
0x0000000037003000 	/System/Library/CoreServices/RawCamera.bundle/Contents/MacOS/RawCamera
0x0000000037003000 	/System/Library/Frameworks/Accelerate.framework/Versions/A/Frameworks/vImage.framework/Versions/A/Libraries/libCGInterfaces.dylib
0x0000000037003000 	/System/Library/Frameworks/ApplicationServices.framework/Versions/A/Frameworks/ATS.framework/Versions/A/Resources/libTrueTypeScaler.dylib
0x000000011f521000 	/System/Library/Frameworks/OpenGL.framework/Resources/GLEngine.bundle/GLEngine
0x0000000037003000 	/System/Library/Frameworks/OpenGL.framework/Versions/A/Libraries/libGLProgrammability.dylib
0x000000011f706000 	/System/Library/Extensions/AppleIntelHD5000GraphicsGLDriver.bundle/Contents/MacOS/AppleIntelHD5000GraphicsGLDriver
0x0000000037003000 	/System/Library/PrivateFrameworks/GPUSupport.framework/Versions/A/Libraries/libGPUSupportMercury.dylib
0x000000011e3ed000 	/System/Library/Frameworks/OpenGL.framework/Resources//GLRendererFloat.bundle/GLRendererFloat
0x0000000037003000 	/System/Library/Frameworks/OpenCL.framework/Versions/A/Libraries/libcldcpuengine.dylib
0x0000000037003000 	/usr/lib/libcrypto.0.9.8.dylib
0x0000000037003000 	/System/Library/PrivateFrameworks/TrustEvaluationAgent.framework/Versions/A/TrustEvaluationAgent
0x000000011fe74000 	/System/Library/Extensions/AppleIntelHD5000GraphicsMTLDriver.bundle/Contents/MacOS/AppleIntelHD5000GraphicsMTLDriver
0x0000000037003000 	/System/Library/PrivateFrameworks/FamilyControls.framework/Versions/A/FamilyControls
0x0000000037003000 	/System/Library/PrivateFrameworks/CommerceKit.framework/Versions/A/Frameworks/CommerceCore.framework/Versions/A/CommerceCore
0x0000000037003000 	/System/Library/PrivateFrameworks/SystemAdministration.framework/Versions/A/SystemAdministration
0x0000000037003000 	/System/Library/PrivateFrameworks/AppContainer.framework/Versions/A/AppContainer
0x0000000037003000 	/System/Library/PrivateFrameworks/SecCodeWrapper.framework/Versions/A/SecCodeWrapper
0x0000000037003000 	/System/Library/Frameworks/DirectoryService.framework/Versions/A/DirectoryService
0x0000000037003000 	/System/Library/PrivateFrameworks/DiskImages.framework/Versions/A/DiskImages
0x0000000037003000 	/System/Library/PrivateFrameworks/LoginUIKit.framework/Versions/A/Frameworks/LoginUICore.framework/Versions/A/LoginUICore
0x0000000037003000 	/usr/lib/libCoreStorage.dylib
0x0000000037003000 	/usr/lib/libcsfde.dylib
0x0000000037003000 	/usr/lib/libodfde.dylib
0x0000000037003000 	/System/Library/Frameworks/DiscRecording.framework/Versions/A/DiscRecording
0x0000000037003000 	/usr/lib/libcurl.4.dylib
0x0000000037003000 	/System/Library/PrivateFrameworks/MediaKit.framework/Versions/A/MediaKit
0x0000000037003000 	/System/Library/PrivateFrameworks/ProtectedCloudStorage.framework/Versions/A/ProtectedCloudStorage
0x0000000037003000 	/System/Library/PrivateFrameworks/EFILogin.framework/Versions/A/EFILogin
0x0000000037003000 	/usr/lib/libutil.dylib
0x0000000037003000 	/System/Library/Frameworks/LDAP.framework/Versions/A/LDAP
0x0000000037003000 	/usr/lib/libsasl2.2.dylib
0x0000000037003000 	/System/Library/PrivateFrameworks/CoreDaemon.framework/Versions/B/CoreDaemon
0x0000000037003000 	/System/Library/PrivateFrameworks/AppleSRP.framework/Versions/A/AppleSRP
0x0000000037003000 	/System/Library/PrivateFrameworks/APFS.framework/Versions/A/APFS
0x00000001211f6000 	/Library/Java/JavaVirtualMachines/jdk1.8.0_141.jdk/Contents/Home/jre/lib/libfontmanager.dylib
0x000000012125d000 	/Users/Har/Desktop/SWEN-Proj1/lib/liblwjgl.dylib
0x000000011da34000 	/Library/Java/JavaVirtualMachines/jdk1.8.0_141.jdk/Contents/Home/jre/lib/libjawt.dylib
0x0000000037003000 	/System/Library/PrivateFrameworks/ViewBridge.framework/Versions/A/ViewBridge
0x0000000037003000 	/System/Library/PrivateFrameworks/XPCService.framework/Versions/A/XPCService
0x0000000037003000 	/System/Library/PrivateFrameworks/AppSandbox.framework/Versions/A/AppSandbox
0x0000000037003000 	/usr/lib/libsandbox.1.dylib
0x0000000037003000 	/usr/lib/libMatch.1.dylib
0x000000011ff98000 	/Users/Har/Desktop/SWEN-Proj1/lib/libjinput-osx.dylib
0x0000000122abe000 	/System/Library/Extensions/IOHIDFamily.kext/Contents/PlugIns/IOHIDLib.plugin/Contents/MacOS/IOHIDLib

VM Arguments:
jvm_args: -Djava.library.path=/Users/Har/Desktop/SWEN-Proj1/lib -Dfile.encoding=UTF-8 
java_command: App
java_class_path (initial): /Users/Har/Desktop/SWEN-Proj1/bin:/Users/Har/Desktop/SWEN-Proj1/lib/jinput.jar:/Users/Har/Desktop/SWEN-Proj1/lib/lwjgl.jar:/Users/Har/Desktop/SWEN-Proj1/lib/slick.jar
Launcher Type: SUN_STANDARD

Environment Variables:
PATH=/usr/bin:/bin:/usr/sbin:/sbin
SHELL=/bin/bash

Signal Handlers:
SIGSEGV: [libjvm.dylib+0x5b26e5], sa_mask[0]=11111111011111110111111111111111, sa_flags=SA_ONSTACK|SA_RESTART|SA_SIGINFO
SIGBUS: [libjvm.dylib+0x5b26e5], sa_mask[0]=11111111011111110111111111111111, sa_flags=SA_RESTART|SA_SIGINFO
SIGFPE: [libjvm.dylib+0x489100], sa_mask[0]=11111111011111110111111111111111, sa_flags=SA_RESTART|SA_SIGINFO
SIGPIPE: [libjvm.dylib+0x489100], sa_mask[0]=11111111011111110111111111111111, sa_flags=SA_RESTART|SA_SIGINFO
SIGXFSZ: [libjvm.dylib+0x489100], sa_mask[0]=11111111011111110111111111111111, sa_flags=SA_RESTART|SA_SIGINFO
SIGILL: [libjvm.dylib+0x489100], sa_mask[0]=11111111011111110111111111111111, sa_flags=SA_RESTART|SA_SIGINFO
SIGUSR1: SIG_DFL, sa_mask[0]=00000000000000000000000000000000, sa_flags=none
SIGUSR2: [libjvm.dylib+0x488c1e], sa_mask[0]=00100000000000000000000000000000, sa_flags=SA_RESTART|SA_SIGINFO
SIGHUP: [libjvm.dylib+0x4871f5], sa_mask[0]=11111111011111110111111111111111, sa_flags=SA_RESTART|SA_SIGINFO
SIGINT: [libjvm.dylib+0x4871f5], sa_mask[0]=11111111011111110111111111111111, sa_flags=SA_RESTART|SA_SIGINFO
SIGTERM: [libjvm.dylib+0x4871f5], sa_mask[0]=11111111011111110111111111111111, sa_flags=SA_RESTART|SA_SIGINFO
SIGQUIT: [libjvm.dylib+0x4871f5], sa_mask[0]=11111111011111110111111111111111, sa_flags=SA_RESTART|SA_SIGINFO


---------------  S Y S T E M  ---------------

OS:Bsduname:Darwin 16.7.0 Darwin Kernel Version 16.7.0: Thu Jun 15 17:36:27 PDT 2017; root:xnu-3789.70.16~2/RELEASE_X86_64 x86_64
rlimit: STACK 8192k, CORE 0k, NPROC 709, NOFILE 10240, AS infinity
load average:2.01 1.59 1.62

CPU:total 4 (initial active 4) (2 cores per cpu, 2 threads per core) family 6 model 69 stepping 1, cmov, cx8, fxsr, mmx, sse, sse2, sse3, ssse3, sse4.1, sse4.2, popcnt, avx, avx2, aes, clmul, erms, lzcnt, ht, tsc, tscinvbit, bmi1, bmi2

Memory: 4k page, physical 8388608k(699388k free)

/proc/meminfo:


vm_info: Java HotSpot(TM) 64-Bit Server VM (25.141-b15) for bsd-amd64 JRE (1.8.0_141-b15), built on Jul 12 2017 04:35:23 by "java_re" with gcc 4.2.1 (Based on Apple Inc. build 5658) (LLVM build 2336.11.00)

time: Tue Oct 10 11:59:15 2017
elapsed time: 23 seconds (0d 0h 0m 23s)

