#
# A fatal error has been detected by the Java Runtime Environment:
#
#  SIGSEGV (0xb) at pc=0x00007fff9c26e05d, pid=2109, tid=0x0000000000000307
#
# JRE version: Java(TM) SE Runtime Environment (8.0_141-b15) (build 1.8.0_141-b15)
# Java VM: Java HotSpot(TM) 64-Bit Server VM (25.141-b15 mixed mode bsd-amd64 compressed oops)
# Problematic frame:
# C  [libobjc.A.dylib+0x705d]  objc_msgSend+0x1d
#
# Failed to write core dump. Core dumps have been disabled. To enable core dumping, try "ulimit -c unlimited" before starting Java again
#
# If you would like to submit a bug report, please visit:
#   http://bugreport.java.com/bugreport/crash.jsp
# The crash happened outside the Java Virtual Machine in native code.
# See problematic frame for where to report the bug.
#

---------------  T H R E A D  ---------------

Current thread (0x00007f99a0082800):  JavaThread "AppKit Thread" daemon [_thread_in_native, id=775, stack(0x00007fff585ca000,0x00007fff58dca000)]

siginfo: si_signo: 11 (SIGSEGV), si_code: 1 (SEGV_MAPERR), si_addr: 0x0000136700010028

Registers:
RAX=0x00007f999ee5cca0, RBX=0x00007f999edb0fe0, RCX=0x00007f999ec48060, RDX=0x00007f999ee5cca0
RSP=0x00007fff58dc50b8, RBP=0x00007fff58dc50c0, RSI=0x00007fff85b68843, RDI=0x00007f999ec48060
R8 =0x000000000000003f, R9 =0x00007f999ed62140, R10=0x0000136700010010, R11=0x00007fff85b68843
R12=0x0000000000000000, R13=0x00007f999ed62140, R14=0x00007f999ee5cca0, R15=0x0000000000000000
RIP=0x00007fff9c26e05d, EFLAGS=0x0000000000010202, ERR=0x0000000000000004
  TRAPNO=0x000000000000000e

Top of Stack: (sp=0x00007fff58dc50b8)
0x00007fff58dc50b8:   00007fff873fd45c 00007fff58dc5130
0x00007fff58dc50c8:   00007fff873fd35b 0000000000000000
0x00007fff58dc50d8:   00007fffa5a5a060 00000000c2000000
0x00007fff58dc50e8:   00007fff873fd3b0 00007fffa22d2680
0x00007fff58dc50f8:   00007f999ed62140 00007f999ee5cca0
0x00007fff58dc5108:   00007fff58dc58f8 00007fff9c26e040
0x00007fff58dc5118:   00007fff58dc5200 00007f999ed62140
0x00007fff58dc5128:   00007fff85b0005a 00007fff58dc5170
0x00007fff58dc5138:   00007fff873fd0c2 00007fff58dc5740
0x00007fff58dc5148:   0000000000000001 00007fff9c26e040
0x00007fff58dc5158:   00007fff58dc5200 00007fff58dc58f8
0x00007fff58dc5168:   00007fff85b0005a 00007fff58dc5890
0x00007fff58dc5178:   00007fff873ba523 00007f999ec00000
0x00007fff58dc5188:   0000000000000003 0000000106e57800
0x00007fff58dc5198:   0000000000000004 00007f999ef13dd0
0x00007fff58dc51a8:   00007fffa22d3cb0 0000000000000000
0x00007fff58dc51b8:   00007f999f8820d0 00007f999ef13d01
0x00007fff58dc51c8:   00007f999efa3d70 00007fffa24060e0
0x00007fff58dc51d8:   0000000000000000 0000000000000000
0x00007fff58dc51e8:   0000000000000000 00007f999efa4980
0x00007fff58dc51f8:   00007fffa2312900 00007fff58dc5740
0x00007fff58dc5208:   0000000000000002 0000000000000100
0x00007fff58dc5218:   00007fffa59c7400 00007fff58dc5640
0x00007fff58dc5228:   0000000000000000 0000000000000100
0x00007fff58dc5238:   00007f999ec2af00 00007fff58dc5270
0x00007fff58dc5248:   00007fff873fdd0c ffff8066613d50e0
0x00007fff58dc5258:   00007f999ec2af20 00007fffa2403640
0x00007fff58dc5268:   00007f999ec2af20 00007fff58dc52a0
0x00007fff58dc5278:   00007fff873fdd58 ffff8066613d50e0
0x00007fff58dc5288:   00007f999ec2af20 00007fffa24038c0
0x00007fff58dc5298:   00007f999ec2af20 00007fff58dc52d0
0x00007fff58dc52a8:   00007fff873fde3b 0000000000000280 

Instructions: (pc=0x00007fff9c26e05d)
0x00007fff9c26e03d:   0f 1f 00 48 85 ff 2e 74 62 40 f6 c7 01 2e 75 66
0x00007fff9c26e04d:   49 ba f8 ff ff ff ff 7f 00 00 4c 23 17 49 89 f3
0x00007fff9c26e05d:   45 23 5a 18 49 c1 e3 04 4d 03 5a 10 49 3b 33 75
0x00007fff9c26e06d:   04 41 ff 63 08 49 83 3b 01 76 0d 49 83 c3 10 49 

Register to memory mapping:

RAX=0x00007f999ee5cca0 is an unknown value
RBX=0x00007f999edb0fe0 is an unknown value
RCX=0x00007f999ec48060 is an unknown value
RDX=0x00007f999ee5cca0 is an unknown value
RSP=0x00007fff58dc50b8 is pointing into the stack for thread: 0x00007f99a0082800
RBP=0x00007fff58dc50c0 is pointing into the stack for thread: 0x00007f99a0082800
RSI=0x00007fff85b68843: __NSStyleNameIndexTable+0xe048b in /System/Library/Frameworks/AppKit.framework/Versions/C/AppKit at 0x00007fff84e9b000
RDI=0x00007f999ec48060 is an unknown value
R8 =0x000000000000003f is an unknown value
R9 =0x00007f999ed62140 is an unknown value
R10=0x0000136700010010 is an unknown value
R11=0x00007fff85b68843: __NSStyleNameIndexTable+0xe048b in /System/Library/Frameworks/AppKit.framework/Versions/C/AppKit at 0x00007fff84e9b000
R12=0x0000000000000000 is an unknown value
R13=0x00007f999ed62140 is an unknown value
R14=0x00007f999ee5cca0 is an unknown value
R15=0x0000000000000000 is an unknown value


Stack: [0x00007fff585ca000,0x00007fff58dca000],  sp=0x00007fff58dc50b8,  free space=8172k
Native frames: (J=compiled Java code, j=interpreted, Vv=VM code, C=native code)
C  [libobjc.A.dylib+0x705d]  objc_msgSend+0x1d
C  [CoreFoundation+0x9d35b]  _CFXRegistrationPost+0x1ab
C  [CoreFoundation+0x9d0c2]  ___CFXNotificationPost_block_invoke+0x32
C  [CoreFoundation+0x5a523]  -[_CFXNotificationRegistrar find:object:observer:enumerator:]+0x723
C  [CoreFoundation+0x5955c]  _CFXNotificationPost+0x25c
C  [Foundation+0x6907]  -[NSNotificationCenter postNotificationName:object:userInfo:]+0x42
C  [AppKit+0x24ee3b]  -[NSSurface _disposeSurface]+0x98
C  [AppKit+0x24e9ea]  -[NSSurface setWindow:]+0x35
C  [AppKit+0x28960]  -[NSView _setWindow:]+0xa0f
C  [AppKit+0x2b587]  -[NSView removeFromSuperview]+0x1d1
C  [AppKit+0x14cd60]  -[NSView removeFromSuperviewWithoutNeedingDisplay]+0x26
C  [liblwjgl.dylib+0xa205]  +[MacOSXKeyableWindow destroyWindow]+0xb5
C  [Foundation+0x717ba]  __NSThreadPerformPerform+0x146
C  [CoreFoundation+0xa7321]  __CFRUNLOOP_IS_CALLING_OUT_TO_A_SOURCE0_PERFORM_FUNCTION__+0x11
C  [CoreFoundation+0x8821d]  __CFRunLoopDoSources0+0x22d
C  [CoreFoundation+0x87716]  __CFRunLoopRun+0x3a6
C  [CoreFoundation+0x87114]  CFRunLoopRunSpecific+0x1a4
C  [HIToolbox+0x30ebc]  RunCurrentEventLoopInMode+0xf0
C  [HIToolbox+0x30cf1]  ReceiveNextEventCommon+0x1b0
C  [HIToolbox+0x30b26]  _BlockUntilNextEventMatchingListInModeWithFilter+0x47
C  [AppKit+0x46a54]  _DPSNextEvent+0x460
C  [AppKit+0x7c27ee]  -[NSApplication(NSEvent) _nextEventMatchingEventMask:untilDate:inMode:dequeue:]+0xaec
C  [libosxapp.dylib+0x23aa]  -[NSApplicationAWT nextEventMatchingMask:untilDate:inMode:dequeue:]+0x7c
C  [AppKit+0x3b3db]  -[NSApplication run]+0x39e
C  [libosxapp.dylib+0x214d]  +[NSApplicationAWT runAWTLoopWithApp:]+0x9c
C  [libawt_lwawt.dylib+0x45edf]  -[AWTStarter starter:]+0x389
C  [Foundation+0x717ba]  __NSThreadPerformPerform+0x146
C  [CoreFoundation+0xa7321]  __CFRUNLOOP_IS_CALLING_OUT_TO_A_SOURCE0_PERFORM_FUNCTION__+0x11
C  [CoreFoundation+0x8821d]  __CFRunLoopDoSources0+0x22d
C  [CoreFoundation+0x87716]  __CFRunLoopRun+0x3a6
C  [CoreFoundation+0x87114]  CFRunLoopRunSpecific+0x1a4
C  [java+0x6465]  CreateExecutionEnvironment+0x367
C  [java+0x218c]  JLI_Launch+0x7a0
C  [java+0x84c2]  main+0x65
C  [java+0x19e4]  start+0x34
C  0x0000000000000006


---------------  P R O C E S S  ---------------

Java Threads: ( => current thread )
  0x00007f99a0a67000 JavaThread "AWT-Shutdown" [_thread_blocked, id=29823, stack(0x000070000af7e000,0x000070000b07e000)]
=>0x00007f99a0082800 JavaThread "AppKit Thread" daemon [_thread_in_native, id=775, stack(0x00007fff585ca000,0x00007fff58dca000)]
  0x00007f999f810800 JavaThread "Service Thread" daemon [_thread_blocked, id=18691, stack(0x000070000bca8000,0x000070000bda8000)]
  0x00007f999f036800 JavaThread "C1 CompilerThread2" daemon [_thread_blocked, id=18179, stack(0x000070000bba5000,0x000070000bca5000)]
  0x00007f999f80f800 JavaThread "C2 CompilerThread1" daemon [_thread_blocked, id=17667, stack(0x000070000baa2000,0x000070000bba2000)]
  0x00007f99a002a800 JavaThread "C2 CompilerThread0" daemon [_thread_blocked, id=17155, stack(0x000070000b99f000,0x000070000ba9f000)]
  0x00007f99a0029800 JavaThread "Signal Dispatcher" daemon [_thread_blocked, id=16643, stack(0x000070000b89c000,0x000070000b99c000)]
  0x00007f99a0017000 JavaThread "Finalizer" daemon [_thread_blocked, id=12547, stack(0x000070000b799000,0x000070000b899000)]
  0x00007f99a0816000 JavaThread "Reference Handler" daemon [_thread_blocked, id=12035, stack(0x000070000b696000,0x000070000b796000)]
  0x00007f999f001000 JavaThread "main" [_thread_in_native, id=7171, stack(0x000070000b084000,0x000070000b184000)]

Other Threads:
  0x00007f999f015800 VMThread [stack: 0x000070000b593000,0x000070000b693000] [id=11523]
  0x00007f99a0001000 WatcherThread [stack: 0x000070000bdab000,0x000070000beab000] [id=19203]

VM state:not at safepoint (normal execution)

VM Mutex/Monitor currently owned by a thread: None

Heap:
 PSYoungGen      total 38400K, used 17458K [0x0000000795580000, 0x0000000798000000, 0x00000007c0000000)
  eden space 33280K, 42% used [0x0000000795580000,0x0000000796372ae0,0x0000000797600000)
  from space 5120K, 62% used [0x0000000797600000,0x000000079791a060,0x0000000797b00000)
  to   space 5120K, 0% used [0x0000000797b00000,0x0000000797b00000,0x0000000798000000)
 ParOldGen       total 87552K, used 16K [0x0000000740000000, 0x0000000745580000, 0x0000000795580000)
  object space 87552K, 0% used [0x0000000740000000,0x0000000740004000,0x0000000745580000)
 Metaspace       used 7540K, capacity 7759K, committed 8064K, reserved 1056768K
  class space    used 749K, capacity 826K, committed 896K, reserved 1048576K

Card table byte_map: [0x0000000108b67000,0x0000000108f68000] byte_map_base: 0x0000000105167000

Marking Bits: (ParMarkBitMap*) 0x00000001080f35d0
 Begin Bits: [0x000000011b776000, 0x000000011d776000)
 End Bits:   [0x000000011d776000, 0x000000011f776000)

Polling page: 0x0000000106ef6000

CodeCache: size=245760Kb used=3926Kb max_used=3929Kb free=241833Kb
 bounds [0x000000010c776000, 0x000000010cb56000, 0x000000011b776000]
 total_blobs=1340 nmethods=941 adapters=313
 compilation: enabled

Compilation events (10 events):
Event: 116.798 Thread 0x00007f999f036800  941       3       java.nio.HeapByteBuffer::putLong (21 bytes)
Event: 116.799 Thread 0x00007f999f036800 nmethod 941 0x000000010cb38f90 code [0x000000010cb39120, 0x000000010cb394e8]
Event: 116.799 Thread 0x00007f999f036800  942       3       java.nio.Bits::putLong (21 bytes)
Event: 116.799 Thread 0x00007f999f036800 nmethod 942 0x000000010cb38b50 code [0x000000010cb38cc0, 0x000000010cb38eb8]
Event: 116.808 Thread 0x00007f999f036800  943       3       java.nio.HeapByteBuffer::getLong (19 bytes)
Event: 116.809 Thread 0x00007f999f036800 nmethod 943 0x000000010cb38490 code [0x000000010cb38640, 0x000000010cb389e8]
Event: 116.809 Thread 0x00007f999f036800  944       3       java.nio.Bits::getLong (18 bytes)
Event: 116.809 Thread 0x00007f999f036800 nmethod 944 0x000000010cb43850 code [0x000000010cb439c0, 0x000000010cb43bb8]
Event: 116.960 Thread 0x00007f999f036800  945  s    3       org.lwjgl.opengl.MacOSXNativeMouse::mouseMoved (138 bytes)
Event: 116.960 Thread 0x00007f999f036800 nmethod 945 0x000000010cb42c10 code [0x000000010cb42e20, 0x000000010cb436a8]

GC Heap History (2 events):
Event: 44.162 GC heap before
{Heap before GC invocations=1 (full 0):
 PSYoungGen      total 38400K, used 33280K [0x0000000795580000, 0x0000000798000000, 0x00000007c0000000)
  eden space 33280K, 100% used [0x0000000795580000,0x0000000797600000,0x0000000797600000)
  from space 5120K, 0% used [0x0000000797b00000,0x0000000797b00000,0x0000000798000000)
  to   space 5120K, 0% used [0x0000000797600000,0x0000000797600000,0x0000000797b00000)
 ParOldGen       total 87552K, used 0K [0x0000000740000000, 0x0000000745580000, 0x0000000795580000)
  object space 87552K, 0% used [0x0000000740000000,0x0000000740000000,0x0000000745580000)
 Metaspace       used 7508K, capacity 7631K, committed 7808K, reserved 1056768K
  class space    used 749K, capacity 826K, committed 896K, reserved 1048576K
Event: 44.168 GC heap after
Heap after GC invocations=1 (full 0):
 PSYoungGen      total 38400K, used 3176K [0x0000000795580000, 0x0000000798000000, 0x00000007c0000000)
  eden space 33280K, 0% used [0x0000000795580000,0x0000000795580000,0x0000000797600000)
  from space 5120K, 62% used [0x0000000797600000,0x000000079791a060,0x0000000797b00000)
  to   space 5120K, 0% used [0x0000000797b00000,0x0000000797b00000,0x0000000798000000)
 ParOldGen       total 87552K, used 16K [0x0000000740000000, 0x0000000745580000, 0x0000000795580000)
  object space 87552K, 0% used [0x0000000740000000,0x0000000740004000,0x0000000745580000)
 Metaspace       used 7508K, capacity 7631K, committed 7808K, reserved 1056768K
  class space    used 749K, capacity 826K, committed 896K, reserved 1048576K
}

Deoptimization events (9 events):
Event: 0.799 Thread 0x00007f999f001000 Uncommon trap: reason=unstable_if action=reinterpret pc=0x000000010c926780 method=java.lang.String.replace(CC)Ljava/lang/String; @ 26
Event: 13.964 Thread 0x00007f999f1af800 Uncommon trap: reason=unstable_if action=reinterpret pc=0x000000010cad2038 method=java.util.HashMap.keySet()Ljava/util/Set; @ 6
Event: 13.964 Thread 0x00007f999f1af800 Uncommon trap: reason=unstable_if action=reinterpret pc=0x000000010caaff58 method=java.util.HashMap$HashIterator.<init>(Ljava/util/HashMap;)V @ 38
Event: 39.335 Thread 0x00007f999f001000 Uncommon trap: reason=unstable_if action=reinterpret pc=0x000000010caf5fc8 method=Player.update(Lorg/newdawn/slick/Input;I)V @ 67
Event: 72.081 Thread 0x00007f999f001000 Uncommon trap: reason=unstable_if action=reinterpret pc=0x000000010caefd00 method=org.newdawn.slick.Input.poll(II)V @ 441
Event: 77.093 Thread 0x00007f999f001000 Uncommon trap: reason=unstable_if action=reinterpret pc=0x000000010cae5054 method=org.lwjgl.opengl.MacOSXDisplay.update()V @ 86
Event: 77.279 Thread 0x00007f999f001000 Uncommon trap: reason=unstable_if action=reinterpret pc=0x000000010cae140c method=org.lwjgl.opengl.MacOSXDisplay.update()V @ 86
Event: 77.505 Thread 0x00007f999f001000 Uncommon trap: reason=unstable_if action=reinterpret pc=0x000000010cb10474 method=org.newdawn.slick.GameContainer.updateAndRender(I)V @ 69
Event: 118.992 Thread 0x00007f999f001000 Uncommon trap: reason=unstable_if action=reinterpret pc=0x000000010cada1e0 method=org.newdawn.slick.AppGameContainer.gameLoop()V @ 60

Internal exceptions (10 events):
Event: 0.133 Thread 0x00007f999f001000 Exception <a 'java/security/PrivilegedActionException'> (0x00000007956dff10) thrown at [/Users/java_re/workspace/8-2-build-macosx-x86_64/jdk8u141/9370/hotspot/src/share/vm/prims/jvm.cpp, line 1390]
Event: 0.184 Thread 0x00007f999f001000 Exception <a 'java/security/PrivilegedActionException'> (0x00000007958230b0) thrown at [/Users/java_re/workspace/8-2-build-macosx-x86_64/jdk8u141/9370/hotspot/src/share/vm/prims/jvm.cpp, line 1390]
Event: 0.184 Thread 0x00007f999f001000 Exception <a 'java/security/PrivilegedActionException'> (0x00000007958232c0) thrown at [/Users/java_re/workspace/8-2-build-macosx-x86_64/jdk8u141/9370/hotspot/src/share/vm/prims/jvm.cpp, line 1390]
Event: 0.185 Thread 0x00007f999f001000 Exception <a 'java/security/PrivilegedActionException'> (0x00000007958267d8) thrown at [/Users/java_re/workspace/8-2-build-macosx-x86_64/jdk8u141/9370/hotspot/src/share/vm/prims/jvm.cpp, line 1390]
Event: 0.185 Thread 0x00007f999f001000 Exception <a 'java/security/PrivilegedActionException'> (0x00000007958269e8) thrown at [/Users/java_re/workspace/8-2-build-macosx-x86_64/jdk8u141/9370/hotspot/src/share/vm/prims/jvm.cpp, line 1390]
Event: 0.227 Thread 0x00007f999f001000 Exception <a 'java/lang/NoSuchFieldError': method resolution failed> (0x00000007958f9968) thrown at [/Users/java_re/workspace/8-2-build-macosx-x86_64/jdk8u141/9370/hotspot/src/share/vm/prims/methodHandles.cpp, line 1146]
Event: 0.228 Thread 0x00007f999f001000 Exception <a 'java/lang/NoSuchFieldError': method resolution failed> (0x00000007959070b8) thrown at [/Users/java_re/workspace/8-2-build-macosx-x86_64/jdk8u141/9370/hotspot/src/share/vm/prims/methodHandles.cpp, line 1146]
Event: 0.473 Thread 0x00007f999f001000 Exception <a 'java/io/FileNotFoundException'> (0x0000000795981a70) thrown at [/Users/java_re/workspace/8-2-build-macosx-x86_64/jdk8u141/9370/hotspot/src/share/vm/prims/jni.cpp, line 709]
Event: 0.473 Thread 0x00007f999f001000 Exception <a 'java/io/FileNotFoundException'> (0x00000007959825c0) thrown at [/Users/java_re/workspace/8-2-build-macosx-x86_64/jdk8u141/9370/hotspot/src/share/vm/prims/jni.cpp, line 709]
Event: 13.964 Thread 0x00007f999f1af800 Implicit null exception at 0x000000010caafd83 to 0x000000010caaff41

Events (10 events):
Event: 113.932 Thread 0x00007f99a0a67000 Thread added: 0x00007f99a0a67000
Event: 118.288 Executing VM operation: RevokeBias
Event: 118.288 Executing VM operation: RevokeBias done
Event: 118.288 Thread 0x00007f99a0a67000 Thread exited: 0x00007f99a0a67000
Event: 118.854 Thread 0x00007f99a0a67000 Thread added: 0x00007f99a0a67000
Event: 118.992 Thread 0x00007f999f001000 Uncommon trap: trap_request=0xffffff65 fr.pc=0x000000010cada1e0
Event: 118.992 Thread 0x00007f999f001000 DEOPT PACKING pc=0x000000010cada1e0 sp=0x000070000b183840
Event: 118.992 Thread 0x00007f999f001000 DEOPT UNPACKING pc=0x000000010c77b229 sp=0x000070000b183808 mode 2
Event: 118.999 loading class org/lwjgl/opengl/CallbackUtil
Event: 118.999 loading class org/lwjgl/opengl/CallbackUtil done


Dynamic libraries:
0x0000000011fea000 	/System/Library/Frameworks/Cocoa.framework/Versions/A/Cocoa
0x0000000011fea000 	/System/Library/Frameworks/Security.framework/Versions/A/Security
0x0000000011fea000 	/System/Library/Frameworks/ApplicationServices.framework/Versions/A/ApplicationServices
0x0000000011fea000 	/usr/lib/libz.1.dylib
0x0000000011fea000 	/usr/lib/libSystem.B.dylib
0x0000000011fea000 	/usr/lib/libobjc.A.dylib
0x0000000011fea000 	/System/Library/Frameworks/CoreFoundation.framework/Versions/A/CoreFoundation
0x0000000011fea000 	/System/Library/Frameworks/Foundation.framework/Versions/C/Foundation
0x0000000011fea000 	/System/Library/Frameworks/AppKit.framework/Versions/C/AppKit
0x0000000011fea000 	/System/Library/Frameworks/CoreData.framework/Versions/A/CoreData
0x0000000011fea000 	/System/Library/PrivateFrameworks/RemoteViewServices.framework/Versions/A/RemoteViewServices
0x0000000011fea000 	/System/Library/PrivateFrameworks/UIFoundation.framework/Versions/A/UIFoundation
0x0000000011fea000 	/System/Library/PrivateFrameworks/DFRFoundation.framework/Versions/A/DFRFoundation
0x0000000011fea000 	/usr/lib/libenergytrace.dylib
0x0000000011fea000 	/System/Library/PrivateFrameworks/SkyLight.framework/Versions/A/SkyLight
0x0000000011fea000 	/System/Library/Frameworks/CoreGraphics.framework/Versions/A/CoreGraphics
0x0000000011fea000 	/usr/lib/libScreenReader.dylib
0x0000000011fea000 	/System/Library/Frameworks/Accelerate.framework/Versions/A/Accelerate
0x0000000011fea000 	/System/Library/Frameworks/IOSurface.framework/Versions/A/IOSurface
0x0000000011fea000 	/System/Library/Frameworks/AudioToolbox.framework/Versions/A/AudioToolbox
0x0000000011fea000 	/System/Library/Frameworks/AudioUnit.framework/Versions/A/AudioUnit
0x0000000011fea000 	/System/Library/PrivateFrameworks/DataDetectorsCore.framework/Versions/A/DataDetectorsCore
0x0000000011fea000 	/System/Library/PrivateFrameworks/DesktopServicesPriv.framework/Versions/A/DesktopServicesPriv
0x0000000011fea000 	/System/Library/Frameworks/Carbon.framework/Versions/A/Frameworks/HIToolbox.framework/Versions/A/HIToolbox
0x0000000011fea000 	/usr/lib/libicucore.A.dylib
0x0000000011fea000 	/System/Library/Frameworks/QuartzCore.framework/Versions/A/QuartzCore
0x0000000011fea000 	/System/Library/Frameworks/Carbon.framework/Versions/A/Frameworks/SpeechRecognition.framework/Versions/A/SpeechRecognition
0x0000000011fea000 	/usr/lib/libauto.dylib
0x0000000011fea000 	/usr/lib/libxml2.2.dylib
0x0000000011fea000 	/System/Library/PrivateFrameworks/CoreUI.framework/Versions/A/CoreUI
0x0000000011fea000 	/System/Library/Frameworks/CoreAudio.framework/Versions/A/CoreAudio
0x0000000011fea000 	/System/Library/Frameworks/DiskArbitration.framework/Versions/A/DiskArbitration
0x0000000011fea000 	/usr/lib/liblangid.dylib
0x0000000011fea000 	/System/Library/PrivateFrameworks/MultitouchSupport.framework/Versions/A/MultitouchSupport
0x0000000011fea000 	/System/Library/Frameworks/IOKit.framework/Versions/A/IOKit
0x0000000011fea000 	/usr/lib/libDiagnosticMessagesClient.dylib
0x0000000011fea000 	/System/Library/Frameworks/CoreServices.framework/Versions/A/CoreServices
0x0000000011fea000 	/System/Library/PrivateFrameworks/PerformanceAnalysis.framework/Versions/A/PerformanceAnalysis
0x0000000011fea000 	/System/Library/PrivateFrameworks/GenerationalStorage.framework/Versions/A/GenerationalStorage
0x0000000011fea000 	/System/Library/Frameworks/OpenGL.framework/Versions/A/OpenGL
0x0000000011fea000 	/System/Library/Frameworks/CoreImage.framework/Versions/A/CoreImage
0x0000000011fea000 	/System/Library/Frameworks/CoreText.framework/Versions/A/CoreText
0x0000000011fea000 	/System/Library/Frameworks/ImageIO.framework/Versions/A/ImageIO
0x0000000011fea000 	/System/Library/PrivateFrameworks/Backup.framework/Versions/A/Backup
0x0000000011fea000 	/usr/lib/libarchive.2.dylib
0x0000000011fea000 	/System/Library/Frameworks/CFNetwork.framework/Versions/A/CFNetwork
0x0000000011fea000 	/System/Library/Frameworks/SystemConfiguration.framework/Versions/A/SystemConfiguration
0x0000000011fea000 	/usr/lib/libCRFSuite.dylib
0x0000000011fea000 	/usr/lib/libc++.1.dylib
0x0000000011fea000 	/usr/lib/libc++abi.dylib
0x0000000011fea000 	/usr/lib/system/libcache.dylib
0x0000000011fea000 	/usr/lib/system/libcommonCrypto.dylib
0x0000000011fea000 	/usr/lib/system/libcompiler_rt.dylib
0x0000000011fea000 	/usr/lib/system/libcopyfile.dylib
0x0000000011fea000 	/usr/lib/system/libcorecrypto.dylib
0x0000000011fea000 	/usr/lib/system/libdispatch.dylib
0x0000000011fea000 	/usr/lib/system/libdyld.dylib
0x0000000011fea000 	/usr/lib/system/libkeymgr.dylib
0x0000000011fea000 	/usr/lib/system/liblaunch.dylib
0x0000000011fea000 	/usr/lib/system/libmacho.dylib
0x0000000011fea000 	/usr/lib/system/libquarantine.dylib
0x0000000011fea000 	/usr/lib/system/libremovefile.dylib
0x0000000011fea000 	/usr/lib/system/libsystem_asl.dylib
0x0000000011fea000 	/usr/lib/system/libsystem_blocks.dylib
0x0000000011fea000 	/usr/lib/system/libsystem_c.dylib
0x0000000011fea000 	/usr/lib/system/libsystem_configuration.dylib
0x0000000011fea000 	/usr/lib/system/libsystem_coreservices.dylib
0x0000000011fea000 	/usr/lib/system/libsystem_coretls.dylib
0x0000000011fea000 	/usr/lib/system/libsystem_dnssd.dylib
0x0000000011fea000 	/usr/lib/system/libsystem_info.dylib
0x0000000011fea000 	/usr/lib/system/libsystem_kernel.dylib
0x0000000011fea000 	/usr/lib/system/libsystem_m.dylib
0x0000000011fea000 	/usr/lib/system/libsystem_malloc.dylib
0x0000000011fea000 	/usr/lib/system/libsystem_network.dylib
0x0000000011fea000 	/usr/lib/system/libsystem_networkextension.dylib
0x0000000011fea000 	/usr/lib/system/libsystem_notify.dylib
0x0000000011fea000 	/usr/lib/system/libsystem_platform.dylib
0x0000000011fea000 	/usr/lib/system/libsystem_pthread.dylib
0x0000000011fea000 	/usr/lib/system/libsystem_sandbox.dylib
0x0000000011fea000 	/usr/lib/system/libsystem_secinit.dylib
0x0000000011fea000 	/usr/lib/system/libsystem_symptoms.dylib
0x0000000011fea000 	/usr/lib/system/libsystem_trace.dylib
0x0000000011fea000 	/usr/lib/system/libunwind.dylib
0x0000000011fea000 	/usr/lib/system/libxpc.dylib
0x0000000011fea000 	/usr/lib/libbsm.0.dylib
0x0000000011fea000 	/usr/lib/system/libkxld.dylib
0x0000000011fea000 	/usr/lib/libcoretls.dylib
0x0000000011fea000 	/usr/lib/libcoretls_cfhelpers.dylib
0x0000000011fea000 	/usr/lib/libOpenScriptingUtil.dylib
0x0000000011fea000 	/usr/lib/libpam.2.dylib
0x0000000011fea000 	/usr/lib/libsqlite3.dylib
0x0000000011fea000 	/usr/lib/libxar.1.dylib
0x0000000011fea000 	/usr/lib/libbz2.1.0.dylib
0x0000000011fea000 	/usr/lib/liblzma.5.dylib
0x0000000011fea000 	/usr/lib/libnetwork.dylib
0x0000000011fea000 	/usr/lib/libpcap.A.dylib
0x0000000011fea000 	/System/Library/Frameworks/CoreServices.framework/Versions/A/Frameworks/FSEvents.framework/Versions/A/FSEvents
0x0000000011fea000 	/System/Library/Frameworks/CoreServices.framework/Versions/A/Frameworks/CarbonCore.framework/Versions/A/CarbonCore
0x0000000011fea000 	/System/Library/Frameworks/CoreServices.framework/Versions/A/Frameworks/Metadata.framework/Versions/A/Metadata
0x0000000011fea000 	/System/Library/Frameworks/CoreServices.framework/Versions/A/Frameworks/OSServices.framework/Versions/A/OSServices
0x0000000011fea000 	/System/Library/Frameworks/CoreServices.framework/Versions/A/Frameworks/SearchKit.framework/Versions/A/SearchKit
0x0000000011fea000 	/System/Library/Frameworks/CoreServices.framework/Versions/A/Frameworks/AE.framework/Versions/A/AE
0x0000000011fea000 	/System/Library/Frameworks/CoreServices.framework/Versions/A/Frameworks/LaunchServices.framework/Versions/A/LaunchServices
0x0000000011fea000 	/System/Library/Frameworks/CoreServices.framework/Versions/A/Frameworks/DictionaryServices.framework/Versions/A/DictionaryServices
0x0000000011fea000 	/System/Library/Frameworks/CoreServices.framework/Versions/A/Frameworks/SharedFileList.framework/Versions/A/SharedFileList
0x0000000011fea000 	/System/Library/Frameworks/NetFS.framework/Versions/A/NetFS
0x0000000011fea000 	/System/Library/PrivateFrameworks/NetAuth.framework/Versions/A/NetAuth
0x0000000011fea000 	/System/Library/PrivateFrameworks/login.framework/Versions/A/Frameworks/loginsupport.framework/Versions/A/loginsupport
0x0000000011fea000 	/System/Library/PrivateFrameworks/TCC.framework/Versions/A/TCC
0x0000000011fea000 	/usr/lib/libmecabra.dylib
0x0000000011fea000 	/System/Library/Frameworks/ApplicationServices.framework/Versions/A/Frameworks/ATS.framework/Versions/A/ATS
0x0000000011fea000 	/System/Library/Frameworks/ApplicationServices.framework/Versions/A/Frameworks/ColorSync.framework/Versions/A/ColorSync
0x0000000011fea000 	/System/Library/Frameworks/ApplicationServices.framework/Versions/A/Frameworks/HIServices.framework/Versions/A/HIServices
0x0000000011fea000 	/System/Library/Frameworks/ApplicationServices.framework/Versions/A/Frameworks/LangAnalysis.framework/Versions/A/LangAnalysis
0x0000000011fea000 	/System/Library/Frameworks/ApplicationServices.framework/Versions/A/Frameworks/PrintCore.framework/Versions/A/PrintCore
0x0000000011fea000 	/System/Library/Frameworks/ApplicationServices.framework/Versions/A/Frameworks/QD.framework/Versions/A/QD
0x0000000011fea000 	/System/Library/Frameworks/ApplicationServices.framework/Versions/A/Frameworks/SpeechSynthesis.framework/Versions/A/SpeechSynthesis
0x0000000011fea000 	/System/Library/Frameworks/Accelerate.framework/Versions/A/Frameworks/vImage.framework/Versions/A/vImage
0x0000000011fea000 	/System/Library/Frameworks/Accelerate.framework/Versions/A/Frameworks/vecLib.framework/Versions/A/vecLib
0x0000000011fea000 	/System/Library/Frameworks/Accelerate.framework/Versions/A/Frameworks/vecLib.framework/Versions/A/libvDSP.dylib
0x0000000011fea000 	/System/Library/Frameworks/Accelerate.framework/Versions/A/Frameworks/vecLib.framework/Versions/A/libBNNS.dylib
0x0000000011fea000 	/System/Library/Frameworks/Accelerate.framework/Versions/A/Frameworks/vecLib.framework/Versions/A/libQuadrature.dylib
0x0000000011fea000 	/System/Library/Frameworks/Accelerate.framework/Versions/A/Frameworks/vecLib.framework/Versions/A/libvMisc.dylib
0x0000000011fea000 	/System/Library/Frameworks/Accelerate.framework/Versions/A/Frameworks/vecLib.framework/Versions/A/libLAPACK.dylib
0x0000000011fea000 	/System/Library/Frameworks/Accelerate.framework/Versions/A/Frameworks/vecLib.framework/Versions/A/libBLAS.dylib
0x0000000011fea000 	/System/Library/Frameworks/Accelerate.framework/Versions/A/Frameworks/vecLib.framework/Versions/A/libLinearAlgebra.dylib
0x0000000011fea000 	/System/Library/Frameworks/Accelerate.framework/Versions/A/Frameworks/vecLib.framework/Versions/A/libSparseBLAS.dylib
0x0000000011fea000 	/System/Library/Frameworks/ApplicationServices.framework/Versions/A/Frameworks/ATS.framework/Versions/A/Resources/libFontParser.dylib
0x0000000011fea000 	/System/Library/Frameworks/ApplicationServices.framework/Versions/A/Frameworks/ATS.framework/Versions/A/Resources/libFontRegistry.dylib
0x0000000011fea000 	/System/Library/Frameworks/ImageIO.framework/Versions/A/Resources/libJPEG.dylib
0x0000000011fea000 	/System/Library/Frameworks/ImageIO.framework/Versions/A/Resources/libTIFF.dylib
0x0000000011fea000 	/System/Library/Frameworks/ImageIO.framework/Versions/A/Resources/libPng.dylib
0x0000000011fea000 	/System/Library/Frameworks/ImageIO.framework/Versions/A/Resources/libGIF.dylib
0x0000000011fea000 	/System/Library/Frameworks/ImageIO.framework/Versions/A/Resources/libJP2.dylib
0x0000000011fea000 	/System/Library/Frameworks/ImageIO.framework/Versions/A/Resources/libRadiance.dylib
0x0000000011fea000 	/usr/lib/libcompression.dylib
0x0000000011fea000 	/System/Library/PrivateFrameworks/AppleJPEG.framework/Versions/A/AppleJPEG
0x0000000011fea000 	/usr/lib/libcups.2.dylib
0x0000000011fea000 	/System/Library/Frameworks/Kerberos.framework/Versions/A/Kerberos
0x0000000011fea000 	/System/Library/Frameworks/GSS.framework/Versions/A/GSS
0x0000000011fea000 	/usr/lib/libresolv.9.dylib
0x0000000011fea000 	/usr/lib/libiconv.2.dylib
0x0000000011fea000 	/System/Library/PrivateFrameworks/Heimdal.framework/Versions/A/Heimdal
0x0000000011fea000 	/usr/lib/libheimdal-asn1.dylib
0x0000000011fea000 	/System/Library/Frameworks/OpenDirectory.framework/Versions/A/OpenDirectory
0x0000000011fea000 	/System/Library/PrivateFrameworks/CommonAuth.framework/Versions/A/CommonAuth
0x0000000011fea000 	/System/Library/Frameworks/OpenDirectory.framework/Versions/A/Frameworks/CFOpenDirectory.framework/Versions/A/CFOpenDirectory
0x0000000011fea000 	/System/Library/Frameworks/SecurityFoundation.framework/Versions/A/SecurityFoundation
0x0000000011fea000 	/System/Library/PrivateFrameworks/LanguageModeling.framework/Versions/A/LanguageModeling
0x0000000011fea000 	/usr/lib/libmarisa.dylib
0x0000000011fea000 	/usr/lib/libChineseTokenizer.dylib
0x0000000011fea000 	/usr/lib/libcmph.dylib
0x0000000011fea000 	/System/Library/PrivateFrameworks/CoreEmoji.framework/Versions/A/CoreEmoji
0x0000000011fea000 	/System/Library/Frameworks/ServiceManagement.framework/Versions/A/ServiceManagement
0x0000000011fea000 	/usr/lib/libxslt.1.dylib
0x0000000011fea000 	/System/Library/Frameworks/Carbon.framework/Versions/A/Frameworks/Ink.framework/Versions/A/Ink
0x0000000011fea000 	/System/Library/PrivateFrameworks/TextureIO.framework/Versions/A/TextureIO
0x0000000011fea000 	/System/Library/Frameworks/Metal.framework/Versions/A/Metal
0x0000000011fea000 	/usr/lib/libate.dylib
0x0000000011fea000 	/System/Library/PrivateFrameworks/GPUCompiler.framework/libmetal_timestamp.dylib
0x0000000011fea000 	/System/Library/Frameworks/OpenGL.framework/Versions/A/Libraries/libCoreFSCache.dylib
0x0000000011fea000 	/System/Library/PrivateFrameworks/IOAccelerator.framework/Versions/A/IOAccelerator
0x0000000011fea000 	/System/Library/Frameworks/CoreVideo.framework/Versions/A/CoreVideo
0x0000000011fea000 	/usr/lib/libFosl_dynamic.dylib
0x0000000011fea000 	/System/Library/PrivateFrameworks/MetalPerformanceShaders.framework/Versions/A/MetalPerformanceShaders
0x0000000011fea000 	/System/Library/PrivateFrameworks/FaceCore.framework/Versions/A/FaceCore
0x0000000011fea000 	/System/Library/Frameworks/OpenCL.framework/Versions/A/OpenCL
0x0000000011fea000 	/System/Library/Frameworks/OpenGL.framework/Versions/A/Libraries/libGLU.dylib
0x0000000011fea000 	/System/Library/Frameworks/OpenGL.framework/Versions/A/Libraries/libGFXShared.dylib
0x0000000011fea000 	/System/Library/Frameworks/OpenGL.framework/Versions/A/Libraries/libGL.dylib
0x0000000011fea000 	/System/Library/Frameworks/OpenGL.framework/Versions/A/Libraries/libGLImage.dylib
0x0000000011fea000 	/System/Library/Frameworks/OpenGL.framework/Versions/A/Libraries/libCVMSPluginSupport.dylib
0x0000000011fea000 	/System/Library/Frameworks/OpenGL.framework/Versions/A/Libraries/libCoreVMClient.dylib
0x0000000011fea000 	/System/Library/PrivateFrameworks/CrashReporterSupport.framework/Versions/A/CrashReporterSupport
0x0000000011fea000 	/System/Library/PrivateFrameworks/Sharing.framework/Versions/A/Sharing
0x0000000011fea000 	/System/Library/PrivateFrameworks/IconServices.framework/Versions/A/IconServices
0x0000000011fea000 	/System/Library/PrivateFrameworks/ProtocolBuffer.framework/Versions/A/ProtocolBuffer
0x0000000011fea000 	/System/Library/PrivateFrameworks/Apple80211.framework/Versions/A/Apple80211
0x0000000011fea000 	/System/Library/Frameworks/CoreWLAN.framework/Versions/A/CoreWLAN
0x0000000011fea000 	/System/Library/PrivateFrameworks/CoreUtils.framework/Versions/A/CoreUtils
0x0000000011fea000 	/System/Library/Frameworks/IOBluetooth.framework/Versions/A/IOBluetooth
0x0000000011fea000 	/System/Library/PrivateFrameworks/CoreWiFi.framework/Versions/A/CoreWiFi
0x0000000011fea000 	/System/Library/Frameworks/CoreBluetooth.framework/Versions/A/CoreBluetooth
0x0000000011fea000 	/System/Library/Frameworks/CoreDisplay.framework/Versions/A/CoreDisplay
0x0000000011fea000 	/System/Library/PrivateFrameworks/IOPresentment.framework/Versions/A/IOPresentment
0x0000000011fea000 	/System/Library/PrivateFrameworks/DSExternalDisplay.framework/Versions/A/DSExternalDisplay
0x0000000011fea000 	/System/Library/PrivateFrameworks/DebugSymbols.framework/Versions/A/DebugSymbols
0x0000000011fea000 	/System/Library/PrivateFrameworks/CoreSymbolication.framework/Versions/A/CoreSymbolication
0x0000000011fea000 	/System/Library/PrivateFrameworks/Symbolication.framework/Versions/A/Symbolication
0x0000000011fea000 	/System/Library/PrivateFrameworks/AppleFSCompression.framework/Versions/A/AppleFSCompression
0x0000000011fea000 	/System/Library/PrivateFrameworks/SpeechRecognitionCore.framework/Versions/A/SpeechRecognitionCore
0x0000000011fea000 	/System/Library/PrivateFrameworks/ChunkingLibrary.framework/Versions/A/ChunkingLibrary
0x0000000107800000 	/Library/Java/JavaVirtualMachines/jdk1.8.0_141.jdk/Contents/Home/jre/lib/server/libjvm.dylib
0x0000000011fea000 	/usr/lib/libstdc++.6.dylib
0x0000000106eb3000 	/Library/Java/JavaVirtualMachines/jdk1.8.0_141.jdk/Contents/Home/jre/lib/libverify.dylib
0x0000000106ec1000 	/Library/Java/JavaVirtualMachines/jdk1.8.0_141.jdk/Contents/Home/jre/lib/libjava.dylib
0x0000000106f00000 	/Library/Java/JavaVirtualMachines/jdk1.8.0_141.jdk/Contents/Home/jre/lib/libzip.dylib
0x000000010b020000 	/System/Library/Frameworks/JavaVM.framework/Frameworks/JavaRuntimeSupport.framework/JavaRuntimeSupport
0x000000010b03a000 	/System/Library/Frameworks/JavaVM.framework/Versions/A/Frameworks/JavaNativeFoundation.framework/Versions/A/JavaNativeFoundation
0x000000010b04f000 	/System/Library/Frameworks/JavaVM.framework/Versions/A/JavaVM
0x0000000011fea000 	/System/Library/Frameworks/Carbon.framework/Versions/A/Carbon
0x000000010b05c000 	/System/Library/PrivateFrameworks/JavaLaunching.framework/Versions/A/JavaLaunching
0x0000000011fea000 	/System/Library/Frameworks/Carbon.framework/Versions/A/Frameworks/CommonPanels.framework/Versions/A/CommonPanels
0x0000000011fea000 	/System/Library/Frameworks/Carbon.framework/Versions/A/Frameworks/Help.framework/Versions/A/Help
0x0000000011fea000 	/System/Library/Frameworks/Carbon.framework/Versions/A/Frameworks/ImageCapture.framework/Versions/A/ImageCapture
0x0000000011fea000 	/System/Library/Frameworks/Carbon.framework/Versions/A/Frameworks/OpenScripting.framework/Versions/A/OpenScripting
0x0000000011fea000 	/System/Library/Frameworks/Carbon.framework/Versions/A/Frameworks/Print.framework/Versions/A/Print
0x0000000011fea000 	/System/Library/Frameworks/Carbon.framework/Versions/A/Frameworks/SecurityHI.framework/Versions/A/SecurityHI
0x000000010b104000 	/Library/Java/JavaVirtualMachines/jdk1.8.0_141.jdk/Contents/Home/jre/lib/libawt.dylib
0x000000010b1ac000 	/Library/Java/JavaVirtualMachines/jdk1.8.0_141.jdk/Contents/Home/jre/lib/./libmlib_image.dylib
0x000000010b278000 	/Library/Java/JavaVirtualMachines/jdk1.8.0_141.jdk/Contents/Home/jre/lib/libawt_lwawt.dylib
0x000000010b32f000 	/Library/Java/JavaVirtualMachines/jdk1.8.0_141.jdk/Contents/Home/jre/lib/./libosxapp.dylib
0x0000000011fea000 	/System/Library/Frameworks/ExceptionHandling.framework/Versions/A/ExceptionHandling
0x0000000011fea000 	/System/Library/PrivateFrameworks/CoreServicesInternal.framework/Versions/A/CoreServicesInternal
0x0000000011fea000 	/System/Library/CoreServices/RawCamera.bundle/Contents/MacOS/RawCamera
0x0000000011fea000 	/System/Library/Frameworks/Accelerate.framework/Versions/A/Frameworks/vImage.framework/Versions/A/Libraries/libCGInterfaces.dylib
0x0000000011fea000 	/System/Library/Frameworks/ApplicationServices.framework/Versions/A/Frameworks/ATS.framework/Versions/A/Resources/libTrueTypeScaler.dylib
0x0000000121b91000 	/System/Library/Frameworks/OpenGL.framework/Resources/GLEngine.bundle/GLEngine
0x0000000011fea000 	/System/Library/Frameworks/OpenGL.framework/Versions/A/Libraries/libGLProgrammability.dylib
0x0000000121d76000 	/System/Library/Extensions/AppleIntelHD5000GraphicsGLDriver.bundle/Contents/MacOS/AppleIntelHD5000GraphicsGLDriver
0x0000000011fea000 	/System/Library/PrivateFrameworks/GPUSupport.framework/Versions/A/Libraries/libGPUSupportMercury.dylib
0x00000001224e4000 	/System/Library/Frameworks/OpenGL.framework/Resources//GLRendererFloat.bundle/GLRendererFloat
0x0000000011fea000 	/System/Library/Frameworks/OpenCL.framework/Versions/A/Libraries/libcldcpuengine.dylib
0x0000000011fea000 	/usr/lib/libcrypto.0.9.8.dylib
0x0000000011fea000 	/System/Library/PrivateFrameworks/TrustEvaluationAgent.framework/Versions/A/TrustEvaluationAgent
0x0000000122518000 	/System/Library/Extensions/AppleIntelHD5000GraphicsMTLDriver.bundle/Contents/MacOS/AppleIntelHD5000GraphicsMTLDriver
0x0000000011fea000 	/System/Library/PrivateFrameworks/FamilyControls.framework/Versions/A/FamilyControls
0x0000000011fea000 	/System/Library/PrivateFrameworks/CommerceKit.framework/Versions/A/Frameworks/CommerceCore.framework/Versions/A/CommerceCore
0x0000000011fea000 	/System/Library/PrivateFrameworks/SystemAdministration.framework/Versions/A/SystemAdministration
0x0000000011fea000 	/System/Library/PrivateFrameworks/AppContainer.framework/Versions/A/AppContainer
0x0000000011fea000 	/System/Library/PrivateFrameworks/SecCodeWrapper.framework/Versions/A/SecCodeWrapper
0x0000000011fea000 	/System/Library/Frameworks/DirectoryService.framework/Versions/A/DirectoryService
0x0000000011fea000 	/System/Library/PrivateFrameworks/DiskImages.framework/Versions/A/DiskImages
0x0000000011fea000 	/System/Library/PrivateFrameworks/LoginUIKit.framework/Versions/A/Frameworks/LoginUICore.framework/Versions/A/LoginUICore
0x0000000011fea000 	/usr/lib/libCoreStorage.dylib
0x0000000011fea000 	/usr/lib/libcsfde.dylib
0x0000000011fea000 	/usr/lib/libodfde.dylib
0x0000000011fea000 	/System/Library/Frameworks/DiscRecording.framework/Versions/A/DiscRecording
0x0000000011fea000 	/usr/lib/libcurl.4.dylib
0x0000000011fea000 	/System/Library/PrivateFrameworks/MediaKit.framework/Versions/A/MediaKit
0x0000000011fea000 	/System/Library/PrivateFrameworks/ProtectedCloudStorage.framework/Versions/A/ProtectedCloudStorage
0x0000000011fea000 	/System/Library/PrivateFrameworks/EFILogin.framework/Versions/A/EFILogin
0x0000000011fea000 	/usr/lib/libutil.dylib
0x0000000011fea000 	/System/Library/Frameworks/LDAP.framework/Versions/A/LDAP
0x0000000011fea000 	/usr/lib/libsasl2.2.dylib
0x0000000011fea000 	/System/Library/PrivateFrameworks/CoreDaemon.framework/Versions/B/CoreDaemon
0x0000000011fea000 	/System/Library/PrivateFrameworks/AppleSRP.framework/Versions/A/AppleSRP
0x0000000011fea000 	/System/Library/PrivateFrameworks/APFS.framework/Versions/A/APFS
0x0000000123917000 	/Library/Java/JavaVirtualMachines/jdk1.8.0_141.jdk/Contents/Home/jre/lib/libfontmanager.dylib
0x000000012397e000 	/Users/Har/Desktop/SWEN-Proj1/lib/liblwjgl.dylib
0x000000010b819000 	/Library/Java/JavaVirtualMachines/jdk1.8.0_141.jdk/Contents/Home/jre/lib/libjawt.dylib
0x0000000011fea000 	/System/Library/PrivateFrameworks/ViewBridge.framework/Versions/A/ViewBridge
0x0000000011fea000 	/System/Library/PrivateFrameworks/XPCService.framework/Versions/A/XPCService
0x0000000011fea000 	/System/Library/PrivateFrameworks/AppSandbox.framework/Versions/A/AppSandbox
0x0000000011fea000 	/usr/lib/libsandbox.1.dylib
0x0000000011fea000 	/usr/lib/libMatch.1.dylib
0x000000010b836000 	/Users/Har/Desktop/SWEN-Proj1/lib/libjinput-osx.dylib
0x000000012519f000 	/System/Library/Extensions/IOHIDFamily.kext/Contents/PlugIns/IOHIDLib.plugin/Contents/MacOS/IOHIDLib

VM Arguments:
jvm_args: -Djava.library.path=/Users/Har/Desktop/SWEN-Proj1/lib -Dfile.encoding=UTF-8 
java_command: App
java_class_path (initial): /Users/Har/Desktop/SWEN-Proj1/bin:/Users/Har/Desktop/SWEN-Proj1/lib/jinput.jar:/Users/Har/Desktop/SWEN-Proj1/lib/lwjgl.jar:/Users/Har/Desktop/SWEN-Proj1/lib/slick.jar
Launcher Type: SUN_STANDARD

Environment Variables:
PATH=/usr/bin:/bin:/usr/sbin:/sbin
SHELL=/bin/bash

Signal Handlers:
SIGSEGV: [libjvm.dylib+0x5b26e5], sa_mask[0]=11111111011111110111111111111111, sa_flags=SA_ONSTACK|SA_RESTART|SA_SIGINFO
SIGBUS: [libjvm.dylib+0x5b26e5], sa_mask[0]=11111111011111110111111111111111, sa_flags=SA_RESTART|SA_SIGINFO
SIGFPE: [libjvm.dylib+0x489100], sa_mask[0]=11111111011111110111111111111111, sa_flags=SA_RESTART|SA_SIGINFO
SIGPIPE: [libjvm.dylib+0x489100], sa_mask[0]=11111111011111110111111111111111, sa_flags=SA_RESTART|SA_SIGINFO
SIGXFSZ: [libjvm.dylib+0x489100], sa_mask[0]=11111111011111110111111111111111, sa_flags=SA_RESTART|SA_SIGINFO
SIGILL: [libjvm.dylib+0x489100], sa_mask[0]=11111111011111110111111111111111, sa_flags=SA_RESTART|SA_SIGINFO
SIGUSR1: SIG_DFL, sa_mask[0]=00000000000000000000000000000000, sa_flags=none
SIGUSR2: [libjvm.dylib+0x488c1e], sa_mask[0]=00100000000000000000000000000000, sa_flags=SA_RESTART|SA_SIGINFO
SIGHUP: [libjvm.dylib+0x4871f5], sa_mask[0]=11111111011111110111111111111111, sa_flags=SA_RESTART|SA_SIGINFO
SIGINT: [libjvm.dylib+0x4871f5], sa_mask[0]=11111111011111110111111111111111, sa_flags=SA_RESTART|SA_SIGINFO
SIGTERM: [libjvm.dylib+0x4871f5], sa_mask[0]=11111111011111110111111111111111, sa_flags=SA_RESTART|SA_SIGINFO
SIGQUIT: [libjvm.dylib+0x4871f5], sa_mask[0]=11111111011111110111111111111111, sa_flags=SA_RESTART|SA_SIGINFO


---------------  S Y S T E M  ---------------

OS:Bsduname:Darwin 16.6.0 Darwin Kernel Version 16.6.0: Fri Apr 14 16:21:16 PDT 2017; root:xnu-3789.60.24~6/RELEASE_X86_64 x86_64
rlimit: STACK 8192k, CORE 0k, NPROC 709, NOFILE 10240, AS infinity
load average:1.44 1.68 1.78

CPU:total 4 (initial active 4) (2 cores per cpu, 2 threads per core) family 6 model 69 stepping 1, cmov, cx8, fxsr, mmx, sse, sse2, sse3, ssse3, sse4.1, sse4.2, popcnt, avx, avx2, aes, clmul, erms, lzcnt, ht, tsc, tscinvbit, bmi1, bmi2

Memory: 4k page, physical 8388608k(584632k free)

/proc/meminfo:


vm_info: Java HotSpot(TM) 64-Bit Server VM (25.141-b15) for bsd-amd64 JRE (1.8.0_141-b15), built on Jul 12 2017 04:35:23 by "java_re" with gcc 4.2.1 (Based on Apple Inc. build 5658) (LLVM build 2336.11.00)

time: Thu Sep  7 16:33:10 2017
elapsed time: 119 seconds (0d 0h 1m 59s)

