#
# A fatal error has been detected by the Java Runtime Environment:
#
#  SIGSEGV (0xb) at pc=0x00007fff9c272cfa, pid=2035, tid=0x0000000000000307
#
# JRE version: Java(TM) SE Runtime Environment (8.0_141-b15) (build 1.8.0_141-b15)
# Java VM: Java HotSpot(TM) 64-Bit Server VM (25.141-b15 mixed mode bsd-amd64 compressed oops)
# Problematic frame:
# C  [libobjc.A.dylib+0xbcfa]  objc_storeWeak+0x160
#
# Failed to write core dump. Core dumps have been disabled. To enable core dumping, try "ulimit -c unlimited" before starting Java again
#
# If you would like to submit a bug report, please visit:
#   http://bugreport.java.com/bugreport/crash.jsp
# The crash happened outside the Java Virtual Machine in native code.
# See problematic frame for where to report the bug.
#

---------------  T H R E A D  ---------------

Current thread (0x00007f86c0078000):  JavaThread "AppKit Thread" daemon [_thread_in_native, id=775, stack(0x00007fff5ebdd000,0x00007fff5f3dd000)]

siginfo: si_signo: 11 (SIGSEGV), si_code: 1 (SEGV_MAPERR), si_addr: 0x000007f86bff7a40

Registers:
RAX=0x0000000000000000, RBX=0x00007fffa59c7480, RCX=0x0000000000000307, RDX=0x00007ffffffffff8
RSP=0x00007fff5f3d7720, RBP=0x00007fff5f3d77a0, RSI=0x000007f86bff7a20, RDI=0x00007fffa59c7480
R8 =0x000000000000003f, R9 =0x00007f86bfd62ff0, R10=0x0000000000000001, R11=0x00007f86c0a6d410
R12=0x00007fffa59c8240, R13=0x0000000000000000, R14=0x00007f86bff778b0, R15=0x0000000000000000
RIP=0x00007fff9c272cfa, EFLAGS=0x0000000000010202, ERR=0x0000000000000004
  TRAPNO=0x000000000000000e

Top of Stack: (sp=0x00007fff5f3d7720)
0x00007fff5f3d7720:   0000000000000000 00007f86bff7a730
0x00007fff5f3d7730:   ffff80794029d010 0000000000000dc0
0x00007fff5f3d7740:   00007fffa5911630 0000000000000000
0x00007fff5f3d7750:   00007fffa59c8240 00007f86bff778b0
0x00007fff5f3d7760:   0000000000000000 00007f86bff7a7b0
0x00007fff5f3d7770:   0000000000000006 00007f86bfd62ff0
0x00007fff5f3d7780:   0000000000000000 00007f86bfd62ff0
0x00007fff5f3d7790:   00007f86bff7a060 00007f86bff778b0
0x00007fff5f3d77a0:   00007fff5f3d77e0 00007fff88defd5f
0x00007fff5f3d77b0:   00007fff5f3d77e0 0000000000000000
0x00007fff5f3d77c0:   00007f86bff778b0 00007fff85b25006
0x00007fff5f3d77d0:   00007f86bfd62ff0 00007fff9c26e040
0x00007fff5f3d77e0:   00007fff5f3d7810 00007fff851bd6fb
0x00007fff5f3d77f0:   00007fff9c26e040 00007fff5f3d7898
0x00007fff5f3d7800:   00007fff85b68759 00007fff9c26e040
0x00007fff5f3d7810:   00007fff5f3d7850 00007fff8558ac73
0x00007fff5f3d7820:   0000000000000000 0000000000000000
0x00007fff5f3d7830:   0000000000000094 00007fff85b4b17f
0x00007fff5f3d7840:   00007fff5f3d7898 0000000000000001
0x00007fff5f3d7850:   00007fff5f3d7880 00007fff85014d48
0x00007fff5f3d7860:   0000000000000000 00007f86bff778b0
0x00007fff5f3d7870:   00007f86bfd62ff0 0000000000000000
0x00007fff5f3d7880:   00007fff5f3d78e0 00007fff851bd538
0x00007fff5f3d7890:   0000000000000000 00007fffa5a5a060
0x00007fff5f3d78a0:   00000000c2000000 00007fff8558ab84
0x00007fff5f3d78b0:   00007fffa1b29cf0 0000000000000000
0x00007fff5f3d78c0:   00007f86bff778b0 00007f86bfd62ff0
0x00007fff5f3d78d0:   00007f86bfd62ff0 00007f86bff778b0
0x00007fff5f3d78e0:   00007fff5f3d7910 000000011d371586
0x00007fff5f3d78f0:   00007f86bfd62ff0 000000011d3a5c60
0x00007fff5f3d7900:   00007f86bfe034a0 00007f86bfe034a0
0x00007fff5f3d7910:   00007fff5f3d7e80 00007fff85037e7b 

Instructions: (pc=0x00007fff9c272cfa)
0x00007fff9c272cda:   49 48 83 7d a8 00 75 08 49 8b 36 48 21 d6 eb 07
0x00007fff9c272cea:   48 8b 45 a0 48 8b 30 48 8b 45 c0 48 39 c6 74 2a
0x00007fff9c272cfa:   48 8b 46 20 48 89 c1 48 21 d1 48 8b 49 08 f6 01
0x00007fff9c272d0a:   01 75 0a 48 8b 06 48 21 d0 48 8b 40 20 48 21 d0 

Register to memory mapping:

RAX=0x0000000000000000 is an unknown value
RBX=0x00007fffa59c7480: _ZN12_GLOBAL__N_1L12SideTableBufE+0 in /usr/lib/libobjc.A.dylib at 0x00007fff9c267000
RCX=0x0000000000000307 is an unknown value
RDX=0x00007ffffffffff8 is an unknown value
RSP=0x00007fff5f3d7720 is pointing into the stack for thread: 0x00007f86c0078000
RBP=0x00007fff5f3d77a0 is pointing into the stack for thread: 0x00007f86c0078000
RSI=0x000007f86bff7a20 is an unknown value
RDI=0x00007fffa59c7480: _ZN12_GLOBAL__N_1L12SideTableBufE+0 in /usr/lib/libobjc.A.dylib at 0x00007fff9c267000
R8 =0x000000000000003f is an unknown value
R9 =0x00007f86bfd62ff0 is an unknown value
R10=0x0000000000000001 is an unknown value
R11=0x00007f86c0a6d410 is an unknown value
R12=0x00007fffa59c8240: _ZN12_GLOBAL__N_1L12SideTableBufE+0xdc0 in /usr/lib/libobjc.A.dylib at 0x00007fff9c267000
R13=0x0000000000000000 is an unknown value
R14=0x00007f86bff778b0 is an unknown value
R15=0x0000000000000000 is an unknown value


Stack: [0x00007fff5ebdd000,0x00007fff5f3dd000],  sp=0x00007fff5f3d7720,  free space=8169k
Native frames: (J=compiled Java code, j=interpreted, Vv=VM code, C=native code)
C  [libobjc.A.dylib+0xbcfa]  objc_storeWeak+0x160
C  [Foundation+0x17d5f]  -[NSConcreteMapTable setObject:forKey:]+0x6a
C  [AppKit+0x3226fb]  -[NSView(NSOpenGLContextAssociation) _setOpenGLContext:]+0x9b
C  [AppKit+0x6efc73]  __27-[NSOpenGLContext setView:]_block_invoke+0xef
C  [AppKit+0x179d48]  NSPerformVisuallyAtomicChange+0x93
C  [AppKit+0x322538]  -[NSOpenGLContext setView:]+0x69
C  [liblwjgl.dylib+0xa586]  -[MacOSXOpenGLView lockFocus]+0x76
C  [AppKit+0x19ce7b]  -[NSView _recursiveDisplayRectIfNeededIgnoringOpacity:isVisibleRect:rectIsVisibleRectForView:topView:]+0x6ee
C  [AppKit+0x19d6d1]  -[NSView _recursiveDisplayRectIfNeededIgnoringOpacity:isVisibleRect:rectIsVisibleRectForView:topView:]+0xf44
C  [AppKit+0x19c2af]  -[NSThemeFrame _recursiveDisplayRectIfNeededIgnoringOpacity:isVisibleRect:rectIsVisibleRectForView:topView:]+0x14e
C  [AppKit+0x19a6d8]  -[NSView _displayRectIgnoringOpacity:isVisibleRect:rectIsVisibleRectForView:]+0x994
C  [AppKit+0x195fca]  -[NSView displayIfNeeded]+0x6d4
C  [AppKit+0x1958db]  -[NSWindow displayIfNeeded]+0xe6
C  [AppKit+0x8f5cb4]  ___NSWindowGetDisplayCycleObserver_block_invoke.6228+0x115
C  [AppKit+0x1953b9]  __37+[NSDisplayCycle currentDisplayCycle]_block_invoke+0x1c6
C  [QuartzCore+0x11da6]  _ZN2CA11Transaction19run_commit_handlersE18CATransactionPhase+0x2e
C  [QuartzCore+0x11b8d8]  _ZN2CA7Context18commit_transactionEPNS_11TransactionE+0xa0
C  [QuartzCore+0x10881]  _ZN2CA11Transaction6commitEv+0x1db
C  [AppKit+0x4788b1]  __37+[NSDisplayCycle currentDisplayCycle]_block_invoke.31+0x143
C  [CoreFoundation+0xa6d37]  __CFRUNLOOP_IS_CALLING_OUT_TO_AN_OBSERVER_CALLBACK_FUNCTION__+0x17
C  [CoreFoundation+0xa6ca7]  __CFRunLoopDoObservers+0x187
C  [CoreFoundation+0x876d9]  __CFRunLoopRun+0x369
C  [CoreFoundation+0x87114]  CFRunLoopRunSpecific+0x1a4
C  [HIToolbox+0x30ebc]  RunCurrentEventLoopInMode+0xf0
C  [HIToolbox+0x30bf9]  ReceiveNextEventCommon+0xb8
C  [HIToolbox+0x30b26]  _BlockUntilNextEventMatchingListInModeWithFilter+0x47
C  [AppKit+0x46a54]  _DPSNextEvent+0x460
C  [AppKit+0x7c27ee]  -[NSApplication(NSEvent) _nextEventMatchingEventMask:untilDate:inMode:dequeue:]+0xaec
C  [libosxapp.dylib+0x23aa]  -[NSApplicationAWT nextEventMatchingMask:untilDate:inMode:dequeue:]+0x7c
C  [AppKit+0x3b3db]  -[NSApplication run]+0x39e
C  [libosxapp.dylib+0x214d]  +[NSApplicationAWT runAWTLoopWithApp:]+0x9c
C  [libawt_lwawt.dylib+0x45edf]  -[AWTStarter starter:]+0x389
C  [Foundation+0x717ba]  __NSThreadPerformPerform+0x146
C  [CoreFoundation+0xa7321]  __CFRUNLOOP_IS_CALLING_OUT_TO_A_SOURCE0_PERFORM_FUNCTION__+0x11
C  [CoreFoundation+0x8821d]  __CFRunLoopDoSources0+0x22d
C  [CoreFoundation+0x87716]  __CFRunLoopRun+0x3a6
C  [CoreFoundation+0x87114]  CFRunLoopRunSpecific+0x1a4
C  [java+0x6465]  CreateExecutionEnvironment+0x367
C  [java+0x218c]  JLI_Launch+0x7a0
C  [java+0x84c2]  main+0x65
C  [java+0x19e4]  start+0x34
C  0x0000000000000006


---------------  P R O C E S S  ---------------

Java Threads: ( => current thread )
  0x00007f86c007e800 JavaThread "AWT-Shutdown" [_thread_blocked, id=3919, stack(0x0000700003f2b000,0x000070000402b000)]
=>0x00007f86c0078000 JavaThread "AppKit Thread" daemon [_thread_in_native, id=775, stack(0x00007fff5ebdd000,0x00007fff5f3dd000)]
  0x00007f86c0812000 JavaThread "Service Thread" daemon [_thread_blocked, id=18691, stack(0x0000700004cd8000,0x0000700004dd8000)]
  0x00007f86c0830800 JavaThread "C1 CompilerThread2" daemon [_thread_blocked, id=18179, stack(0x0000700004bd5000,0x0000700004cd5000)]
  0x00007f86c0830000 JavaThread "C2 CompilerThread1" daemon [_thread_blocked, id=17667, stack(0x0000700004ad2000,0x0000700004bd2000)]
  0x00007f86c0827800 JavaThread "C2 CompilerThread0" daemon [_thread_blocked, id=17155, stack(0x00007000049cf000,0x0000700004acf000)]
  0x00007f86c0827000 JavaThread "Signal Dispatcher" daemon [_thread_blocked, id=16643, stack(0x00007000048cc000,0x00007000049cc000)]
  0x00007f86c1042800 JavaThread "Finalizer" daemon [_thread_blocked, id=12547, stack(0x00007000047c9000,0x00007000048c9000)]
  0x00007f86c1000800 JavaThread "Reference Handler" daemon [_thread_blocked, id=12035, stack(0x00007000046c6000,0x00007000047c6000)]
  0x00007f86c1802000 JavaThread "main" [_thread_in_native, id=7171, stack(0x00007000040b4000,0x00007000041b4000)]

Other Threads:
  0x00007f86c0025800 VMThread [stack: 0x00007000045c3000,0x00007000046c3000] [id=11523]
  0x00007f86c104a000 WatcherThread [stack: 0x0000700004ddb000,0x0000700004edb000] [id=19203]

VM state:not at safepoint (normal execution)

VM Mutex/Monitor currently owned by a thread: None

Heap:
 PSYoungGen      total 38400K, used 13531K [0x0000000795580000, 0x0000000798000000, 0x00000007c0000000)
  eden space 33280K, 31% used [0x0000000795580000,0x0000000795fb4bb0,0x0000000797600000)
  from space 5120K, 60% used [0x0000000797600000,0x0000000797902060,0x0000000797b00000)
  to   space 5120K, 0% used [0x0000000797b00000,0x0000000797b00000,0x0000000798000000)
 ParOldGen       total 87552K, used 8K [0x0000000740000000, 0x0000000745580000, 0x0000000795580000)
  object space 87552K, 0% used [0x0000000740000000,0x0000000740002000,0x0000000745580000)
 Metaspace       used 7481K, capacity 7615K, committed 7808K, reserved 1056768K
  class space    used 749K, capacity 826K, committed 896K, reserved 1048576K

Card table byte_map: [0x0000000111662000,0x0000000111a63000] byte_map_base: 0x000000010dc62000

Marking Bits: (ParMarkBitMap*) 0x0000000101af35d0
 Begin Bits: [0x0000000111d0e000, 0x0000000113d0e000)
 End Bits:   [0x0000000113d0e000, 0x0000000115d0e000)

Polling page: 0x00000001008e3000

CodeCache: size=245760Kb used=3505Kb max_used=3516Kb free=242254Kb
 bounds [0x0000000102662000, 0x00000001029e2000, 0x0000000111662000]
 total_blobs=1246 nmethods=847 adapters=313
 compilation: enabled

Compilation events (10 events):
Event: 289.003 Thread 0x00007f86c0830800  843   !   3       org.lwjgl.opengl.Display::update (154 bytes)
Event: 289.005 Thread 0x00007f86c0830800 nmethod 843 0x00000001029b6310 code [0x00000001029b65c0, 0x00000001029b7758]
Event: 289.046 Thread 0x00007f86c0830800  844       3       org.newdawn.slick.Input::poll (1561 bytes)
Event: 289.046 Thread 0x00007f86c0827800  845   !   4       org.newdawn.slick.Input::getControllerCount (25 bytes)
Event: 289.047 Thread 0x00007f86c0827800 nmethod 845 0x00000001029b2650 code [0x00000001029b27a0, 0x00000001029b2838]
Event: 289.063 Thread 0x00007f86c0830800 nmethod 844 0x00000001029bad90 code [0x00000001029bbe80, 0x00000001029c93b8]
Event: 289.234 Thread 0x00007f86c0830800  846   !   3       org.lwjgl.opengl.Display::processMessages (44 bytes)
Event: 289.235 Thread 0x00007f86c0830800 nmethod 846 0x00000001029b9290 code [0x00000001029b9520, 0x00000001029ba548]
Event: 289.279 Thread 0x00007f86c0830000  847       4       java.nio.DirectByteBuffer::put (18 bytes)
Event: 289.280 Thread 0x00007f86c0830000 nmethod 847 0x00000001029b2390 code [0x00000001029b24e0, 0x00000001029b2598]

GC Heap History (2 events):
Event: 142.827 GC heap before
{Heap before GC invocations=1 (full 0):
 PSYoungGen      total 38400K, used 33280K [0x0000000795580000, 0x0000000798000000, 0x00000007c0000000)
  eden space 33280K, 100% used [0x0000000795580000,0x0000000797600000,0x0000000797600000)
  from space 5120K, 0% used [0x0000000797b00000,0x0000000797b00000,0x0000000798000000)
  to   space 5120K, 0% used [0x0000000797600000,0x0000000797600000,0x0000000797b00000)
 ParOldGen       total 87552K, used 0K [0x0000000740000000, 0x0000000745580000, 0x0000000795580000)
  object space 87552K, 0% used [0x0000000740000000,0x0000000740000000,0x0000000745580000)
 Metaspace       used 7459K, capacity 7615K, committed 7808K, reserved 1056768K
  class space    used 749K, capacity 826K, committed 896K, reserved 1048576K
Event: 142.832 GC heap after
Heap after GC invocations=1 (full 0):
 PSYoungGen      total 38400K, used 3080K [0x0000000795580000, 0x0000000798000000, 0x00000007c0000000)
  eden space 33280K, 0% used [0x0000000795580000,0x0000000795580000,0x0000000797600000)
  from space 5120K, 60% used [0x0000000797600000,0x0000000797902060,0x0000000797b00000)
  to   space 5120K, 0% used [0x0000000797b00000,0x0000000797b00000,0x0000000798000000)
 ParOldGen       total 87552K, used 8K [0x0000000740000000, 0x0000000745580000, 0x0000000795580000)
  object space 87552K, 0% used [0x0000000740000000,0x0000000740002000,0x0000000745580000)
 Metaspace       used 7459K, capacity 7615K, committed 7808K, reserved 1056768K
  class space    used 749K, capacity 826K, committed 896K, reserved 1048576K
}

Deoptimization events (5 events):
Event: 0.796 Thread 0x00007f86c1802000 Uncommon trap: reason=unstable_if action=reinterpret pc=0x000000010280ef00 method=java.lang.String.replace(CC)Ljava/lang/String; @ 26
Event: 288.728 Thread 0x00007f86c1802000 Uncommon trap: reason=unstable_if action=reinterpret pc=0x000000010299bf14 method=org.lwjgl.opengl.MacOSXDisplay.update()V @ 86
Event: 288.911 Thread 0x00007f86c1802000 Uncommon trap: reason=unstable_if action=reinterpret pc=0x00000001029a68f4 method=org.newdawn.slick.Input.poll(II)V @ 1050
Event: 288.967 Thread 0x00007f86c1802000 Uncommon trap: reason=unstable_if action=reinterpret pc=0x0000000102994dcc method=org.lwjgl.opengl.MacOSXDisplay.update()V @ 86
Event: 289.261 Thread 0x00007f86c1802000 Uncommon trap: reason=unstable_if action=reinterpret pc=0x00000001029a00f8 method=org.newdawn.slick.AppGameContainer.gameLoop()V @ 60

Internal exceptions (10 events):
Event: 0.104 Thread 0x00007f86c1802000 Exception <a 'java/security/PrivilegedActionException'> (0x00000007956dfd00) thrown at [/Users/java_re/workspace/8-2-build-macosx-x86_64/jdk8u141/9370/hotspot/src/share/vm/prims/jvm.cpp, line 1390]
Event: 0.104 Thread 0x00007f86c1802000 Exception <a 'java/security/PrivilegedActionException'> (0x00000007956dff10) thrown at [/Users/java_re/workspace/8-2-build-macosx-x86_64/jdk8u141/9370/hotspot/src/share/vm/prims/jvm.cpp, line 1390]
Event: 0.150 Thread 0x00007f86c1802000 Exception <a 'java/security/PrivilegedActionException'> (0x00000007958230b0) thrown at [/Users/java_re/workspace/8-2-build-macosx-x86_64/jdk8u141/9370/hotspot/src/share/vm/prims/jvm.cpp, line 1390]
Event: 0.150 Thread 0x00007f86c1802000 Exception <a 'java/security/PrivilegedActionException'> (0x00000007958232c0) thrown at [/Users/java_re/workspace/8-2-build-macosx-x86_64/jdk8u141/9370/hotspot/src/share/vm/prims/jvm.cpp, line 1390]
Event: 0.150 Thread 0x00007f86c1802000 Exception <a 'java/security/PrivilegedActionException'> (0x00000007958267d8) thrown at [/Users/java_re/workspace/8-2-build-macosx-x86_64/jdk8u141/9370/hotspot/src/share/vm/prims/jvm.cpp, line 1390]
Event: 0.150 Thread 0x00007f86c1802000 Exception <a 'java/security/PrivilegedActionException'> (0x00000007958269e8) thrown at [/Users/java_re/workspace/8-2-build-macosx-x86_64/jdk8u141/9370/hotspot/src/share/vm/prims/jvm.cpp, line 1390]
Event: 0.188 Thread 0x00007f86c1802000 Exception <a 'java/lang/NoSuchFieldError': method resolution failed> (0x00000007958f9968) thrown at [/Users/java_re/workspace/8-2-build-macosx-x86_64/jdk8u141/9370/hotspot/src/share/vm/prims/methodHandles.cpp, line 1146]
Event: 0.189 Thread 0x00007f86c1802000 Exception <a 'java/lang/NoSuchFieldError': method resolution failed> (0x00000007959070b8) thrown at [/Users/java_re/workspace/8-2-build-macosx-x86_64/jdk8u141/9370/hotspot/src/share/vm/prims/methodHandles.cpp, line 1146]
Event: 0.400 Thread 0x00007f86c1802000 Exception <a 'java/io/FileNotFoundException'> (0x0000000795981a70) thrown at [/Users/java_re/workspace/8-2-build-macosx-x86_64/jdk8u141/9370/hotspot/src/share/vm/prims/jni.cpp, line 709]
Event: 0.400 Thread 0x00007f86c1802000 Exception <a 'java/io/FileNotFoundException'> (0x00000007959825c0) thrown at [/Users/java_re/workspace/8-2-build-macosx-x86_64/jdk8u141/9370/hotspot/src/share/vm/prims/jni.cpp, line 709]

Events (10 events):
Event: 288.911 Thread 0x00007f86c1802000 DEOPT PACKING pc=0x00000001029a68f4 sp=0x00007000041b37b0
Event: 288.911 Thread 0x00007f86c1802000 DEOPT UNPACKING pc=0x0000000102667229 sp=0x00007000041b3790 mode 2
Event: 288.967 Thread 0x00007f86c1802000 Uncommon trap: trap_request=0xffffff65 fr.pc=0x0000000102994dcc
Event: 288.967 Thread 0x00007f86c1802000 DEOPT PACKING pc=0x0000000102994dcc sp=0x00007000041b37a0
Event: 288.967 Thread 0x00007f86c1802000 DEOPT UNPACKING pc=0x0000000102667229 sp=0x00007000041b3708 mode 2
Event: 289.261 Thread 0x00007f86c1802000 Uncommon trap: trap_request=0xffffff65 fr.pc=0x00000001029a00f8
Event: 289.261 Thread 0x00007f86c1802000 DEOPT PACKING pc=0x00000001029a00f8 sp=0x00007000041b3890
Event: 289.261 Thread 0x00007f86c1802000 DEOPT UNPACKING pc=0x0000000102667229 sp=0x00007000041b3808 mode 2
Event: 289.278 loading class org/lwjgl/opengl/CallbackUtil
Event: 289.278 loading class org/lwjgl/opengl/CallbackUtil done


Dynamic libraries:
0x0000000011fea000 	/System/Library/Frameworks/Cocoa.framework/Versions/A/Cocoa
0x0000000011fea000 	/System/Library/Frameworks/Security.framework/Versions/A/Security
0x0000000011fea000 	/System/Library/Frameworks/ApplicationServices.framework/Versions/A/ApplicationServices
0x0000000011fea000 	/usr/lib/libz.1.dylib
0x0000000011fea000 	/usr/lib/libSystem.B.dylib
0x0000000011fea000 	/usr/lib/libobjc.A.dylib
0x0000000011fea000 	/System/Library/Frameworks/CoreFoundation.framework/Versions/A/CoreFoundation
0x0000000011fea000 	/System/Library/Frameworks/Foundation.framework/Versions/C/Foundation
0x0000000011fea000 	/System/Library/Frameworks/AppKit.framework/Versions/C/AppKit
0x0000000011fea000 	/System/Library/Frameworks/CoreData.framework/Versions/A/CoreData
0x0000000011fea000 	/System/Library/PrivateFrameworks/RemoteViewServices.framework/Versions/A/RemoteViewServices
0x0000000011fea000 	/System/Library/PrivateFrameworks/UIFoundation.framework/Versions/A/UIFoundation
0x0000000011fea000 	/System/Library/PrivateFrameworks/DFRFoundation.framework/Versions/A/DFRFoundation
0x0000000011fea000 	/usr/lib/libenergytrace.dylib
0x0000000011fea000 	/System/Library/PrivateFrameworks/SkyLight.framework/Versions/A/SkyLight
0x0000000011fea000 	/System/Library/Frameworks/CoreGraphics.framework/Versions/A/CoreGraphics
0x0000000011fea000 	/usr/lib/libScreenReader.dylib
0x0000000011fea000 	/System/Library/Frameworks/Accelerate.framework/Versions/A/Accelerate
0x0000000011fea000 	/System/Library/Frameworks/IOSurface.framework/Versions/A/IOSurface
0x0000000011fea000 	/System/Library/Frameworks/AudioToolbox.framework/Versions/A/AudioToolbox
0x0000000011fea000 	/System/Library/Frameworks/AudioUnit.framework/Versions/A/AudioUnit
0x0000000011fea000 	/System/Library/PrivateFrameworks/DataDetectorsCore.framework/Versions/A/DataDetectorsCore
0x0000000011fea000 	/System/Library/PrivateFrameworks/DesktopServicesPriv.framework/Versions/A/DesktopServicesPriv
0x0000000011fea000 	/System/Library/Frameworks/Carbon.framework/Versions/A/Frameworks/HIToolbox.framework/Versions/A/HIToolbox
0x0000000011fea000 	/usr/lib/libicucore.A.dylib
0x0000000011fea000 	/System/Library/Frameworks/QuartzCore.framework/Versions/A/QuartzCore
0x0000000011fea000 	/System/Library/Frameworks/Carbon.framework/Versions/A/Frameworks/SpeechRecognition.framework/Versions/A/SpeechRecognition
0x0000000011fea000 	/usr/lib/libauto.dylib
0x0000000011fea000 	/usr/lib/libxml2.2.dylib
0x0000000011fea000 	/System/Library/PrivateFrameworks/CoreUI.framework/Versions/A/CoreUI
0x0000000011fea000 	/System/Library/Frameworks/CoreAudio.framework/Versions/A/CoreAudio
0x0000000011fea000 	/System/Library/Frameworks/DiskArbitration.framework/Versions/A/DiskArbitration
0x0000000011fea000 	/usr/lib/liblangid.dylib
0x0000000011fea000 	/System/Library/PrivateFrameworks/MultitouchSupport.framework/Versions/A/MultitouchSupport
0x0000000011fea000 	/System/Library/Frameworks/IOKit.framework/Versions/A/IOKit
0x0000000011fea000 	/usr/lib/libDiagnosticMessagesClient.dylib
0x0000000011fea000 	/System/Library/Frameworks/CoreServices.framework/Versions/A/CoreServices
0x0000000011fea000 	/System/Library/PrivateFrameworks/PerformanceAnalysis.framework/Versions/A/PerformanceAnalysis
0x0000000011fea000 	/System/Library/PrivateFrameworks/GenerationalStorage.framework/Versions/A/GenerationalStorage
0x0000000011fea000 	/System/Library/Frameworks/OpenGL.framework/Versions/A/OpenGL
0x0000000011fea000 	/System/Library/Frameworks/CoreImage.framework/Versions/A/CoreImage
0x0000000011fea000 	/System/Library/Frameworks/CoreText.framework/Versions/A/CoreText
0x0000000011fea000 	/System/Library/Frameworks/ImageIO.framework/Versions/A/ImageIO
0x0000000011fea000 	/System/Library/PrivateFrameworks/Backup.framework/Versions/A/Backup
0x0000000011fea000 	/usr/lib/libarchive.2.dylib
0x0000000011fea000 	/System/Library/Frameworks/CFNetwork.framework/Versions/A/CFNetwork
0x0000000011fea000 	/System/Library/Frameworks/SystemConfiguration.framework/Versions/A/SystemConfiguration
0x0000000011fea000 	/usr/lib/libCRFSuite.dylib
0x0000000011fea000 	/usr/lib/libc++.1.dylib
0x0000000011fea000 	/usr/lib/libc++abi.dylib
0x0000000011fea000 	/usr/lib/system/libcache.dylib
0x0000000011fea000 	/usr/lib/system/libcommonCrypto.dylib
0x0000000011fea000 	/usr/lib/system/libcompiler_rt.dylib
0x0000000011fea000 	/usr/lib/system/libcopyfile.dylib
0x0000000011fea000 	/usr/lib/system/libcorecrypto.dylib
0x0000000011fea000 	/usr/lib/system/libdispatch.dylib
0x0000000011fea000 	/usr/lib/system/libdyld.dylib
0x0000000011fea000 	/usr/lib/system/libkeymgr.dylib
0x0000000011fea000 	/usr/lib/system/liblaunch.dylib
0x0000000011fea000 	/usr/lib/system/libmacho.dylib
0x0000000011fea000 	/usr/lib/system/libquarantine.dylib
0x0000000011fea000 	/usr/lib/system/libremovefile.dylib
0x0000000011fea000 	/usr/lib/system/libsystem_asl.dylib
0x0000000011fea000 	/usr/lib/system/libsystem_blocks.dylib
0x0000000011fea000 	/usr/lib/system/libsystem_c.dylib
0x0000000011fea000 	/usr/lib/system/libsystem_configuration.dylib
0x0000000011fea000 	/usr/lib/system/libsystem_coreservices.dylib
0x0000000011fea000 	/usr/lib/system/libsystem_coretls.dylib
0x0000000011fea000 	/usr/lib/system/libsystem_dnssd.dylib
0x0000000011fea000 	/usr/lib/system/libsystem_info.dylib
0x0000000011fea000 	/usr/lib/system/libsystem_kernel.dylib
0x0000000011fea000 	/usr/lib/system/libsystem_m.dylib
0x0000000011fea000 	/usr/lib/system/libsystem_malloc.dylib
0x0000000011fea000 	/usr/lib/system/libsystem_network.dylib
0x0000000011fea000 	/usr/lib/system/libsystem_networkextension.dylib
0x0000000011fea000 	/usr/lib/system/libsystem_notify.dylib
0x0000000011fea000 	/usr/lib/system/libsystem_platform.dylib
0x0000000011fea000 	/usr/lib/system/libsystem_pthread.dylib
0x0000000011fea000 	/usr/lib/system/libsystem_sandbox.dylib
0x0000000011fea000 	/usr/lib/system/libsystem_secinit.dylib
0x0000000011fea000 	/usr/lib/system/libsystem_symptoms.dylib
0x0000000011fea000 	/usr/lib/system/libsystem_trace.dylib
0x0000000011fea000 	/usr/lib/system/libunwind.dylib
0x0000000011fea000 	/usr/lib/system/libxpc.dylib
0x0000000011fea000 	/usr/lib/libbsm.0.dylib
0x0000000011fea000 	/usr/lib/system/libkxld.dylib
0x0000000011fea000 	/usr/lib/libcoretls.dylib
0x0000000011fea000 	/usr/lib/libcoretls_cfhelpers.dylib
0x0000000011fea000 	/usr/lib/libOpenScriptingUtil.dylib
0x0000000011fea000 	/usr/lib/libpam.2.dylib
0x0000000011fea000 	/usr/lib/libsqlite3.dylib
0x0000000011fea000 	/usr/lib/libxar.1.dylib
0x0000000011fea000 	/usr/lib/libbz2.1.0.dylib
0x0000000011fea000 	/usr/lib/liblzma.5.dylib
0x0000000011fea000 	/usr/lib/libnetwork.dylib
0x0000000011fea000 	/usr/lib/libpcap.A.dylib
0x0000000011fea000 	/System/Library/Frameworks/CoreServices.framework/Versions/A/Frameworks/FSEvents.framework/Versions/A/FSEvents
0x0000000011fea000 	/System/Library/Frameworks/CoreServices.framework/Versions/A/Frameworks/CarbonCore.framework/Versions/A/CarbonCore
0x0000000011fea000 	/System/Library/Frameworks/CoreServices.framework/Versions/A/Frameworks/Metadata.framework/Versions/A/Metadata
0x0000000011fea000 	/System/Library/Frameworks/CoreServices.framework/Versions/A/Frameworks/OSServices.framework/Versions/A/OSServices
0x0000000011fea000 	/System/Library/Frameworks/CoreServices.framework/Versions/A/Frameworks/SearchKit.framework/Versions/A/SearchKit
0x0000000011fea000 	/System/Library/Frameworks/CoreServices.framework/Versions/A/Frameworks/AE.framework/Versions/A/AE
0x0000000011fea000 	/System/Library/Frameworks/CoreServices.framework/Versions/A/Frameworks/LaunchServices.framework/Versions/A/LaunchServices
0x0000000011fea000 	/System/Library/Frameworks/CoreServices.framework/Versions/A/Frameworks/DictionaryServices.framework/Versions/A/DictionaryServices
0x0000000011fea000 	/System/Library/Frameworks/CoreServices.framework/Versions/A/Frameworks/SharedFileList.framework/Versions/A/SharedFileList
0x0000000011fea000 	/System/Library/Frameworks/NetFS.framework/Versions/A/NetFS
0x0000000011fea000 	/System/Library/PrivateFrameworks/NetAuth.framework/Versions/A/NetAuth
0x0000000011fea000 	/System/Library/PrivateFrameworks/login.framework/Versions/A/Frameworks/loginsupport.framework/Versions/A/loginsupport
0x0000000011fea000 	/System/Library/PrivateFrameworks/TCC.framework/Versions/A/TCC
0x0000000011fea000 	/usr/lib/libmecabra.dylib
0x0000000011fea000 	/System/Library/Frameworks/ApplicationServices.framework/Versions/A/Frameworks/ATS.framework/Versions/A/ATS
0x0000000011fea000 	/System/Library/Frameworks/ApplicationServices.framework/Versions/A/Frameworks/ColorSync.framework/Versions/A/ColorSync
0x0000000011fea000 	/System/Library/Frameworks/ApplicationServices.framework/Versions/A/Frameworks/HIServices.framework/Versions/A/HIServices
0x0000000011fea000 	/System/Library/Frameworks/ApplicationServices.framework/Versions/A/Frameworks/LangAnalysis.framework/Versions/A/LangAnalysis
0x0000000011fea000 	/System/Library/Frameworks/ApplicationServices.framework/Versions/A/Frameworks/PrintCore.framework/Versions/A/PrintCore
0x0000000011fea000 	/System/Library/Frameworks/ApplicationServices.framework/Versions/A/Frameworks/QD.framework/Versions/A/QD
0x0000000011fea000 	/System/Library/Frameworks/ApplicationServices.framework/Versions/A/Frameworks/SpeechSynthesis.framework/Versions/A/SpeechSynthesis
0x0000000011fea000 	/System/Library/Frameworks/Accelerate.framework/Versions/A/Frameworks/vImage.framework/Versions/A/vImage
0x0000000011fea000 	/System/Library/Frameworks/Accelerate.framework/Versions/A/Frameworks/vecLib.framework/Versions/A/vecLib
0x0000000011fea000 	/System/Library/Frameworks/Accelerate.framework/Versions/A/Frameworks/vecLib.framework/Versions/A/libvDSP.dylib
0x0000000011fea000 	/System/Library/Frameworks/Accelerate.framework/Versions/A/Frameworks/vecLib.framework/Versions/A/libBNNS.dylib
0x0000000011fea000 	/System/Library/Frameworks/Accelerate.framework/Versions/A/Frameworks/vecLib.framework/Versions/A/libQuadrature.dylib
0x0000000011fea000 	/System/Library/Frameworks/Accelerate.framework/Versions/A/Frameworks/vecLib.framework/Versions/A/libvMisc.dylib
0x0000000011fea000 	/System/Library/Frameworks/Accelerate.framework/Versions/A/Frameworks/vecLib.framework/Versions/A/libLAPACK.dylib
0x0000000011fea000 	/System/Library/Frameworks/Accelerate.framework/Versions/A/Frameworks/vecLib.framework/Versions/A/libBLAS.dylib
0x0000000011fea000 	/System/Library/Frameworks/Accelerate.framework/Versions/A/Frameworks/vecLib.framework/Versions/A/libLinearAlgebra.dylib
0x0000000011fea000 	/System/Library/Frameworks/Accelerate.framework/Versions/A/Frameworks/vecLib.framework/Versions/A/libSparseBLAS.dylib
0x0000000011fea000 	/System/Library/Frameworks/ApplicationServices.framework/Versions/A/Frameworks/ATS.framework/Versions/A/Resources/libFontParser.dylib
0x0000000011fea000 	/System/Library/Frameworks/ApplicationServices.framework/Versions/A/Frameworks/ATS.framework/Versions/A/Resources/libFontRegistry.dylib
0x0000000011fea000 	/System/Library/Frameworks/ImageIO.framework/Versions/A/Resources/libJPEG.dylib
0x0000000011fea000 	/System/Library/Frameworks/ImageIO.framework/Versions/A/Resources/libTIFF.dylib
0x0000000011fea000 	/System/Library/Frameworks/ImageIO.framework/Versions/A/Resources/libPng.dylib
0x0000000011fea000 	/System/Library/Frameworks/ImageIO.framework/Versions/A/Resources/libGIF.dylib
0x0000000011fea000 	/System/Library/Frameworks/ImageIO.framework/Versions/A/Resources/libJP2.dylib
0x0000000011fea000 	/System/Library/Frameworks/ImageIO.framework/Versions/A/Resources/libRadiance.dylib
0x0000000011fea000 	/usr/lib/libcompression.dylib
0x0000000011fea000 	/System/Library/PrivateFrameworks/AppleJPEG.framework/Versions/A/AppleJPEG
0x0000000011fea000 	/usr/lib/libcups.2.dylib
0x0000000011fea000 	/System/Library/Frameworks/Kerberos.framework/Versions/A/Kerberos
0x0000000011fea000 	/System/Library/Frameworks/GSS.framework/Versions/A/GSS
0x0000000011fea000 	/usr/lib/libresolv.9.dylib
0x0000000011fea000 	/usr/lib/libiconv.2.dylib
0x0000000011fea000 	/System/Library/PrivateFrameworks/Heimdal.framework/Versions/A/Heimdal
0x0000000011fea000 	/usr/lib/libheimdal-asn1.dylib
0x0000000011fea000 	/System/Library/Frameworks/OpenDirectory.framework/Versions/A/OpenDirectory
0x0000000011fea000 	/System/Library/PrivateFrameworks/CommonAuth.framework/Versions/A/CommonAuth
0x0000000011fea000 	/System/Library/Frameworks/OpenDirectory.framework/Versions/A/Frameworks/CFOpenDirectory.framework/Versions/A/CFOpenDirectory
0x0000000011fea000 	/System/Library/Frameworks/SecurityFoundation.framework/Versions/A/SecurityFoundation
0x0000000011fea000 	/System/Library/PrivateFrameworks/LanguageModeling.framework/Versions/A/LanguageModeling
0x0000000011fea000 	/usr/lib/libmarisa.dylib
0x0000000011fea000 	/usr/lib/libChineseTokenizer.dylib
0x0000000011fea000 	/usr/lib/libcmph.dylib
0x0000000011fea000 	/System/Library/PrivateFrameworks/CoreEmoji.framework/Versions/A/CoreEmoji
0x0000000011fea000 	/System/Library/Frameworks/ServiceManagement.framework/Versions/A/ServiceManagement
0x0000000011fea000 	/usr/lib/libxslt.1.dylib
0x0000000011fea000 	/System/Library/Frameworks/Carbon.framework/Versions/A/Frameworks/Ink.framework/Versions/A/Ink
0x0000000011fea000 	/System/Library/PrivateFrameworks/TextureIO.framework/Versions/A/TextureIO
0x0000000011fea000 	/System/Library/Frameworks/Metal.framework/Versions/A/Metal
0x0000000011fea000 	/usr/lib/libate.dylib
0x0000000011fea000 	/System/Library/PrivateFrameworks/GPUCompiler.framework/libmetal_timestamp.dylib
0x0000000011fea000 	/System/Library/Frameworks/OpenGL.framework/Versions/A/Libraries/libCoreFSCache.dylib
0x0000000011fea000 	/System/Library/PrivateFrameworks/IOAccelerator.framework/Versions/A/IOAccelerator
0x0000000011fea000 	/System/Library/Frameworks/CoreVideo.framework/Versions/A/CoreVideo
0x0000000011fea000 	/usr/lib/libFosl_dynamic.dylib
0x0000000011fea000 	/System/Library/PrivateFrameworks/MetalPerformanceShaders.framework/Versions/A/MetalPerformanceShaders
0x0000000011fea000 	/System/Library/PrivateFrameworks/FaceCore.framework/Versions/A/FaceCore
0x0000000011fea000 	/System/Library/Frameworks/OpenCL.framework/Versions/A/OpenCL
0x0000000011fea000 	/System/Library/Frameworks/OpenGL.framework/Versions/A/Libraries/libGLU.dylib
0x0000000011fea000 	/System/Library/Frameworks/OpenGL.framework/Versions/A/Libraries/libGFXShared.dylib
0x0000000011fea000 	/System/Library/Frameworks/OpenGL.framework/Versions/A/Libraries/libGL.dylib
0x0000000011fea000 	/System/Library/Frameworks/OpenGL.framework/Versions/A/Libraries/libGLImage.dylib
0x0000000011fea000 	/System/Library/Frameworks/OpenGL.framework/Versions/A/Libraries/libCVMSPluginSupport.dylib
0x0000000011fea000 	/System/Library/Frameworks/OpenGL.framework/Versions/A/Libraries/libCoreVMClient.dylib
0x0000000011fea000 	/System/Library/PrivateFrameworks/CrashReporterSupport.framework/Versions/A/CrashReporterSupport
0x0000000011fea000 	/System/Library/PrivateFrameworks/Sharing.framework/Versions/A/Sharing
0x0000000011fea000 	/System/Library/PrivateFrameworks/IconServices.framework/Versions/A/IconServices
0x0000000011fea000 	/System/Library/PrivateFrameworks/ProtocolBuffer.framework/Versions/A/ProtocolBuffer
0x0000000011fea000 	/System/Library/PrivateFrameworks/Apple80211.framework/Versions/A/Apple80211
0x0000000011fea000 	/System/Library/Frameworks/CoreWLAN.framework/Versions/A/CoreWLAN
0x0000000011fea000 	/System/Library/PrivateFrameworks/CoreUtils.framework/Versions/A/CoreUtils
0x0000000011fea000 	/System/Library/Frameworks/IOBluetooth.framework/Versions/A/IOBluetooth
0x0000000011fea000 	/System/Library/PrivateFrameworks/CoreWiFi.framework/Versions/A/CoreWiFi
0x0000000011fea000 	/System/Library/Frameworks/CoreBluetooth.framework/Versions/A/CoreBluetooth
0x0000000011fea000 	/System/Library/Frameworks/CoreDisplay.framework/Versions/A/CoreDisplay
0x0000000011fea000 	/System/Library/PrivateFrameworks/IOPresentment.framework/Versions/A/IOPresentment
0x0000000011fea000 	/System/Library/PrivateFrameworks/DSExternalDisplay.framework/Versions/A/DSExternalDisplay
0x0000000011fea000 	/System/Library/PrivateFrameworks/DebugSymbols.framework/Versions/A/DebugSymbols
0x0000000011fea000 	/System/Library/PrivateFrameworks/CoreSymbolication.framework/Versions/A/CoreSymbolication
0x0000000011fea000 	/System/Library/PrivateFrameworks/Symbolication.framework/Versions/A/Symbolication
0x0000000011fea000 	/System/Library/PrivateFrameworks/AppleFSCompression.framework/Versions/A/AppleFSCompression
0x0000000011fea000 	/System/Library/PrivateFrameworks/SpeechRecognitionCore.framework/Versions/A/SpeechRecognitionCore
0x0000000011fea000 	/System/Library/PrivateFrameworks/ChunkingLibrary.framework/Versions/A/ChunkingLibrary
0x0000000101200000 	/Library/Java/JavaVirtualMachines/jdk1.8.0_141.jdk/Contents/Home/jre/lib/server/libjvm.dylib
0x0000000011fea000 	/usr/lib/libstdc++.6.dylib
0x00000001008a0000 	/Library/Java/JavaVirtualMachines/jdk1.8.0_141.jdk/Contents/Home/jre/lib/libverify.dylib
0x00000001008ae000 	/Library/Java/JavaVirtualMachines/jdk1.8.0_141.jdk/Contents/Home/jre/lib/libjava.dylib
0x00000001008ed000 	/Library/Java/JavaVirtualMachines/jdk1.8.0_141.jdk/Contents/Home/jre/lib/libzip.dylib
0x0000000117aaa000 	/System/Library/Frameworks/JavaVM.framework/Frameworks/JavaRuntimeSupport.framework/JavaRuntimeSupport
0x0000000117ac4000 	/System/Library/Frameworks/JavaVM.framework/Versions/A/Frameworks/JavaNativeFoundation.framework/Versions/A/JavaNativeFoundation
0x00000001009f3000 	/System/Library/Frameworks/JavaVM.framework/Versions/A/JavaVM
0x0000000011fea000 	/System/Library/Frameworks/Carbon.framework/Versions/A/Carbon
0x00000001025c7000 	/System/Library/PrivateFrameworks/JavaLaunching.framework/Versions/A/JavaLaunching
0x0000000011fea000 	/System/Library/Frameworks/Carbon.framework/Versions/A/Frameworks/CommonPanels.framework/Versions/A/CommonPanels
0x0000000011fea000 	/System/Library/Frameworks/Carbon.framework/Versions/A/Frameworks/Help.framework/Versions/A/Help
0x0000000011fea000 	/System/Library/Frameworks/Carbon.framework/Versions/A/Frameworks/ImageCapture.framework/Versions/A/ImageCapture
0x0000000011fea000 	/System/Library/Frameworks/Carbon.framework/Versions/A/Frameworks/OpenScripting.framework/Versions/A/OpenScripting
0x0000000011fea000 	/System/Library/Frameworks/Carbon.framework/Versions/A/Frameworks/Print.framework/Versions/A/Print
0x0000000011fea000 	/System/Library/Frameworks/Carbon.framework/Versions/A/Frameworks/SecurityHI.framework/Versions/A/SecurityHI
0x0000000119435000 	/Library/Java/JavaVirtualMachines/jdk1.8.0_141.jdk/Contents/Home/jre/lib/libawt.dylib
0x00000001194dd000 	/Library/Java/JavaVirtualMachines/jdk1.8.0_141.jdk/Contents/Home/jre/lib/./libmlib_image.dylib
0x00000001195a9000 	/Library/Java/JavaVirtualMachines/jdk1.8.0_141.jdk/Contents/Home/jre/lib/libawt_lwawt.dylib
0x0000000119660000 	/Library/Java/JavaVirtualMachines/jdk1.8.0_141.jdk/Contents/Home/jre/lib/./libosxapp.dylib
0x0000000011fea000 	/System/Library/Frameworks/ExceptionHandling.framework/Versions/A/ExceptionHandling
0x0000000011fea000 	/System/Library/PrivateFrameworks/CoreServicesInternal.framework/Versions/A/CoreServicesInternal
0x0000000011fea000 	/System/Library/CoreServices/RawCamera.bundle/Contents/MacOS/RawCamera
0x0000000011fea000 	/System/Library/Frameworks/Accelerate.framework/Versions/A/Frameworks/vImage.framework/Versions/A/Libraries/libCGInterfaces.dylib
0x0000000011fea000 	/System/Library/Frameworks/ApplicationServices.framework/Versions/A/Frameworks/ATS.framework/Versions/A/Resources/libTrueTypeScaler.dylib
0x000000011b57c000 	/System/Library/Frameworks/OpenGL.framework/Resources/GLEngine.bundle/GLEngine
0x0000000011fea000 	/System/Library/Frameworks/OpenGL.framework/Versions/A/Libraries/libGLProgrammability.dylib
0x000000011b761000 	/System/Library/Extensions/AppleIntelHD5000GraphicsGLDriver.bundle/Contents/MacOS/AppleIntelHD5000GraphicsGLDriver
0x0000000011fea000 	/System/Library/PrivateFrameworks/GPUSupport.framework/Versions/A/Libraries/libGPUSupportMercury.dylib
0x000000011becf000 	/System/Library/Frameworks/OpenGL.framework/Resources//GLRendererFloat.bundle/GLRendererFloat
0x0000000011fea000 	/System/Library/Frameworks/OpenCL.framework/Versions/A/Libraries/libcldcpuengine.dylib
0x0000000011fea000 	/usr/lib/libcrypto.0.9.8.dylib
0x0000000011fea000 	/System/Library/PrivateFrameworks/TrustEvaluationAgent.framework/Versions/A/TrustEvaluationAgent
0x000000011bf03000 	/System/Library/Extensions/AppleIntelHD5000GraphicsMTLDriver.bundle/Contents/MacOS/AppleIntelHD5000GraphicsMTLDriver
0x0000000011fea000 	/System/Library/PrivateFrameworks/FamilyControls.framework/Versions/A/FamilyControls
0x0000000011fea000 	/System/Library/PrivateFrameworks/CommerceKit.framework/Versions/A/Frameworks/CommerceCore.framework/Versions/A/CommerceCore
0x0000000011fea000 	/System/Library/PrivateFrameworks/SystemAdministration.framework/Versions/A/SystemAdministration
0x0000000011fea000 	/System/Library/PrivateFrameworks/AppContainer.framework/Versions/A/AppContainer
0x0000000011fea000 	/System/Library/PrivateFrameworks/SecCodeWrapper.framework/Versions/A/SecCodeWrapper
0x0000000011fea000 	/System/Library/Frameworks/DirectoryService.framework/Versions/A/DirectoryService
0x0000000011fea000 	/System/Library/PrivateFrameworks/DiskImages.framework/Versions/A/DiskImages
0x0000000011fea000 	/System/Library/PrivateFrameworks/LoginUIKit.framework/Versions/A/Frameworks/LoginUICore.framework/Versions/A/LoginUICore
0x0000000011fea000 	/usr/lib/libCoreStorage.dylib
0x0000000011fea000 	/usr/lib/libcsfde.dylib
0x0000000011fea000 	/usr/lib/libodfde.dylib
0x0000000011fea000 	/System/Library/Frameworks/DiscRecording.framework/Versions/A/DiscRecording
0x0000000011fea000 	/usr/lib/libcurl.4.dylib
0x0000000011fea000 	/System/Library/PrivateFrameworks/MediaKit.framework/Versions/A/MediaKit
0x0000000011fea000 	/System/Library/PrivateFrameworks/ProtectedCloudStorage.framework/Versions/A/ProtectedCloudStorage
0x0000000011fea000 	/System/Library/PrivateFrameworks/EFILogin.framework/Versions/A/EFILogin
0x0000000011fea000 	/usr/lib/libutil.dylib
0x0000000011fea000 	/System/Library/Frameworks/LDAP.framework/Versions/A/LDAP
0x0000000011fea000 	/usr/lib/libsasl2.2.dylib
0x0000000011fea000 	/System/Library/PrivateFrameworks/CoreDaemon.framework/Versions/B/CoreDaemon
0x0000000011fea000 	/System/Library/PrivateFrameworks/AppleSRP.framework/Versions/A/AppleSRP
0x0000000011fea000 	/System/Library/PrivateFrameworks/APFS.framework/Versions/A/APFS
0x000000011d300000 	/Library/Java/JavaVirtualMachines/jdk1.8.0_141.jdk/Contents/Home/jre/lib/libfontmanager.dylib
0x000000011d367000 	/Users/Har/Desktop/SWEN-Proj1/lib/liblwjgl.dylib
0x0000000119b4a000 	/Library/Java/JavaVirtualMachines/jdk1.8.0_141.jdk/Contents/Home/jre/lib/libjawt.dylib
0x0000000011fea000 	/System/Library/PrivateFrameworks/ViewBridge.framework/Versions/A/ViewBridge
0x0000000011fea000 	/System/Library/PrivateFrameworks/XPCService.framework/Versions/A/XPCService
0x0000000011fea000 	/System/Library/PrivateFrameworks/AppSandbox.framework/Versions/A/AppSandbox
0x0000000011fea000 	/usr/lib/libsandbox.1.dylib
0x0000000011fea000 	/usr/lib/libMatch.1.dylib
0x0000000119b67000 	/Users/Har/Desktop/SWEN-Proj1/lib/libjinput-osx.dylib
0x000000011ebd8000 	/System/Library/Extensions/IOHIDFamily.kext/Contents/PlugIns/IOHIDLib.plugin/Contents/MacOS/IOHIDLib

VM Arguments:
jvm_args: -Djava.library.path=/Users/Har/Desktop/SWEN-Proj1/lib -Dfile.encoding=UTF-8 
java_command: App
java_class_path (initial): /Users/Har/Desktop/SWEN-Proj1/bin:/Users/Har/Desktop/SWEN-Proj1/lib/jinput.jar:/Users/Har/Desktop/SWEN-Proj1/lib/lwjgl.jar:/Users/Har/Desktop/SWEN-Proj1/lib/slick.jar
Launcher Type: SUN_STANDARD

Environment Variables:
PATH=/usr/bin:/bin:/usr/sbin:/sbin
SHELL=/bin/bash

Signal Handlers:
SIGSEGV: [libjvm.dylib+0x5b26e5], sa_mask[0]=11111111011111110111111111111111, sa_flags=SA_ONSTACK|SA_RESTART|SA_SIGINFO
SIGBUS: [libjvm.dylib+0x5b26e5], sa_mask[0]=11111111011111110111111111111111, sa_flags=SA_RESTART|SA_SIGINFO
SIGFPE: [libjvm.dylib+0x489100], sa_mask[0]=11111111011111110111111111111111, sa_flags=SA_RESTART|SA_SIGINFO
SIGPIPE: [libjvm.dylib+0x489100], sa_mask[0]=11111111011111110111111111111111, sa_flags=SA_RESTART|SA_SIGINFO
SIGXFSZ: [libjvm.dylib+0x489100], sa_mask[0]=11111111011111110111111111111111, sa_flags=SA_RESTART|SA_SIGINFO
SIGILL: [libjvm.dylib+0x489100], sa_mask[0]=11111111011111110111111111111111, sa_flags=SA_RESTART|SA_SIGINFO
SIGUSR1: SIG_DFL, sa_mask[0]=00000000000000000000000000000000, sa_flags=none
SIGUSR2: [libjvm.dylib+0x488c1e], sa_mask[0]=00100000000000000000000000000000, sa_flags=SA_RESTART|SA_SIGINFO
SIGHUP: [libjvm.dylib+0x4871f5], sa_mask[0]=11111111011111110111111111111111, sa_flags=SA_RESTART|SA_SIGINFO
SIGINT: [libjvm.dylib+0x4871f5], sa_mask[0]=11111111011111110111111111111111, sa_flags=SA_RESTART|SA_SIGINFO
SIGTERM: [libjvm.dylib+0x4871f5], sa_mask[0]=11111111011111110111111111111111, sa_flags=SA_RESTART|SA_SIGINFO
SIGQUIT: [libjvm.dylib+0x4871f5], sa_mask[0]=11111111011111110111111111111111, sa_flags=SA_RESTART|SA_SIGINFO


---------------  S Y S T E M  ---------------

OS:Bsduname:Darwin 16.6.0 Darwin Kernel Version 16.6.0: Fri Apr 14 16:21:16 PDT 2017; root:xnu-3789.60.24~6/RELEASE_X86_64 x86_64
rlimit: STACK 8192k, CORE 0k, NPROC 709, NOFILE 10240, AS infinity
load average:2.43 1.86 1.73

CPU:total 4 (initial active 4) (2 cores per cpu, 2 threads per core) family 6 model 69 stepping 1, cmov, cx8, fxsr, mmx, sse, sse2, sse3, ssse3, sse4.1, sse4.2, popcnt, avx, avx2, aes, clmul, erms, lzcnt, ht, tsc, tscinvbit, bmi1, bmi2

Memory: 4k page, physical 8388608k(385432k free)

/proc/meminfo:


vm_info: Java HotSpot(TM) 64-Bit Server VM (25.141-b15) for bsd-amd64 JRE (1.8.0_141-b15), built on Jul 12 2017 04:35:23 by "java_re" with gcc 4.2.1 (Based on Apple Inc. build 5658) (LLVM build 2336.11.00)

time: Thu Sep  7 14:58:33 2017
elapsed time: 289 seconds (0d 0h 4m 49s)

