#
# A fatal error has been detected by the Java Runtime Environment:
#
#  SIGSEGV (0xb) at pc=0x00007fffc1299cfa, pid=12846, tid=0x0000000000000307
#
# JRE version: Java(TM) SE Runtime Environment (8.0_141-b15) (build 1.8.0_141-b15)
# Java VM: Java HotSpot(TM) 64-Bit Server VM (25.141-b15 mixed mode bsd-amd64 compressed oops)
# Problematic frame:
# C  [libobjc.A.dylib+0xbcfa]  objc_storeWeak+0x160
#
# Failed to write core dump. Core dumps have been disabled. To enable core dumping, try "ulimit -c unlimited" before starting Java again
#
# If you would like to submit a bug report, please visit:
#   http://bugreport.java.com/bugreport/crash.jsp
# The crash happened outside the Java Virtual Machine in native code.
# See problematic frame for where to report the bug.
#

---------------  T H R E A D  ---------------

Current thread (0x00007fe376868000):  JavaThread "AppKit Thread" daemon [_thread_in_native, id=775, stack(0x00007fff53865000,0x00007fff54065000)]

siginfo: si_signo: 11 (SIGSEGV), si_code: 1 (SEGV_MAPERR), si_addr: 0x000007fe3766e1c0

Registers:
RAX=0x0000000000000000, RBX=0x00007fffca9f2480, RCX=0x0000000000000307, RDX=0x00007ffffffffff8
RSP=0x00007fff5405f720, RBP=0x00007fff5405f7a0, RSI=0x000007fe3766e1a0, RDI=0x00007fffca9f2480
R8 =0x000000000000003f, R9 =0x00007fe376782340, R10=0x000000000000001f, R11=0x00007fe377af17f0
R12=0x00007fffca9f2800, R13=0x0000000000000000, R14=0x00007fe376685270, R15=0x0000000000000000
RIP=0x00007fffc1299cfa, EFLAGS=0x0000000000010206, ERR=0x0000000000000004
  TRAPNO=0x000000000000000e

Top of Stack: (sp=0x00007fff5405f720)
0x00007fff5405f720:   0000000000000000 00007fe376546c80
0x00007fff5405f730:   ffff801c8987dcc0 0000000000000380
0x00007fff5405f740:   00007fffca93c630 0000000000000000
0x00007fff5405f750:   00007fffca9f2800 00007fe376685270
0x00007fff5405f760:   0000000000000000 00007fe376546630
0x00007fff5405f770:   000000000000000c 00007fe376782340
0x00007fff5405f780:   0000000000000000 00007fe376782340
0x00007fff5405f790:   00007fe3765464b0 00007fe376685270
0x00007fff5405f7a0:   00007fff5405f7e0 00007fffade09acf
0x00007fff5405f7b0:   00007fff5405f7e0 0000000000000000
0x00007fff5405f7c0:   00007fe376685270 00007fffaab3e006
0x00007fff5405f7d0:   00007fe376782340 00007fffc1295040
0x00007fff5405f7e0:   00007fff5405f810 00007fffaa1d66fb
0x00007fff5405f7f0:   00007fffc1295040 00007fff5405f898
0x00007fff5405f800:   00007fffaab81759 00007fffc1295040
0x00007fff5405f810:   00007fff5405f850 00007fffaa5a3c73
0x00007fff5405f820:   0000000000000000 0000000000000000
0x00007fff5405f830:   0000000000000094 00007fffaab6417f
0x00007fff5405f840:   00007fff5405f898 0000000000000001
0x00007fff5405f850:   00007fff5405f880 00007fffaa02dd48
0x00007fff5405f860:   0000000000000000 00007fe376685270
0x00007fff5405f870:   00007fe376782340 0000000000000000
0x00007fff5405f880:   00007fff5405f8e0 00007fffaa1d6538
0x00007fff5405f890:   0000000000000000 00007fffcaa85060
0x00007fff5405f8a0:   00000000c2000000 00007fffaa5a3b84
0x00007fff5405f8b0:   00007fffc6b51cf0 0000000000000000
0x00007fff5405f8c0:   00007fe376685270 00007fe376782340
0x00007fff5405f8d0:   00007fe376782340 00007fe376685270
0x00007fff5405f8e0:   00007fff5405f910 0000000118709586
0x00007fff5405f8f0:   00007fe376782340 000000011873dc60
0x00007fff5405f900:   00007fe376759a70 00007fe376759a70
0x00007fff5405f910:   00007fff5405fe80 00007fffaa050e7b 

Instructions: (pc=0x00007fffc1299cfa)
0x00007fffc1299cda:   49 48 83 7d a8 00 75 08 49 8b 36 48 21 d6 eb 07
0x00007fffc1299cea:   48 8b 45 a0 48 8b 30 48 8b 45 c0 48 39 c6 74 2a
0x00007fffc1299cfa:   48 8b 46 20 48 89 c1 48 21 d1 48 8b 49 08 f6 01
0x00007fffc1299d0a:   01 75 0a 48 8b 06 48 21 d0 48 8b 40 20 48 21 d0 

Register to memory mapping:

RAX=0x0000000000000000 is an unknown value
RBX=0x00007fffca9f2480: _ZN12_GLOBAL__N_1L12SideTableBufE+0 in /usr/lib/libobjc.A.dylib at 0x00007fffc128e000
RCX=0x0000000000000307 is an unknown value
RDX=0x00007ffffffffff8 is an unknown value
RSP=0x00007fff5405f720 is pointing into the stack for thread: 0x00007fe376868000
RBP=0x00007fff5405f7a0 is pointing into the stack for thread: 0x00007fe376868000
RSI=0x000007fe3766e1a0 is an unknown value
RDI=0x00007fffca9f2480: _ZN12_GLOBAL__N_1L12SideTableBufE+0 in /usr/lib/libobjc.A.dylib at 0x00007fffc128e000
R8 =0x000000000000003f is an unknown value
R9 =0x00007fe376782340 is an unknown value
R10=0x000000000000001f is an unknown value
R11=0x00007fe377af17f0 is an unknown value
R12=0x00007fffca9f2800: _ZN12_GLOBAL__N_1L12SideTableBufE+0x380 in /usr/lib/libobjc.A.dylib at 0x00007fffc128e000
R13=0x0000000000000000 is an unknown value
R14=0x00007fe376685270 is an unknown value
R15=0x0000000000000000 is an unknown value


Stack: [0x00007fff53865000,0x00007fff54065000],  sp=0x00007fff5405f720,  free space=8169k
Native frames: (J=compiled Java code, j=interpreted, Vv=VM code, C=native code)
C  [libobjc.A.dylib+0xbcfa]  objc_storeWeak+0x160
C  [Foundation+0x17acf]  -[NSConcreteMapTable setObject:forKey:]+0x6a
C  [AppKit+0x3226fb]  -[NSView(NSOpenGLContextAssociation) _setOpenGLContext:]+0x9b
C  [AppKit+0x6efc73]  __27-[NSOpenGLContext setView:]_block_invoke+0xef
C  [AppKit+0x179d48]  NSPerformVisuallyAtomicChange+0x93
C  [AppKit+0x322538]  -[NSOpenGLContext setView:]+0x69
C  [liblwjgl.dylib+0xa586]  -[MacOSXOpenGLView lockFocus]+0x76
C  [AppKit+0x19ce7b]  -[NSView _recursiveDisplayRectIfNeededIgnoringOpacity:isVisibleRect:rectIsVisibleRectForView:topView:]+0x6ee
C  [AppKit+0x19d6d1]  -[NSView _recursiveDisplayRectIfNeededIgnoringOpacity:isVisibleRect:rectIsVisibleRectForView:topView:]+0xf44
C  [AppKit+0x19c2af]  -[NSThemeFrame _recursiveDisplayRectIfNeededIgnoringOpacity:isVisibleRect:rectIsVisibleRectForView:topView:]+0x14e
C  [AppKit+0x19a6d8]  -[NSView _displayRectIgnoringOpacity:isVisibleRect:rectIsVisibleRectForView:]+0x994
C  [AppKit+0x195fca]  -[NSView displayIfNeeded]+0x6d4
C  [AppKit+0x1958db]  -[NSWindow displayIfNeeded]+0xe6
C  [AppKit+0x8f5cb4]  ___NSWindowGetDisplayCycleObserver_block_invoke.6228+0x115
C  [AppKit+0x1953b9]  __37+[NSDisplayCycle currentDisplayCycle]_block_invoke+0x1c6
C  [QuartzCore+0x11d06]  _ZN2CA11Transaction19run_commit_handlersE18CATransactionPhase+0x2e
C  [QuartzCore+0x11b8bc]  _ZN2CA7Context18commit_transactionEPNS_11TransactionE+0xa0
C  [QuartzCore+0x107e1]  _ZN2CA11Transaction6commitEv+0x1db
C  [AppKit+0x4788b1]  __37+[NSDisplayCycle currentDisplayCycle]_block_invoke.31+0x143
C  [CoreFoundation+0xa6d37]  __CFRUNLOOP_IS_CALLING_OUT_TO_AN_OBSERVER_CALLBACK_FUNCTION__+0x17
C  [CoreFoundation+0xa6ca7]  __CFRunLoopDoObservers+0x187
C  [CoreFoundation+0x876d9]  __CFRunLoopRun+0x369
C  [CoreFoundation+0x87114]  CFRunLoopRunSpecific+0x1a4
C  [HIToolbox+0x30ebc]  RunCurrentEventLoopInMode+0xf0
C  [HIToolbox+0x30bf9]  ReceiveNextEventCommon+0xb8
C  [HIToolbox+0x30b26]  _BlockUntilNextEventMatchingListInModeWithFilter+0x47
C  [AppKit+0x46a54]  _DPSNextEvent+0x460
C  [AppKit+0x7c27ee]  -[NSApplication(NSEvent) _nextEventMatchingEventMask:untilDate:inMode:dequeue:]+0xaec
C  [libosxapp.dylib+0x23aa]  -[NSApplicationAWT nextEventMatchingMask:untilDate:inMode:dequeue:]+0x7c
C  [AppKit+0x3b3db]  -[NSApplication run]+0x39e
C  [libosxapp.dylib+0x214d]  +[NSApplicationAWT runAWTLoopWithApp:]+0x9c
C  [libawt_lwawt.dylib+0x45edf]  -[AWTStarter starter:]+0x389
C  [Foundation+0x7152a]  __NSThreadPerformPerform+0x146
C  [CoreFoundation+0xa7321]  __CFRUNLOOP_IS_CALLING_OUT_TO_A_SOURCE0_PERFORM_FUNCTION__+0x11
C  [CoreFoundation+0x8821d]  __CFRunLoopDoSources0+0x22d
C  [CoreFoundation+0x87716]  __CFRunLoopRun+0x3a6
C  [CoreFoundation+0x87114]  CFRunLoopRunSpecific+0x1a4
C  [java+0x6465]  CreateExecutionEnvironment+0x367
C  [java+0x218c]  JLI_Launch+0x7a0
C  [java+0x84c2]  main+0x65
C  [java+0x19e4]  start+0x34
C  0x0000000000000006


---------------  P R O C E S S  ---------------

Java Threads: ( => current thread )
  0x00007fe3780e5000 JavaThread "AWT-Shutdown" [_thread_blocked, id=29959, stack(0x000070000a2d4000,0x000070000a3d4000)]
=>0x00007fe376868000 JavaThread "AppKit Thread" daemon [_thread_in_native, id=775, stack(0x00007fff53865000,0x00007fff54065000)]
  0x00007fe378038800 JavaThread "Service Thread" daemon [_thread_blocked, id=18691, stack(0x000070000a04b000,0x000070000a14b000)]
  0x00007fe37683f000 JavaThread "C1 CompilerThread2" daemon [_thread_blocked, id=18179, stack(0x0000700009f48000,0x000070000a048000)]
  0x00007fe37683e000 JavaThread "C2 CompilerThread1" daemon [_thread_blocked, id=17667, stack(0x0000700009e45000,0x0000700009f45000)]
  0x00007fe37683b800 JavaThread "C2 CompilerThread0" daemon [_thread_blocked, id=17155, stack(0x0000700009d42000,0x0000700009e42000)]
  0x00007fe378038000 JavaThread "Signal Dispatcher" daemon [_thread_blocked, id=16643, stack(0x0000700009c3f000,0x0000700009d3f000)]
  0x00007fe378015800 JavaThread "Finalizer" daemon [_thread_blocked, id=12547, stack(0x0000700009b3c000,0x0000700009c3c000)]
  0x00007fe376803000 JavaThread "Reference Handler" daemon [_thread_blocked, id=12035, stack(0x0000700009a39000,0x0000700009b39000)]
  0x00007fe376809000 JavaThread "main" [_thread_in_native, id=7171, stack(0x0000700009427000,0x0000700009527000)]

Other Threads:
  0x00007fe37800f000 VMThread [stack: 0x0000700009936000,0x0000700009a36000] [id=11523]
  0x00007fe377803000 WatcherThread [stack: 0x000070000a14e000,0x000070000a24e000] [id=19203]

VM state:not at safepoint (normal execution)

VM Mutex/Monitor currently owned by a thread: None

Heap:
 PSYoungGen      total 38400K, used 18876K [0x0000000795580000, 0x0000000798000000, 0x00000007c0000000)
  eden space 33280K, 56% used [0x0000000795580000,0x00000007967ef240,0x0000000797600000)
  from space 5120K, 0% used [0x0000000797b00000,0x0000000797b00000,0x0000000798000000)
  to   space 5120K, 0% used [0x0000000797600000,0x0000000797600000,0x0000000797b00000)
 ParOldGen       total 87552K, used 0K [0x0000000740000000, 0x0000000745580000, 0x0000000795580000)
  object space 87552K, 0% used [0x0000000740000000,0x0000000740000000,0x0000000745580000)
 Metaspace       used 7490K, capacity 7615K, committed 7808K, reserved 1056768K
  class space    used 754K, capacity 826K, committed 896K, reserved 1048576K

Card table byte_map: [0x000000010d967000,0x000000010dd68000] byte_map_base: 0x0000000109f67000

Marking Bits: (ParMarkBitMap*) 0x000000010cef35d0
 Begin Bits: [0x000000010e013000, 0x0000000110013000)
 End Bits:   [0x0000000110013000, 0x0000000112013000)

Polling page: 0x000000010bc5b000

CodeCache: size=245760Kb used=3367Kb max_used=3379Kb free=242392Kb
 bounds [0x000000011921f000, 0x000000011956f000, 0x000000012821f000]
 total_blobs=1251 nmethods=856 adapters=309
 compilation: enabled

Compilation events (10 events):
Event: 4.042 Thread 0x00007fe37683f000  852       3       java.util.HashSet::isEmpty (8 bytes)
Event: 4.043 Thread 0x00007fe37683f000 nmethod 852 0x00000001195685d0 code [0x0000000119568740, 0x00000001195689d0]
Event: 4.043 Thread 0x00007fe37683f000  853       3       java.util.HashMap::isEmpty (13 bytes)
Event: 4.043 Thread 0x00007fe37683f000 nmethod 853 0x0000000119568250 code [0x00000001195683c0, 0x0000000119568570]
Event: 4.108 Thread 0x00007fe37683e000  854       4       java.nio.Buffer::limit (62 bytes)
Event: 4.109 Thread 0x00007fe37683e000 nmethod 854 0x000000011956b610 code [0x000000011956b760, 0x000000011956b858]
Event: 4.115 Thread 0x00007fe37683f000  855   !   3       org.lwjgl.input.Mouse::next (235 bytes)
Event: 4.117 Thread 0x00007fe37683f000 nmethod 855 0x000000011956b950 code [0x000000011956bc60, 0x000000011956d4a8]
Event: 4.262 Thread 0x00007fe37683b800  856       4       java.nio.DirectByteBuffer::put (18 bytes)
Event: 4.263 Thread 0x00007fe37683b800 nmethod 856 0x000000011956e010 code [0x000000011956e160, 0x000000011956e218]

GC Heap History (0 events):
No events

Deoptimization events (1 events):
Event: 0.639 Thread 0x00007fe376809000 Uncommon trap: reason=unstable_if action=reinterpret pc=0x00000001193c9e00 method=java.lang.String.replace(CC)Ljava/lang/String; @ 26

Internal exceptions (10 events):
Event: 0.133 Thread 0x00007fe376809000 Exception <a 'java/security/PrivilegedActionException'> (0x00000007956dfd00) thrown at [/Users/java_re/workspace/8-2-build-macosx-x86_64/jdk8u141/9370/hotspot/src/share/vm/prims/jvm.cpp, line 1390]
Event: 0.133 Thread 0x00007fe376809000 Exception <a 'java/security/PrivilegedActionException'> (0x00000007956dff10) thrown at [/Users/java_re/workspace/8-2-build-macosx-x86_64/jdk8u141/9370/hotspot/src/share/vm/prims/jvm.cpp, line 1390]
Event: 0.241 Thread 0x00007fe376809000 Exception <a 'java/security/PrivilegedActionException'> (0x0000000795823680) thrown at [/Users/java_re/workspace/8-2-build-macosx-x86_64/jdk8u141/9370/hotspot/src/share/vm/prims/jvm.cpp, line 1390]
Event: 0.241 Thread 0x00007fe376809000 Exception <a 'java/security/PrivilegedActionException'> (0x0000000795823890) thrown at [/Users/java_re/workspace/8-2-build-macosx-x86_64/jdk8u141/9370/hotspot/src/share/vm/prims/jvm.cpp, line 1390]
Event: 0.242 Thread 0x00007fe376809000 Exception <a 'java/security/PrivilegedActionException'> (0x0000000795826da8) thrown at [/Users/java_re/workspace/8-2-build-macosx-x86_64/jdk8u141/9370/hotspot/src/share/vm/prims/jvm.cpp, line 1390]
Event: 0.242 Thread 0x00007fe376809000 Exception <a 'java/security/PrivilegedActionException'> (0x0000000795826fb8) thrown at [/Users/java_re/workspace/8-2-build-macosx-x86_64/jdk8u141/9370/hotspot/src/share/vm/prims/jvm.cpp, line 1390]
Event: 0.280 Thread 0x00007fe376809000 Exception <a 'java/lang/NoSuchFieldError': method resolution failed> (0x00000007958facc0) thrown at [/Users/java_re/workspace/8-2-build-macosx-x86_64/jdk8u141/9370/hotspot/src/share/vm/prims/methodHandles.cpp, line 1146]
Event: 0.281 Thread 0x00007fe376809000 Exception <a 'java/lang/NoSuchFieldError': method resolution failed> (0x0000000795908410) thrown at [/Users/java_re/workspace/8-2-build-macosx-x86_64/jdk8u141/9370/hotspot/src/share/vm/prims/methodHandles.cpp, line 1146]
Event: 0.591 Thread 0x00007fe376809000 Exception <a 'java/io/FileNotFoundException'> (0x0000000795982d80) thrown at [/Users/java_re/workspace/8-2-build-macosx-x86_64/jdk8u141/9370/hotspot/src/share/vm/prims/jni.cpp, line 709]
Event: 0.591 Thread 0x00007fe376809000 Exception <a 'java/io/FileNotFoundException'> (0x00000007959838d0) thrown at [/Users/java_re/workspace/8-2-build-macosx-x86_64/jdk8u141/9370/hotspot/src/share/vm/prims/jni.cpp, line 709]

Events (10 events):
Event: 2.841 loading class java/util/IdentityHashMap$IdentityHashMapIterator done
Event: 2.841 loading class java/util/IdentityHashMap$ValueIterator done
Event: 2.841 Thread 0x00007fe3780e5000 Thread exited: 0x00007fe3780e5000
Event: 3.491 Thread 0x00007fe3780e5000 Thread added: 0x00007fe3780e5000
Event: 3.794 loading class java/util/ArrayList$1
Event: 3.794 loading class java/util/ArrayList$1 done
Event: 4.127 Executing VM operation: EnableBiasedLocking
Event: 4.127 Executing VM operation: EnableBiasedLocking done
Event: 4.261 loading class org/lwjgl/opengl/CallbackUtil
Event: 4.261 loading class org/lwjgl/opengl/CallbackUtil done


Dynamic libraries:
0x0000000037003000 	/System/Library/Frameworks/Cocoa.framework/Versions/A/Cocoa
0x0000000037003000 	/System/Library/Frameworks/Security.framework/Versions/A/Security
0x0000000037003000 	/System/Library/Frameworks/ApplicationServices.framework/Versions/A/ApplicationServices
0x0000000037003000 	/usr/lib/libz.1.dylib
0x0000000037003000 	/usr/lib/libSystem.B.dylib
0x0000000037003000 	/usr/lib/libobjc.A.dylib
0x0000000037003000 	/System/Library/Frameworks/CoreFoundation.framework/Versions/A/CoreFoundation
0x0000000037003000 	/System/Library/Frameworks/Foundation.framework/Versions/C/Foundation
0x0000000037003000 	/System/Library/Frameworks/AppKit.framework/Versions/C/AppKit
0x0000000037003000 	/System/Library/Frameworks/CoreData.framework/Versions/A/CoreData
0x0000000037003000 	/System/Library/PrivateFrameworks/RemoteViewServices.framework/Versions/A/RemoteViewServices
0x0000000037003000 	/System/Library/PrivateFrameworks/UIFoundation.framework/Versions/A/UIFoundation
0x0000000037003000 	/System/Library/PrivateFrameworks/DFRFoundation.framework/Versions/A/DFRFoundation
0x0000000037003000 	/usr/lib/libenergytrace.dylib
0x0000000037003000 	/System/Library/PrivateFrameworks/SkyLight.framework/Versions/A/SkyLight
0x0000000037003000 	/System/Library/Frameworks/CoreGraphics.framework/Versions/A/CoreGraphics
0x0000000037003000 	/usr/lib/libScreenReader.dylib
0x0000000037003000 	/System/Library/Frameworks/Accelerate.framework/Versions/A/Accelerate
0x0000000037003000 	/System/Library/Frameworks/IOSurface.framework/Versions/A/IOSurface
0x0000000037003000 	/System/Library/Frameworks/AudioToolbox.framework/Versions/A/AudioToolbox
0x0000000037003000 	/System/Library/Frameworks/AudioUnit.framework/Versions/A/AudioUnit
0x0000000037003000 	/System/Library/PrivateFrameworks/DataDetectorsCore.framework/Versions/A/DataDetectorsCore
0x0000000037003000 	/System/Library/PrivateFrameworks/DesktopServicesPriv.framework/Versions/A/DesktopServicesPriv
0x0000000037003000 	/System/Library/Frameworks/Carbon.framework/Versions/A/Frameworks/HIToolbox.framework/Versions/A/HIToolbox
0x0000000037003000 	/usr/lib/libicucore.A.dylib
0x0000000037003000 	/System/Library/Frameworks/QuartzCore.framework/Versions/A/QuartzCore
0x0000000037003000 	/System/Library/Frameworks/Carbon.framework/Versions/A/Frameworks/SpeechRecognition.framework/Versions/A/SpeechRecognition
0x0000000037003000 	/usr/lib/libauto.dylib
0x0000000037003000 	/usr/lib/libxml2.2.dylib
0x0000000037003000 	/System/Library/PrivateFrameworks/CoreUI.framework/Versions/A/CoreUI
0x0000000037003000 	/System/Library/Frameworks/CoreAudio.framework/Versions/A/CoreAudio
0x0000000037003000 	/System/Library/Frameworks/DiskArbitration.framework/Versions/A/DiskArbitration
0x0000000037003000 	/usr/lib/liblangid.dylib
0x0000000037003000 	/System/Library/PrivateFrameworks/MultitouchSupport.framework/Versions/A/MultitouchSupport
0x0000000037003000 	/System/Library/Frameworks/IOKit.framework/Versions/A/IOKit
0x0000000037003000 	/usr/lib/libDiagnosticMessagesClient.dylib
0x0000000037003000 	/System/Library/Frameworks/CoreServices.framework/Versions/A/CoreServices
0x0000000037003000 	/System/Library/PrivateFrameworks/PerformanceAnalysis.framework/Versions/A/PerformanceAnalysis
0x0000000037003000 	/System/Library/PrivateFrameworks/GenerationalStorage.framework/Versions/A/GenerationalStorage
0x0000000037003000 	/System/Library/Frameworks/OpenGL.framework/Versions/A/OpenGL
0x0000000037003000 	/System/Library/Frameworks/CoreImage.framework/Versions/A/CoreImage
0x0000000037003000 	/System/Library/Frameworks/CoreText.framework/Versions/A/CoreText
0x0000000037003000 	/System/Library/Frameworks/ImageIO.framework/Versions/A/ImageIO
0x0000000037003000 	/System/Library/PrivateFrameworks/Backup.framework/Versions/A/Backup
0x0000000037003000 	/usr/lib/libarchive.2.dylib
0x0000000037003000 	/System/Library/Frameworks/CFNetwork.framework/Versions/A/CFNetwork
0x0000000037003000 	/System/Library/Frameworks/SystemConfiguration.framework/Versions/A/SystemConfiguration
0x0000000037003000 	/usr/lib/libCRFSuite.dylib
0x0000000037003000 	/usr/lib/libc++.1.dylib
0x0000000037003000 	/usr/lib/libc++abi.dylib
0x0000000037003000 	/usr/lib/system/libcache.dylib
0x0000000037003000 	/usr/lib/system/libcommonCrypto.dylib
0x0000000037003000 	/usr/lib/system/libcompiler_rt.dylib
0x0000000037003000 	/usr/lib/system/libcopyfile.dylib
0x0000000037003000 	/usr/lib/system/libcorecrypto.dylib
0x0000000037003000 	/usr/lib/system/libdispatch.dylib
0x0000000037003000 	/usr/lib/system/libdyld.dylib
0x0000000037003000 	/usr/lib/system/libkeymgr.dylib
0x0000000037003000 	/usr/lib/system/liblaunch.dylib
0x0000000037003000 	/usr/lib/system/libmacho.dylib
0x0000000037003000 	/usr/lib/system/libquarantine.dylib
0x0000000037003000 	/usr/lib/system/libremovefile.dylib
0x0000000037003000 	/usr/lib/system/libsystem_asl.dylib
0x0000000037003000 	/usr/lib/system/libsystem_blocks.dylib
0x0000000037003000 	/usr/lib/system/libsystem_c.dylib
0x0000000037003000 	/usr/lib/system/libsystem_configuration.dylib
0x0000000037003000 	/usr/lib/system/libsystem_coreservices.dylib
0x0000000037003000 	/usr/lib/system/libsystem_coretls.dylib
0x0000000037003000 	/usr/lib/system/libsystem_dnssd.dylib
0x0000000037003000 	/usr/lib/system/libsystem_info.dylib
0x0000000037003000 	/usr/lib/system/libsystem_kernel.dylib
0x0000000037003000 	/usr/lib/system/libsystem_m.dylib
0x0000000037003000 	/usr/lib/system/libsystem_malloc.dylib
0x0000000037003000 	/usr/lib/system/libsystem_network.dylib
0x0000000037003000 	/usr/lib/system/libsystem_networkextension.dylib
0x0000000037003000 	/usr/lib/system/libsystem_notify.dylib
0x0000000037003000 	/usr/lib/system/libsystem_platform.dylib
0x0000000037003000 	/usr/lib/system/libsystem_pthread.dylib
0x0000000037003000 	/usr/lib/system/libsystem_sandbox.dylib
0x0000000037003000 	/usr/lib/system/libsystem_secinit.dylib
0x0000000037003000 	/usr/lib/system/libsystem_symptoms.dylib
0x0000000037003000 	/usr/lib/system/libsystem_trace.dylib
0x0000000037003000 	/usr/lib/system/libunwind.dylib
0x0000000037003000 	/usr/lib/system/libxpc.dylib
0x0000000037003000 	/usr/lib/libbsm.0.dylib
0x0000000037003000 	/usr/lib/system/libkxld.dylib
0x0000000037003000 	/usr/lib/libcoretls.dylib
0x0000000037003000 	/usr/lib/libcoretls_cfhelpers.dylib
0x0000000037003000 	/usr/lib/libOpenScriptingUtil.dylib
0x0000000037003000 	/usr/lib/libpam.2.dylib
0x0000000037003000 	/usr/lib/libsqlite3.dylib
0x0000000037003000 	/usr/lib/libxar.1.dylib
0x0000000037003000 	/usr/lib/libbz2.1.0.dylib
0x0000000037003000 	/usr/lib/liblzma.5.dylib
0x0000000037003000 	/usr/lib/libnetwork.dylib
0x0000000037003000 	/usr/lib/libpcap.A.dylib
0x0000000037003000 	/System/Library/Frameworks/CoreServices.framework/Versions/A/Frameworks/FSEvents.framework/Versions/A/FSEvents
0x0000000037003000 	/System/Library/Frameworks/CoreServices.framework/Versions/A/Frameworks/CarbonCore.framework/Versions/A/CarbonCore
0x0000000037003000 	/System/Library/Frameworks/CoreServices.framework/Versions/A/Frameworks/Metadata.framework/Versions/A/Metadata
0x0000000037003000 	/System/Library/Frameworks/CoreServices.framework/Versions/A/Frameworks/OSServices.framework/Versions/A/OSServices
0x0000000037003000 	/System/Library/Frameworks/CoreServices.framework/Versions/A/Frameworks/SearchKit.framework/Versions/A/SearchKit
0x0000000037003000 	/System/Library/Frameworks/CoreServices.framework/Versions/A/Frameworks/AE.framework/Versions/A/AE
0x0000000037003000 	/System/Library/Frameworks/CoreServices.framework/Versions/A/Frameworks/LaunchServices.framework/Versions/A/LaunchServices
0x0000000037003000 	/System/Library/Frameworks/CoreServices.framework/Versions/A/Frameworks/DictionaryServices.framework/Versions/A/DictionaryServices
0x0000000037003000 	/System/Library/Frameworks/CoreServices.framework/Versions/A/Frameworks/SharedFileList.framework/Versions/A/SharedFileList
0x0000000037003000 	/System/Library/Frameworks/NetFS.framework/Versions/A/NetFS
0x0000000037003000 	/System/Library/PrivateFrameworks/NetAuth.framework/Versions/A/NetAuth
0x0000000037003000 	/System/Library/PrivateFrameworks/login.framework/Versions/A/Frameworks/loginsupport.framework/Versions/A/loginsupport
0x0000000037003000 	/System/Library/PrivateFrameworks/TCC.framework/Versions/A/TCC
0x0000000037003000 	/usr/lib/libmecabra.dylib
0x0000000037003000 	/System/Library/Frameworks/ApplicationServices.framework/Versions/A/Frameworks/ATS.framework/Versions/A/ATS
0x0000000037003000 	/System/Library/Frameworks/ApplicationServices.framework/Versions/A/Frameworks/ColorSync.framework/Versions/A/ColorSync
0x0000000037003000 	/System/Library/Frameworks/ApplicationServices.framework/Versions/A/Frameworks/HIServices.framework/Versions/A/HIServices
0x0000000037003000 	/System/Library/Frameworks/ApplicationServices.framework/Versions/A/Frameworks/LangAnalysis.framework/Versions/A/LangAnalysis
0x0000000037003000 	/System/Library/Frameworks/ApplicationServices.framework/Versions/A/Frameworks/PrintCore.framework/Versions/A/PrintCore
0x0000000037003000 	/System/Library/Frameworks/ApplicationServices.framework/Versions/A/Frameworks/QD.framework/Versions/A/QD
0x0000000037003000 	/System/Library/Frameworks/ApplicationServices.framework/Versions/A/Frameworks/SpeechSynthesis.framework/Versions/A/SpeechSynthesis
0x0000000037003000 	/System/Library/Frameworks/Accelerate.framework/Versions/A/Frameworks/vImage.framework/Versions/A/vImage
0x0000000037003000 	/System/Library/Frameworks/Accelerate.framework/Versions/A/Frameworks/vecLib.framework/Versions/A/vecLib
0x0000000037003000 	/System/Library/Frameworks/Accelerate.framework/Versions/A/Frameworks/vecLib.framework/Versions/A/libvDSP.dylib
0x0000000037003000 	/System/Library/Frameworks/Accelerate.framework/Versions/A/Frameworks/vecLib.framework/Versions/A/libBNNS.dylib
0x0000000037003000 	/System/Library/Frameworks/Accelerate.framework/Versions/A/Frameworks/vecLib.framework/Versions/A/libQuadrature.dylib
0x0000000037003000 	/System/Library/Frameworks/Accelerate.framework/Versions/A/Frameworks/vecLib.framework/Versions/A/libvMisc.dylib
0x0000000037003000 	/System/Library/Frameworks/Accelerate.framework/Versions/A/Frameworks/vecLib.framework/Versions/A/libLAPACK.dylib
0x0000000037003000 	/System/Library/Frameworks/Accelerate.framework/Versions/A/Frameworks/vecLib.framework/Versions/A/libBLAS.dylib
0x0000000037003000 	/System/Library/Frameworks/Accelerate.framework/Versions/A/Frameworks/vecLib.framework/Versions/A/libLinearAlgebra.dylib
0x0000000037003000 	/System/Library/Frameworks/Accelerate.framework/Versions/A/Frameworks/vecLib.framework/Versions/A/libSparseBLAS.dylib
0x0000000037003000 	/System/Library/Frameworks/ApplicationServices.framework/Versions/A/Frameworks/ATS.framework/Versions/A/Resources/libFontParser.dylib
0x0000000037003000 	/System/Library/Frameworks/ApplicationServices.framework/Versions/A/Frameworks/ATS.framework/Versions/A/Resources/libFontRegistry.dylib
0x0000000037003000 	/System/Library/Frameworks/ImageIO.framework/Versions/A/Resources/libJPEG.dylib
0x0000000037003000 	/System/Library/Frameworks/ImageIO.framework/Versions/A/Resources/libTIFF.dylib
0x0000000037003000 	/System/Library/Frameworks/ImageIO.framework/Versions/A/Resources/libPng.dylib
0x0000000037003000 	/System/Library/Frameworks/ImageIO.framework/Versions/A/Resources/libGIF.dylib
0x0000000037003000 	/System/Library/Frameworks/ImageIO.framework/Versions/A/Resources/libJP2.dylib
0x0000000037003000 	/System/Library/Frameworks/ImageIO.framework/Versions/A/Resources/libRadiance.dylib
0x0000000037003000 	/usr/lib/libcompression.dylib
0x0000000037003000 	/System/Library/PrivateFrameworks/AppleJPEG.framework/Versions/A/AppleJPEG
0x0000000037003000 	/usr/lib/libcups.2.dylib
0x0000000037003000 	/System/Library/Frameworks/Kerberos.framework/Versions/A/Kerberos
0x0000000037003000 	/System/Library/Frameworks/GSS.framework/Versions/A/GSS
0x0000000037003000 	/usr/lib/libresolv.9.dylib
0x0000000037003000 	/usr/lib/libiconv.2.dylib
0x0000000037003000 	/System/Library/PrivateFrameworks/Heimdal.framework/Versions/A/Heimdal
0x0000000037003000 	/usr/lib/libheimdal-asn1.dylib
0x0000000037003000 	/System/Library/Frameworks/OpenDirectory.framework/Versions/A/OpenDirectory
0x0000000037003000 	/System/Library/PrivateFrameworks/CommonAuth.framework/Versions/A/CommonAuth
0x0000000037003000 	/System/Library/Frameworks/OpenDirectory.framework/Versions/A/Frameworks/CFOpenDirectory.framework/Versions/A/CFOpenDirectory
0x0000000037003000 	/System/Library/Frameworks/SecurityFoundation.framework/Versions/A/SecurityFoundation
0x0000000037003000 	/System/Library/PrivateFrameworks/LanguageModeling.framework/Versions/A/LanguageModeling
0x0000000037003000 	/usr/lib/libmarisa.dylib
0x0000000037003000 	/usr/lib/libChineseTokenizer.dylib
0x0000000037003000 	/usr/lib/libcmph.dylib
0x0000000037003000 	/System/Library/PrivateFrameworks/CoreEmoji.framework/Versions/A/CoreEmoji
0x0000000037003000 	/System/Library/Frameworks/ServiceManagement.framework/Versions/A/ServiceManagement
0x0000000037003000 	/usr/lib/libxslt.1.dylib
0x0000000037003000 	/System/Library/Frameworks/Carbon.framework/Versions/A/Frameworks/Ink.framework/Versions/A/Ink
0x0000000037003000 	/System/Library/PrivateFrameworks/TextureIO.framework/Versions/A/TextureIO
0x0000000037003000 	/System/Library/Frameworks/Metal.framework/Versions/A/Metal
0x0000000037003000 	/usr/lib/libate.dylib
0x0000000037003000 	/System/Library/PrivateFrameworks/GPUCompiler.framework/libmetal_timestamp.dylib
0x0000000037003000 	/System/Library/Frameworks/OpenGL.framework/Versions/A/Libraries/libCoreFSCache.dylib
0x0000000037003000 	/System/Library/PrivateFrameworks/IOAccelerator.framework/Versions/A/IOAccelerator
0x0000000037003000 	/System/Library/Frameworks/CoreVideo.framework/Versions/A/CoreVideo
0x0000000037003000 	/usr/lib/libFosl_dynamic.dylib
0x0000000037003000 	/System/Library/PrivateFrameworks/MetalPerformanceShaders.framework/Versions/A/MetalPerformanceShaders
0x0000000037003000 	/System/Library/PrivateFrameworks/FaceCore.framework/Versions/A/FaceCore
0x0000000037003000 	/System/Library/Frameworks/OpenCL.framework/Versions/A/OpenCL
0x0000000037003000 	/System/Library/Frameworks/OpenGL.framework/Versions/A/Libraries/libGLU.dylib
0x0000000037003000 	/System/Library/Frameworks/OpenGL.framework/Versions/A/Libraries/libGFXShared.dylib
0x0000000037003000 	/System/Library/Frameworks/OpenGL.framework/Versions/A/Libraries/libGL.dylib
0x0000000037003000 	/System/Library/Frameworks/OpenGL.framework/Versions/A/Libraries/libGLImage.dylib
0x0000000037003000 	/System/Library/Frameworks/OpenGL.framework/Versions/A/Libraries/libCVMSPluginSupport.dylib
0x0000000037003000 	/System/Library/Frameworks/OpenGL.framework/Versions/A/Libraries/libCoreVMClient.dylib
0x0000000037003000 	/System/Library/PrivateFrameworks/CrashReporterSupport.framework/Versions/A/CrashReporterSupport
0x0000000037003000 	/System/Library/PrivateFrameworks/Sharing.framework/Versions/A/Sharing
0x0000000037003000 	/System/Library/PrivateFrameworks/IconServices.framework/Versions/A/IconServices
0x0000000037003000 	/System/Library/PrivateFrameworks/ProtocolBuffer.framework/Versions/A/ProtocolBuffer
0x0000000037003000 	/System/Library/PrivateFrameworks/Apple80211.framework/Versions/A/Apple80211
0x0000000037003000 	/System/Library/Frameworks/CoreWLAN.framework/Versions/A/CoreWLAN
0x0000000037003000 	/System/Library/PrivateFrameworks/CoreUtils.framework/Versions/A/CoreUtils
0x0000000037003000 	/System/Library/Frameworks/IOBluetooth.framework/Versions/A/IOBluetooth
0x0000000037003000 	/System/Library/PrivateFrameworks/CoreWiFi.framework/Versions/A/CoreWiFi
0x0000000037003000 	/System/Library/Frameworks/CoreBluetooth.framework/Versions/A/CoreBluetooth
0x0000000037003000 	/System/Library/Frameworks/CoreDisplay.framework/Versions/A/CoreDisplay
0x0000000037003000 	/System/Library/PrivateFrameworks/IOPresentment.framework/Versions/A/IOPresentment
0x0000000037003000 	/System/Library/PrivateFrameworks/DSExternalDisplay.framework/Versions/A/DSExternalDisplay
0x0000000037003000 	/System/Library/PrivateFrameworks/DebugSymbols.framework/Versions/A/DebugSymbols
0x0000000037003000 	/System/Library/PrivateFrameworks/CoreSymbolication.framework/Versions/A/CoreSymbolication
0x0000000037003000 	/System/Library/PrivateFrameworks/Symbolication.framework/Versions/A/Symbolication
0x0000000037003000 	/System/Library/PrivateFrameworks/AppleFSCompression.framework/Versions/A/AppleFSCompression
0x0000000037003000 	/System/Library/PrivateFrameworks/SpeechRecognitionCore.framework/Versions/A/SpeechRecognitionCore
0x0000000037003000 	/System/Library/PrivateFrameworks/ChunkingLibrary.framework/Versions/A/ChunkingLibrary
0x000000010c600000 	/Library/Java/JavaVirtualMachines/jdk1.8.0_141.jdk/Contents/Home/jre/lib/server/libjvm.dylib
0x0000000037003000 	/usr/lib/libstdc++.6.dylib
0x000000010bc18000 	/Library/Java/JavaVirtualMachines/jdk1.8.0_141.jdk/Contents/Home/jre/lib/libverify.dylib
0x000000010bc26000 	/Library/Java/JavaVirtualMachines/jdk1.8.0_141.jdk/Contents/Home/jre/lib/libjava.dylib
0x000000010bc65000 	/Library/Java/JavaVirtualMachines/jdk1.8.0_141.jdk/Contents/Home/jre/lib/libzip.dylib
0x000000010bde1000 	/System/Library/Frameworks/JavaVM.framework/Frameworks/JavaRuntimeSupport.framework/JavaRuntimeSupport
0x0000000113d99000 	/System/Library/Frameworks/JavaVM.framework/Versions/A/Frameworks/JavaNativeFoundation.framework/Versions/A/JavaNativeFoundation
0x0000000113dae000 	/System/Library/Frameworks/JavaVM.framework/Versions/A/JavaVM
0x0000000037003000 	/System/Library/Frameworks/Carbon.framework/Versions/A/Carbon
0x0000000113dbb000 	/System/Library/PrivateFrameworks/JavaLaunching.framework/Versions/A/JavaLaunching
0x0000000037003000 	/System/Library/Frameworks/Carbon.framework/Versions/A/Frameworks/CommonPanels.framework/Versions/A/CommonPanels
0x0000000037003000 	/System/Library/Frameworks/Carbon.framework/Versions/A/Frameworks/Help.framework/Versions/A/Help
0x0000000037003000 	/System/Library/Frameworks/Carbon.framework/Versions/A/Frameworks/ImageCapture.framework/Versions/A/ImageCapture
0x0000000037003000 	/System/Library/Frameworks/Carbon.framework/Versions/A/Frameworks/OpenScripting.framework/Versions/A/OpenScripting
0x0000000037003000 	/System/Library/Frameworks/Carbon.framework/Versions/A/Frameworks/Print.framework/Versions/A/Print
0x0000000037003000 	/System/Library/Frameworks/Carbon.framework/Versions/A/Frameworks/SecurityHI.framework/Versions/A/SecurityHI
0x0000000115722000 	/Library/Java/JavaVirtualMachines/jdk1.8.0_141.jdk/Contents/Home/jre/lib/libawt.dylib
0x00000001157ca000 	/Library/Java/JavaVirtualMachines/jdk1.8.0_141.jdk/Contents/Home/jre/lib/./libmlib_image.dylib
0x0000000115896000 	/Library/Java/JavaVirtualMachines/jdk1.8.0_141.jdk/Contents/Home/jre/lib/libawt_lwawt.dylib
0x000000011594d000 	/Library/Java/JavaVirtualMachines/jdk1.8.0_141.jdk/Contents/Home/jre/lib/./libosxapp.dylib
0x0000000037003000 	/System/Library/Frameworks/ExceptionHandling.framework/Versions/A/ExceptionHandling
0x0000000037003000 	/System/Library/PrivateFrameworks/CoreServicesInternal.framework/Versions/A/CoreServicesInternal
0x0000000037003000 	/System/Library/CoreServices/RawCamera.bundle/Contents/MacOS/RawCamera
0x0000000037003000 	/System/Library/Frameworks/Accelerate.framework/Versions/A/Frameworks/vImage.framework/Versions/A/Libraries/libCGInterfaces.dylib
0x0000000037003000 	/System/Library/Frameworks/ApplicationServices.framework/Versions/A/Frameworks/ATS.framework/Versions/A/Resources/libTrueTypeScaler.dylib
0x0000000117a1b000 	/System/Library/Frameworks/OpenGL.framework/Resources/GLEngine.bundle/GLEngine
0x0000000037003000 	/System/Library/Frameworks/OpenGL.framework/Versions/A/Libraries/libGLProgrammability.dylib
0x0000000117c00000 	/System/Library/Extensions/AppleIntelHD5000GraphicsGLDriver.bundle/Contents/MacOS/AppleIntelHD5000GraphicsGLDriver
0x0000000037003000 	/System/Library/PrivateFrameworks/GPUSupport.framework/Versions/A/Libraries/libGPUSupportMercury.dylib
0x00000001168b2000 	/System/Library/Frameworks/OpenGL.framework/Resources//GLRendererFloat.bundle/GLRendererFloat
0x0000000037003000 	/System/Library/Frameworks/OpenCL.framework/Versions/A/Libraries/libcldcpuengine.dylib
0x0000000037003000 	/usr/lib/libcrypto.0.9.8.dylib
0x0000000037003000 	/System/Library/PrivateFrameworks/TrustEvaluationAgent.framework/Versions/A/TrustEvaluationAgent
0x000000011836e000 	/System/Library/Extensions/AppleIntelHD5000GraphicsMTLDriver.bundle/Contents/MacOS/AppleIntelHD5000GraphicsMTLDriver
0x0000000037003000 	/System/Library/PrivateFrameworks/FamilyControls.framework/Versions/A/FamilyControls
0x0000000037003000 	/System/Library/PrivateFrameworks/CommerceKit.framework/Versions/A/Frameworks/CommerceCore.framework/Versions/A/CommerceCore
0x0000000037003000 	/System/Library/PrivateFrameworks/SystemAdministration.framework/Versions/A/SystemAdministration
0x0000000037003000 	/System/Library/PrivateFrameworks/AppContainer.framework/Versions/A/AppContainer
0x0000000037003000 	/System/Library/PrivateFrameworks/SecCodeWrapper.framework/Versions/A/SecCodeWrapper
0x0000000037003000 	/System/Library/Frameworks/DirectoryService.framework/Versions/A/DirectoryService
0x0000000037003000 	/System/Library/PrivateFrameworks/DiskImages.framework/Versions/A/DiskImages
0x0000000037003000 	/System/Library/PrivateFrameworks/LoginUIKit.framework/Versions/A/Frameworks/LoginUICore.framework/Versions/A/LoginUICore
0x0000000037003000 	/usr/lib/libCoreStorage.dylib
0x0000000037003000 	/usr/lib/libcsfde.dylib
0x0000000037003000 	/usr/lib/libodfde.dylib
0x0000000037003000 	/System/Library/Frameworks/DiscRecording.framework/Versions/A/DiscRecording
0x0000000037003000 	/usr/lib/libcurl.4.dylib
0x0000000037003000 	/System/Library/PrivateFrameworks/MediaKit.framework/Versions/A/MediaKit
0x0000000037003000 	/System/Library/PrivateFrameworks/ProtectedCloudStorage.framework/Versions/A/ProtectedCloudStorage
0x0000000037003000 	/System/Library/PrivateFrameworks/EFILogin.framework/Versions/A/EFILogin
0x0000000037003000 	/usr/lib/libutil.dylib
0x0000000037003000 	/System/Library/Frameworks/LDAP.framework/Versions/A/LDAP
0x0000000037003000 	/usr/lib/libsasl2.2.dylib
0x0000000037003000 	/System/Library/PrivateFrameworks/CoreDaemon.framework/Versions/B/CoreDaemon
0x0000000037003000 	/System/Library/PrivateFrameworks/AppleSRP.framework/Versions/A/AppleSRP
0x0000000037003000 	/System/Library/PrivateFrameworks/APFS.framework/Versions/A/APFS
0x0000000118698000 	/Library/Java/JavaVirtualMachines/jdk1.8.0_141.jdk/Contents/Home/jre/lib/libfontmanager.dylib
0x00000001186ff000 	/Users/Har/Desktop/SWEN-Proj1/lib/liblwjgl.dylib
0x00000001162c5000 	/Library/Java/JavaVirtualMachines/jdk1.8.0_141.jdk/Contents/Home/jre/lib/libjawt.dylib
0x0000000037003000 	/System/Library/PrivateFrameworks/ViewBridge.framework/Versions/A/ViewBridge
0x0000000037003000 	/System/Library/PrivateFrameworks/XPCService.framework/Versions/A/XPCService
0x0000000037003000 	/System/Library/PrivateFrameworks/AppSandbox.framework/Versions/A/AppSandbox
0x0000000037003000 	/usr/lib/libsandbox.1.dylib
0x0000000037003000 	/usr/lib/libMatch.1.dylib
0x00000001169c2000 	/Users/Har/Desktop/SWEN-Proj1/lib/libjinput-osx.dylib
0x000000012a007000 	/System/Library/Extensions/IOHIDFamily.kext/Contents/PlugIns/IOHIDLib.plugin/Contents/MacOS/IOHIDLib

VM Arguments:
jvm_args: -Djava.library.path=/Users/Har/Desktop/SWEN-Proj1/lib -Dfile.encoding=UTF-8 
java_command: App
java_class_path (initial): /Users/Har/Desktop/SWEN-Proj1/bin:/Users/Har/Desktop/SWEN-Proj1/lib/jinput.jar:/Users/Har/Desktop/SWEN-Proj1/lib/lwjgl.jar:/Users/Har/Desktop/SWEN-Proj1/lib/slick.jar
Launcher Type: SUN_STANDARD

Environment Variables:
PATH=/usr/bin:/bin:/usr/sbin:/sbin
SHELL=/bin/bash

Signal Handlers:
SIGSEGV: [libjvm.dylib+0x5b26e5], sa_mask[0]=11111111011111110111111111111111, sa_flags=SA_ONSTACK|SA_RESTART|SA_SIGINFO
SIGBUS: [libjvm.dylib+0x5b26e5], sa_mask[0]=11111111011111110111111111111111, sa_flags=SA_RESTART|SA_SIGINFO
SIGFPE: [libjvm.dylib+0x489100], sa_mask[0]=11111111011111110111111111111111, sa_flags=SA_RESTART|SA_SIGINFO
SIGPIPE: [libjvm.dylib+0x489100], sa_mask[0]=11111111011111110111111111111111, sa_flags=SA_RESTART|SA_SIGINFO
SIGXFSZ: [libjvm.dylib+0x489100], sa_mask[0]=11111111011111110111111111111111, sa_flags=SA_RESTART|SA_SIGINFO
SIGILL: [libjvm.dylib+0x489100], sa_mask[0]=11111111011111110111111111111111, sa_flags=SA_RESTART|SA_SIGINFO
SIGUSR1: SIG_DFL, sa_mask[0]=00000000000000000000000000000000, sa_flags=none
SIGUSR2: [libjvm.dylib+0x488c1e], sa_mask[0]=00100000000000000000000000000000, sa_flags=SA_RESTART|SA_SIGINFO
SIGHUP: [libjvm.dylib+0x4871f5], sa_mask[0]=11111111011111110111111111111111, sa_flags=SA_RESTART|SA_SIGINFO
SIGINT: [libjvm.dylib+0x4871f5], sa_mask[0]=11111111011111110111111111111111, sa_flags=SA_RESTART|SA_SIGINFO
SIGTERM: [libjvm.dylib+0x4871f5], sa_mask[0]=11111111011111110111111111111111, sa_flags=SA_RESTART|SA_SIGINFO
SIGQUIT: [libjvm.dylib+0x4871f5], sa_mask[0]=11111111011111110111111111111111, sa_flags=SA_RESTART|SA_SIGINFO


---------------  S Y S T E M  ---------------

OS:Bsduname:Darwin 16.7.0 Darwin Kernel Version 16.7.0: Thu Jun 15 17:36:27 PDT 2017; root:xnu-3789.70.16~2/RELEASE_X86_64 x86_64
rlimit: STACK 8192k, CORE 0k, NPROC 709, NOFILE 10240, AS infinity
load average:1.87 1.65 1.60

CPU:total 4 (initial active 4) (2 cores per cpu, 2 threads per core) family 6 model 69 stepping 1, cmov, cx8, fxsr, mmx, sse, sse2, sse3, ssse3, sse4.1, sse4.2, popcnt, avx, avx2, aes, clmul, erms, lzcnt, ht, tsc, tscinvbit, bmi1, bmi2

Memory: 4k page, physical 8388608k(102856k free)

/proc/meminfo:


vm_info: Java HotSpot(TM) 64-Bit Server VM (25.141-b15) for bsd-amd64 JRE (1.8.0_141-b15), built on Jul 12 2017 04:35:23 by "java_re" with gcc 4.2.1 (Based on Apple Inc. build 5658) (LLVM build 2336.11.00)

time: Fri Oct 13 17:36:23 2017
elapsed time: 4 seconds (0d 0h 0m 4s)

